[ 2017-08-24T14:28:40+08:00 ] ::1 /lplive/index.php/Home/Index/index
INFO: [ app_init ] --START--
INFO: Run Behavior\BuildLiteBehavior [ RunTime:0.000021s ]
INFO: [ app_init ] --END-- [ RunTime:0.000460s ]

[ 2017-08-24T14:28:40+08:00 ] ::1 /lplive/index.php/Home/Index/IMG/hot_picture.png
INFO: [ app_init ] --START--
INFO: Run Behavior\BuildLiteBehavior [ RunTime:0.000023s ]
INFO: [ app_init ] --END-- [ RunTime:0.000472s ]

[ 2017-08-24T14:28:42+08:00 ] ::1 /lplive/index.php/Home/Login/login
INFO: [ app_init ] --START--
INFO: Run Behavior\BuildLiteBehavior [ RunTime:0.000024s ]
INFO: [ app_init ] --END-- [ RunTime:0.000531s ]

[ 2017-08-24T14:28:42+08:00 ] ::1 /lplive/index.php/Home/verify/verify
INFO: [ app_init ] --START--
INFO: Run Behavior\BuildLiteBehavior [ RunTime:0.000024s ]
INFO: [ app_init ] --END-- [ RunTime:0.000469s ]

[ 2017-08-24T14:28:52+08:00 ] ::1 /lplive/index.php/Home/verify/verify?1503556132149
INFO: [ app_init ] --START--
INFO: Run Behavior\BuildLiteBehavior [ RunTime:0.000023s ]
INFO: [ app_init ] --END-- [ RunTime:0.000446s ]

[ 2017-08-24T14:28:52+08:00 ] ::1 /lplive/index.php/Home/verify/verify?1503556132477
INFO: [ app_init ] --START--
INFO: Run Behavior\BuildLiteBehavior [ RunTime:0.000037s ]
INFO: [ app_init ] --END-- [ RunTime:0.000731s ]

[ 2017-08-24T14:28:54+08:00 ] ::1 /lplive/index.php/Home/verify/verify?1503556134005
INFO: [ app_init ] --START--
INFO: Run Behavior\BuildLiteBehavior [ RunTime:0.000026s ]
INFO: [ app_init ] --END-- [ RunTime:0.000449s ]

[ 2017-08-24T14:28:56+08:00 ] ::1 /lplive/index.php/Home/Login/checkCode
INFO: [ app_init ] --START--
INFO: Run Behavior\BuildLiteBehavior [ RunTime:0.000025s ]
INFO: [ app_init ] --END-- [ RunTime:0.000456s ]
INFO: [ app_begin ] --START--
INFO: Run Behavior\ReadHtmlCacheBehavior [ RunTime:0.000580s ]
INFO: [ app_begin ] --END-- [ RunTime:0.000677s ]
NOTIC: [8] Use of undefined constant ture - assumed 'ture' H:\wamp64\www\lplive\Application\Common\Common\function.php 第 22 行.

[ 2017-08-24T14:28:57+08:00 ] ::1 /lplive/index.php/Home/Login/loginUser
INFO: [ app_init ] --START--
INFO: Run Behavior\BuildLiteBehavior [ RunTime:0.000021s ]
INFO: [ app_init ] --END-- [ RunTime:0.000441s ]
INFO: [ app_begin ] --START--
INFO: Run Behavior\ReadHtmlCacheBehavior [ RunTime:0.000588s ]
INFO: [ app_begin ] --END-- [ RunTime:0.000675s ]
SQL: SHOW COLUMNS FROM `think_lp_user` [ RunTime:0.0346s ]
NOTIC: [8] Use of undefined constant ture - assumed 'ture' H:\wamp64\www\lplive\Application\Common\Common\function.php 第 22 行.
SQL: SELECT * FROM `think_lp_user` WHERE `uphone` = '15502810509' OR `uemail` = '15502810509' LIMIT 1   [ RunTime:0.0108s ]
SQL: UPDATE `think_lp_user` SET `logintime`='2017-08-24 14:28:57' WHERE `uid` = '1502541973' [ RunTime:0.0003s ]
SQL: SELECT * FROM `think_lp_user` WHERE `uid` = '1502541973' LIMIT 1   [ RunTime:0.0002s ]

[ 2017-08-24T14:29:02+08:00 ] ::1 /lplive/index.php/Home/Login/loginUser
INFO: [ app_init ] --START--
INFO: Run Behavior\BuildLiteBehavior [ RunTime:0.000028s ]
INFO: [ app_init ] --END-- [ RunTime:0.000466s ]
INFO: [ app_begin ] --START--
INFO: Run Behavior\ReadHtmlCacheBehavior [ RunTime:0.000563s ]
INFO: [ app_begin ] --END-- [ RunTime:0.000652s ]
SQL: SHOW COLUMNS FROM `think_lp_user` [ RunTime:0.0007s ]
NOTIC: [8] Use of undefined constant ture - assumed 'ture' H:\wamp64\www\lplive\Application\Common\Common\function.php 第 22 行.
SQL: SELECT * FROM `think_lp_user` WHERE `uphone` = '15502810509' OR `uemail` = '15502810509' LIMIT 1   [ RunTime:0.0003s ]
SQL: UPDATE `think_lp_user` SET `logintime`='2017-08-24 14:29:02' WHERE `uid` = '1502541973' [ RunTime:0.0003s ]
SQL: SELECT * FROM `think_lp_user` WHERE `uid` = '1502541973' LIMIT 1   [ RunTime:0.0002s ]

[ 2017-08-24T14:29:05+08:00 ] ::1 /lplive/index.php/Home/Login/loginUser
INFO: [ app_init ] --START--
INFO: Run Behavior\BuildLiteBehavior [ RunTime:0.000022s ]
INFO: [ app_init ] --END-- [ RunTime:0.000441s ]
INFO: [ app_begin ] --START--
INFO: Run Behavior\ReadHtmlCacheBehavior [ RunTime:0.000559s ]
INFO: [ app_begin ] --END-- [ RunTime:0.000649s ]
SQL: SHOW COLUMNS FROM `think_lp_user` [ RunTime:0.0007s ]
NOTIC: [8] Use of undefined constant ture - assumed 'ture' H:\wamp64\www\lplive\Application\Common\Common\function.php 第 22 行.
SQL: SELECT * FROM `think_lp_user` WHERE `uphone` = '15502810509' OR `uemail` = '15502810509' LIMIT 1   [ RunTime:0.0003s ]
SQL: UPDATE `think_lp_user` SET `logintime`='2017-08-24 14:29:05' WHERE `uid` = '1502541973' [ RunTime:0.0003s ]
SQL: SELECT * FROM `think_lp_user` WHERE `uid` = '1502541973' LIMIT 1   [ RunTime:0.0002s ]

[ 2017-08-24T14:29:05+08:00 ] ::1 /lplive/index.php/Home/Login/loginUser
INFO: [ app_init ] --START--
INFO: Run Behavior\BuildLiteBehavior [ RunTime:0.000022s ]
INFO: [ app_init ] --END-- [ RunTime:0.000459s ]
INFO: [ app_begin ] --START--
INFO: Run Behavior\ReadHtmlCacheBehavior [ RunTime:0.000564s ]
INFO: [ app_begin ] --END-- [ RunTime:0.000651s ]
SQL: SHOW COLUMNS FROM `think_lp_user` [ RunTime:0.0007s ]
NOTIC: [8] Use of undefined constant ture - assumed 'ture' H:\wamp64\www\lplive\Application\Common\Common\function.php 第 22 行.
SQL: SELECT * FROM `think_lp_user` WHERE `uphone` = '15502810509' OR `uemail` = '15502810509' LIMIT 1   [ RunTime:0.0003s ]
SQL: UPDATE `think_lp_user` SET `logintime`='2017-08-24 14:29:05' WHERE `uid` = '1502541973' [ RunTime:0.0002s ]
SQL: SELECT * FROM `think_lp_user` WHERE `uid` = '1502541973' LIMIT 1   [ RunTime:0.0002s ]

[ 2017-08-24T14:29:05+08:00 ] ::1 /lplive/index.php/Home/Login/loginUser
INFO: [ app_init ] --START--
INFO: Run Behavior\BuildLiteBehavior [ RunTime:0.000022s ]
INFO: [ app_init ] --END-- [ RunTime:0.000437s ]
INFO: [ app_begin ] --START--
INFO: Run Behavior\ReadHtmlCacheBehavior [ RunTime:0.000569s ]
INFO: [ app_begin ] --END-- [ RunTime:0.000662s ]
SQL: SHOW COLUMNS FROM `think_lp_user` [ RunTime:0.0006s ]
NOTIC: [8] Use of undefined constant ture - assumed 'ture' H:\wamp64\www\lplive\Application\Common\Common\function.php 第 22 行.
SQL: SELECT * FROM `think_lp_user` WHERE `uphone` = '15502810509' OR `uemail` = '15502810509' LIMIT 1   [ RunTime:0.0002s ]
SQL: UPDATE `think_lp_user` SET `logintime`='2017-08-24 14:29:05' WHERE `uid` = '1502541973' [ RunTime:0.0002s ]
SQL: SELECT * FROM `think_lp_user` WHERE `uid` = '1502541973' LIMIT 1   [ RunTime:0.0002s ]

[ 2017-08-24T14:29:05+08:00 ] ::1 /lplive/index.php/Home/Login/loginUser
INFO: [ app_init ] --START--
INFO: Run Behavior\BuildLiteBehavior [ RunTime:0.000045s ]
INFO: [ app_init ] --END-- [ RunTime:0.000693s ]
INFO: [ app_begin ] --START--
INFO: Run Behavior\ReadHtmlCacheBehavior [ RunTime:0.000564s ]
INFO: [ app_begin ] --END-- [ RunTime:0.000655s ]
SQL: SHOW COLUMNS FROM `think_lp_user` [ RunTime:0.0007s ]
NOTIC: [8] Use of undefined constant ture - assumed 'ture' H:\wamp64\www\lplive\Application\Common\Common\function.php 第 22 行.
SQL: SELECT * FROM `think_lp_user` WHERE `uphone` = '15502810509' OR `uemail` = '15502810509' LIMIT 1   [ RunTime:0.0003s ]
SQL: UPDATE `think_lp_user` SET `logintime`='2017-08-24 14:29:05' WHERE `uid` = '1502541973' [ RunTime:0.0002s ]
SQL: SELECT * FROM `think_lp_user` WHERE `uid` = '1502541973' LIMIT 1   [ RunTime:0.0002s ]

[ 2017-08-24T14:29:06+08:00 ] ::1 /lplive/index.php/Home/Login/loginUser
INFO: [ app_init ] --START--
INFO: Run Behavior\BuildLiteBehavior [ RunTime:0.000023s ]
INFO: [ app_init ] --END-- [ RunTime:0.000445s ]
INFO: [ app_begin ] --START--
INFO: Run Behavior\ReadHtmlCacheBehavior [ RunTime:0.000558s ]
INFO: [ app_begin ] --END-- [ RunTime:0.000648s ]
SQL: SHOW COLUMNS FROM `think_lp_user` [ RunTime:0.0007s ]
NOTIC: [8] Use of undefined constant ture - assumed 'ture' H:\wamp64\www\lplive\Application\Common\Common\function.php 第 22 行.
SQL: SELECT * FROM `think_lp_user` WHERE `uphone` = '15502810509' OR `uemail` = '15502810509' LIMIT 1   [ RunTime:0.0003s ]
SQL: UPDATE `think_lp_user` SET `logintime`='2017-08-24 14:29:06' WHERE `uid` = '1502541973' [ RunTime:0.0002s ]
SQL: SELECT * FROM `think_lp_user` WHERE `uid` = '1502541973' LIMIT 1   [ RunTime:0.0002s ]

[ 2017-08-24T14:29:06+08:00 ] ::1 /lplive/index.php/Home/Login/loginUser
INFO: [ app_init ] --START--
INFO: Run Behavior\BuildLiteBehavior [ RunTime:0.000022s ]
INFO: [ app_init ] --END-- [ RunTime:0.000445s ]
INFO: [ app_begin ] --START--
INFO: Run Behavior\ReadHtmlCacheBehavior [ RunTime:0.000558s ]
INFO: [ app_begin ] --END-- [ RunTime:0.000647s ]
SQL: SHOW COLUMNS FROM `think_lp_user` [ RunTime:0.0006s ]
NOTIC: [8] Use of undefined constant ture - assumed 'ture' H:\wamp64\www\lplive\Application\Common\Common\function.php 第 22 行.
SQL: SELECT * FROM `think_lp_user` WHERE `uphone` = '15502810509' OR `uemail` = '15502810509' LIMIT 1   [ RunTime:0.0003s ]
SQL: UPDATE `think_lp_user` SET `logintime`='2017-08-24 14:29:06' WHERE `uid` = '1502541973' [ RunTime:0.0002s ]
SQL: SELECT * FROM `think_lp_user` WHERE `uid` = '1502541973' LIMIT 1   [ RunTime:0.0002s ]

[ 2017-08-24T14:29:06+08:00 ] ::1 /lplive/index.php/Home/Login/loginUser
INFO: [ app_init ] --START--
INFO: Run Behavior\BuildLiteBehavior [ RunTime:0.000021s ]
INFO: [ app_init ] --END-- [ RunTime:0.000454s ]
INFO: [ app_begin ] --START--
INFO: Run Behavior\ReadHtmlCacheBehavior [ RunTime:0.000555s ]
INFO: [ app_begin ] --END-- [ RunTime:0.000645s ]
SQL: SHOW COLUMNS FROM `think_lp_user` [ RunTime:0.0007s ]
NOTIC: [8] Use of undefined constant ture - assumed 'ture' H:\wamp64\www\lplive\Application\Common\Common\function.php 第 22 行.
SQL: SELECT * FROM `think_lp_user` WHERE `uphone` = '15502810509' OR `uemail` = '15502810509' LIMIT 1   [ RunTime:0.0002s ]
SQL: UPDATE `think_lp_user` SET `logintime`='2017-08-24 14:29:06' WHERE `uid` = '1502541973' [ RunTime:0.0002s ]
SQL: SELECT * FROM `think_lp_user` WHERE `uid` = '1502541973' LIMIT 1   [ RunTime:0.0002s ]

[ 2017-08-24T14:29:16+08:00 ] ::1 /lplive/index.php/Home/Login/loginUser
INFO: [ app_init ] --START--
INFO: Run Behavior\BuildLiteBehavior [ RunTime:0.000023s ]
INFO: [ app_init ] --END-- [ RunTime:0.000455s ]
INFO: [ app_begin ] --START--
INFO: Run Behavior\ReadHtmlCacheBehavior [ RunTime:0.000564s ]
INFO: [ app_begin ] --END-- [ RunTime:0.000656s ]
SQL: SHOW COLUMNS FROM `think_lp_user` [ RunTime:0.0007s ]
NOTIC: [8] Use of undefined constant ture - assumed 'ture' H:\wamp64\www\lplive\Application\Common\Common\function.php 第 22 行.
SQL: SELECT * FROM `think_lp_user` WHERE `uphone` = '15502810509' OR `uemail` = '15502810509' LIMIT 1   [ RunTime:0.0003s ]
SQL: UPDATE `think_lp_user` SET `logintime`='2017-08-24 14:29:16' WHERE `uid` = '1502541973' [ RunTime:0.0002s ]
SQL: SELECT * FROM `think_lp_user` WHERE `uid` = '1502541973' LIMIT 1   [ RunTime:0.0002s ]

[ 2017-08-24T14:29:42+08:00 ] ::1 /lplive/index.php/Home/Login/loginUser
INFO: [ app_init ] --START--
INFO: Run Behavior\BuildLiteBehavior [ RunTime:0.000024s ]
INFO: [ app_init ] --END-- [ RunTime:0.000474s ]
INFO: [ app_begin ] --START--
INFO: Run Behavior\ReadHtmlCacheBehavior [ RunTime:0.000685s ]
INFO: [ app_begin ] --END-- [ RunTime:0.000805s ]
SQL: SHOW COLUMNS FROM `think_lp_user` [ RunTime:0.0007s ]
NOTIC: [8] Use of undefined constant ture - assumed 'ture' H:\wamp64\www\lplive\Application\Common\Common\function.php 第 22 行.
SQL: SELECT * FROM `think_lp_user` WHERE `uphone` = '15502810509' OR `uemail` = '15502810509' LIMIT 1   [ RunTime:0.0003s ]
SQL: UPDATE `think_lp_user` SET `logintime`='2017-08-24 14:29:42' WHERE `uid` = '1502541973' [ RunTime:0.0002s ]
SQL: SELECT * FROM `think_lp_user` WHERE `uid` = '1502541973' LIMIT 1   [ RunTime:0.0002s ]

[ 2017-08-24T14:29:42+08:00 ] ::1 /lplive/index.php/Home/Index/index
INFO: [ app_init ] --START--
INFO: Run Behavior\BuildLiteBehavior [ RunTime:0.000025s ]
INFO: [ app_init ] --END-- [ RunTime:0.000532s ]

[ 2017-08-24T14:29:42+08:00 ] ::1 /lplive/index.php/Home/Index/IMG/hot_picture.png
INFO: [ app_init ] --START--
INFO: Run Behavior\BuildLiteBehavior [ RunTime:0.000046s ]
INFO: [ app_init ] --END-- [ RunTime:0.000803s ]

[ 2017-08-24T14:29:46+08:00 ] ::1 /lplive/index.php/Home/Information/userInformation
INFO: [ app_init ] --START--
INFO: Run Behavior\BuildLiteBehavior [ RunTime:0.000025s ]
INFO: [ app_init ] --END-- [ RunTime:0.000479s ]

[ 2017-08-24T14:29:49+08:00 ] ::1 /lplive/index.php/Home/Information/saveInformation
INFO: [ app_init ] --START--
INFO: Run Behavior\BuildLiteBehavior [ RunTime:0.000023s ]
INFO: [ app_init ] --END-- [ RunTime:0.000466s ]

[ 2017-08-24T15:18:03+08:00 ] ::1 /lplive/index.php/Home/Information/saveInformation
INFO: [ app_init ] --START--
INFO: Run Behavior\BuildLiteBehavior [ RunTime:0.000022s ]
INFO: [ app_init ] --END-- [ RunTime:0.000471s ]

[ 2017-08-24T18:28:27+08:00 ] ::1 /lplive/index.php/Home/Index/cancel
INFO: [ app_init ] --START--
INFO: Run Behavior\BuildLiteBehavior [ RunTime:0.000022s ]
INFO: [ app_init ] --END-- [ RunTime:0.000458s ]
INFO: [ app_begin ] --START--
INFO: Run Behavior\ReadHtmlCacheBehavior [ RunTime:0.000898s ]
INFO: [ app_begin ] --END-- [ RunTime:0.001006s ]
INFO: [ view_parse ] --START--
INFO: [ template_filter ] --START--
INFO: Run Behavior\ContentReplaceBehavior [ RunTime:0.000121s ]
INFO: [ template_filter ] --END-- [ RunTime:0.000292s ]
INFO: Run Behavior\ParseTemplateBehavior [ RunTime:0.015384s ]
INFO: [ view_parse ] --END-- [ RunTime:0.015493s ]
INFO: [ view_filter ] --START--
INFO: Run Behavior\WriteHtmlCacheBehavior [ RunTime:0.000907s ]
INFO: [ view_filter ] --END-- [ RunTime:0.000999s ]
INFO: [ view_parse ] --START--
INFO: [ template_filter ] --START--
INFO: Run Behavior\ContentReplaceBehavior [ RunTime:0.000059s ]
INFO: [ template_filter ] --END-- [ RunTime:-0.018232s ]
INFO: Run Behavior\ParseTemplateBehavior [ RunTime:0.016165s ]
INFO: [ view_parse ] --END-- [ RunTime:-0.001546s ]
INFO: [ view_filter ] --START--
INFO: Run Behavior\WriteHtmlCacheBehavior [ RunTime:0.000047s ]
INFO: [ view_filter ] --END-- [ RunTime:-0.016918s ]

[ 2017-08-24T18:28:27+08:00 ] ::1 /lplive/index.php/Home/Information/saveInformation
INFO: [ app_init ] --START--
INFO: Run Behavior\BuildLiteBehavior [ RunTime:0.000022s ]
INFO: [ app_init ] --END-- [ RunTime:0.000492s ]

[ 2017-08-24T18:28:27+08:00 ] ::1 /lplive/index.php/Home/Login/login
INFO: [ app_init ] --START--
INFO: Run Behavior\BuildLiteBehavior [ RunTime:0.000023s ]
INFO: [ app_init ] --END-- [ RunTime:0.000489s ]

[ 2017-08-24T18:28:27+08:00 ] ::1 /lplive/index.php/Home/verify/verify
INFO: [ app_init ] --START--
INFO: Run Behavior\BuildLiteBehavior [ RunTime:0.000048s ]
INFO: [ app_init ] --END-- [ RunTime:0.001029s ]

[ 2017-08-24T18:28:28+08:00 ] ::1 /lplive/index.php/Home/Login/sign.html
INFO: [ app_init ] --START--
INFO: Run Behavior\BuildLiteBehavior [ RunTime:0.000022s ]
INFO: [ app_init ] --END-- [ RunTime:0.000468s ]

[ 2017-08-24T18:28:28+08:00 ] ::1 /lplive/index.php/Home/verify/verify
INFO: [ app_init ] --START--
INFO: Run Behavior\BuildLiteBehavior [ RunTime:0.000036s ]
INFO: [ app_init ] --END-- [ RunTime:0.000597s ]

[ 2017-08-24T18:28:36+08:00 ] ::1 /lplive/index.php/Home/Login/check
INFO: [ app_init ] --START--
INFO: Run Behavior\BuildLiteBehavior [ RunTime:0.000029s ]
INFO: [ app_init ] --END-- [ RunTime:0.000512s ]
INFO: [ app_begin ] --START--
INFO: Run Behavior\ReadHtmlCacheBehavior [ RunTime:0.000999s ]
INFO: [ app_begin ] --END-- [ RunTime:0.001201s ]
SQL: SHOW COLUMNS FROM `think_lp_user` [ RunTime:0.0010s ]
NOTIC: [8] Undefined index: validate H:\wamp64\www\lplive\ThinkPHP\Library\Think\Model.class.php 第 1185 行.
SQL: SELECT * FROM `think_lp_user` WHERE `uphone` = '15500000000' LIMIT 1   [ RunTime:0.0004s ]
NOTIC: [8] Undefined index: auto H:\wamp64\www\lplive\ThinkPHP\Library\Think\Model.class.php 第 1128 行.
NOTIC: [2] Missing argument 1 for Home\Model\UserModel::jmpwd() H:\wamp64\www\lplive\Application\Home\Model\UserModel.class.php 第 75 行.
NOTIC: [8] Undefined variable: value H:\wamp64\www\lplive\Application\Home\Model\UserModel.class.php 第 77 行.

[ 2017-08-24T18:28:40+08:00 ] ::1 /lplive/index.php/Home/Login/check
INFO: [ app_init ] --START--
INFO: Run Behavior\BuildLiteBehavior [ RunTime:0.000023s ]
INFO: [ app_init ] --END-- [ RunTime:0.000401s ]
INFO: [ app_begin ] --START--
INFO: Run Behavior\ReadHtmlCacheBehavior [ RunTime:0.000396s ]
INFO: [ app_begin ] --END-- [ RunTime:0.000485s ]
SQL: SHOW COLUMNS FROM `think_lp_user` [ RunTime:0.0011s ]
NOTIC: [8] Undefined index: validate H:\wamp64\www\lplive\ThinkPHP\Library\Think\Model.class.php 第 1185 行.
NOTIC: [8] Undefined index: auto H:\wamp64\www\lplive\ThinkPHP\Library\Think\Model.class.php 第 1128 行.

[ 2017-08-24T18:28:48+08:00 ] ::1 /lplive/index.php/Home/Login/checkCode
INFO: [ app_init ] --START--
INFO: Run Behavior\BuildLiteBehavior [ RunTime:0.000021s ]
INFO: [ app_init ] --END-- [ RunTime:0.000391s ]
INFO: [ app_begin ] --START--
INFO: Run Behavior\ReadHtmlCacheBehavior [ RunTime:0.000461s ]
INFO: [ app_begin ] --END-- [ RunTime:0.000552s ]
NOTIC: [8] Use of undefined constant ture - assumed 'ture' H:\wamp64\www\lplive\Application\Common\Common\function.php 第 22 行.

[ 2017-08-24T18:28:49+08:00 ] ::1 /lplive/index.php/Home/Login/signUser
INFO: [ app_init ] --START--
INFO: Run Behavior\BuildLiteBehavior [ RunTime:0.000024s ]
INFO: [ app_init ] --END-- [ RunTime:0.000544s ]
INFO: [ app_begin ] --START--
INFO: Run Behavior\ReadHtmlCacheBehavior [ RunTime:0.000558s ]
INFO: [ app_begin ] --END-- [ RunTime:0.000682s ]
NOTIC: [8] Use of undefined constant ture - assumed 'ture' H:\wamp64\www\lplive\Application\Common\Common\function.php 第 22 行.
SQL: SHOW COLUMNS FROM `think_lp_user` [ RunTime:0.0008s ]
NOTIC: [8] Undefined index: validate H:\wamp64\www\lplive\ThinkPHP\Library\Think\Model.class.php 第 1185 行.
SQL: SELECT * FROM `think_lp_user` WHERE `uphone` = '15500000000' LIMIT 1   [ RunTime:0.0002s ]
NOTIC: [8] Undefined index: auto H:\wamp64\www\lplive\ThinkPHP\Library\Think\Model.class.php 第 1128 行.
SQL: INSERT INTO `think_lp_user` (`uphone`,`upwd`,`uid`,`unickname`,`headpicture`) VALUES ('15500000000','2b8781c1c034501a9179ab95d33c5751','1503570529','1503570529','http://localhost/lplive/Uploads/598eedbe5a358.jpg') [ RunTime:0.0003s ]
SQL: UPDATE `think_lp_user` SET `logintime`='2017-08-24 18:28:49' WHERE `uid` = null [ RunTime:0.0002s ]
NOTIC: [8] Undefined index: uname H:\wamp64\www\lplive\Application\Home\Controller\LoginController.class.php 第 71 行.
NOTIC: [8] Undefined index: uemail H:\wamp64\www\lplive\Application\Home\Controller\LoginController.class.php 第 74 行.
NOTIC: [8] Undefined index: signtime H:\wamp64\www\lplive\Application\Home\Controller\LoginController.class.php 第 75 行.
NOTIC: [8] Undefined index: logintime H:\wamp64\www\lplive\Application\Home\Controller\LoginController.class.php 第 76 行.
NOTIC: [8] Undefined index: ubirthday H:\wamp64\www\lplive\Application\Home\Controller\LoginController.class.php 第 78 行.
NOTIC: [8] Undefined index: usynopsis H:\wamp64\www\lplive\Application\Home\Controller\LoginController.class.php 第 79 行.

[ 2017-08-24T18:28:49+08:00 ] ::1 /lplive/index.php/Home/Index/index
INFO: [ app_init ] --START--
INFO: Run Behavior\BuildLiteBehavior [ RunTime:0.000025s ]
INFO: [ app_init ] --END-- [ RunTime:0.000498s ]

[ 2017-08-24T18:28:50+08:00 ] ::1 /lplive/index.php/Home/Index/IMG/hot_picture.png
INFO: [ app_init ] --START--
INFO: Run Behavior\BuildLiteBehavior [ RunTime:0.000027s ]
INFO: [ app_init ] --END-- [ RunTime:0.000479s ]

[ 2017-08-24T18:28:51+08:00 ] ::1 /lplive/index.php/Home/Information/userInformation
INFO: [ app_init ] --START--
INFO: Run Behavior\BuildLiteBehavior [ RunTime:0.000022s ]
INFO: [ app_init ] --END-- [ RunTime:0.000424s ]

[ 2017-08-24T18:28:53+08:00 ] ::1 /lplive/index.php/Home/Information/saveInformation
INFO: [ app_init ] --START--
INFO: Run Behavior\BuildLiteBehavior [ RunTime:0.000023s ]
INFO: [ app_init ] --END-- [ RunTime:0.000402s ]

[ 2017-08-24T18:28:58+08:00 ] ::1 /lplive/index.php/Home/Index/cancel
INFO: [ app_init ] --START--
INFO: Run Behavior\BuildLiteBehavior [ RunTime:0.000022s ]
INFO: [ app_init ] --END-- [ RunTime:0.000390s ]
INFO: [ app_begin ] --START--
INFO: Run Behavior\ReadHtmlCacheBehavior [ RunTime:0.000386s ]
INFO: [ app_begin ] --END-- [ RunTime:0.000471s ]
INFO: [ view_parse ] --START--
INFO: [ template_filter ] --START--
INFO: Run Behavior\ContentReplaceBehavior [ RunTime:0.000064s ]
INFO: [ template_filter ] --END-- [ RunTime:0.000152s ]
INFO: Run Behavior\ParseTemplateBehavior [ RunTime:0.005372s ]
INFO: [ view_parse ] --END-- [ RunTime:0.005487s ]
INFO: [ view_filter ] --START--
INFO: Run Behavior\WriteHtmlCacheBehavior [ RunTime:0.000620s ]
INFO: [ view_filter ] --END-- [ RunTime:0.000738s ]
INFO: [ view_parse ] --START--
INFO: [ template_filter ] --START--
INFO: Run Behavior\ContentReplaceBehavior [ RunTime:0.000104s ]
INFO: [ template_filter ] --END-- [ RunTime:-0.004606s ]
INFO: Run Behavior\ParseTemplateBehavior [ RunTime:0.003804s ]
INFO: [ view_parse ] --END-- [ RunTime:-0.001202s ]
INFO: [ view_filter ] --START--
INFO: Run Behavior\WriteHtmlCacheBehavior [ RunTime:0.000049s ]
INFO: [ view_filter ] --END-- [ RunTime:-0.004408s ]

[ 2017-08-24T18:28:58+08:00 ] ::1 /lplive/index.php/Home/Information/saveInformation
INFO: [ app_init ] --START--
INFO: Run Behavior\BuildLiteBehavior [ RunTime:0.000021s ]
INFO: [ app_init ] --END-- [ RunTime:0.000380s ]

[ 2017-08-24T18:28:58+08:00 ] ::1 /lplive/index.php/Home/Login/login
INFO: [ app_init ] --START--
INFO: Run Behavior\BuildLiteBehavior [ RunTime:0.000044s ]
INFO: [ app_init ] --END-- [ RunTime:0.000481s ]

[ 2017-08-24T18:28:58+08:00 ] ::1 /lplive/index.php/Home/verify/verify
INFO: [ app_init ] --START--
INFO: Run Behavior\BuildLiteBehavior [ RunTime:0.000114s ]
INFO: [ app_init ] --END-- [ RunTime:0.000804s ]

[ 2017-08-24T18:43:38+08:00 ] ::1 /lplive/index.php/Home/Index/index.html
INFO: [ app_init ] --START--
INFO: Run Behavior\BuildLiteBehavior [ RunTime:0.000020s ]
INFO: [ app_init ] --END-- [ RunTime:0.000445s ]

[ 2017-08-24T18:43:38+08:00 ] ::1 /lplive/index.php/Home/Index/IMG/hot_picture.png
INFO: [ app_init ] --START--
INFO: Run Behavior\BuildLiteBehavior [ RunTime:0.000029s ]
INFO: [ app_init ] --END-- [ RunTime:0.001150s ]

[ 2017-08-24T18:43:47+08:00 ] ::1 /lplive/index.php/Home/Index/searchGoods?name=%E8%A5%BF%E9%83%A8%E5%B1%B1%E5%8C%BA%E6%95%A3%E5%85%BB%E9%B8%A1%E8%9B%8B
INFO: [ app_init ] --START--
INFO: Run Behavior\BuildLiteBehavior [ RunTime:0.000039s ]
INFO: [ app_init ] --END-- [ RunTime:0.000594s ]

[ 2017-08-24T18:43:47+08:00 ] ::1 /lplive/index.php/Home/Index/Array
INFO: [ app_init ] --START--
INFO: Run Behavior\BuildLiteBehavior [ RunTime:0.000044s ]
INFO: [ app_init ] --END-- [ RunTime:0.000627s ]
ERR: 非法操作:Array

[ 2017-08-24T18:45:13+08:00 ] ::1 /lplive/index.php/Home/Index/index.html
INFO: [ app_init ] --START--
INFO: Run Behavior\BuildLiteBehavior [ RunTime:0.000047s ]
INFO: [ app_init ] --END-- [ RunTime:0.000505s ]

[ 2017-08-24T18:45:13+08:00 ] ::1 /lplive/index.php/Home/Index/IMG/hot_picture.png
INFO: [ app_init ] --START--
INFO: Run Behavior\BuildLiteBehavior [ RunTime:0.000048s ]
INFO: [ app_init ] --END-- [ RunTime:0.002806s ]

[ 2017-08-24T18:45:15+08:00 ] ::1 /lplive/index.php/Home/Index/Goods?id=1503571408
INFO: [ app_init ] --START--
INFO: Run Behavior\BuildLiteBehavior [ RunTime:0.000023s ]
INFO: [ app_init ] --END-- [ RunTime:0.000405s ]

[ 2017-08-24T18:45:15+08:00 ] ::1 /lplive/index.php/Home/Index/pg
INFO: [ app_init ] --START--
INFO: Run Behavior\BuildLiteBehavior [ RunTime:0.000041s ]
INFO: [ app_init ] --END-- [ RunTime:0.000765s ]
ERR: 非法操作:pg

[ 2017-08-24T18:46:19+08:00 ] ::1 /lplive/index.php/Home/Index/Goods?id=1503571408
INFO: [ app_init ] --START--
INFO: Run Behavior\BuildLiteBehavior [ RunTime:0.000236s ]
INFO: [ app_init ] --END-- [ RunTime:0.003236s ]

[ 2017-08-24T18:48:10+08:00 ] ::1 /lplive/index.php/Home/Index/Goods?id=1503571408
INFO: [ app_init ] --START--
INFO: Run Behavior\BuildLiteBehavior [ RunTime:0.000029s ]
INFO: [ app_init ] --END-- [ RunTime:0.000623s ]

[ 2017-08-24T18:48:10+08:00 ] ::1 /lplive/index.php/Home/Index/Array
INFO: [ app_init ] --START--
INFO: Run Behavior\BuildLiteBehavior [ RunTime:0.000040s ]
INFO: [ app_init ] --END-- [ RunTime:0.000589s ]
ERR: 非法操作:Array

[ 2017-08-24T18:48:59+08:00 ] ::1 /lplive/index.php/Home/Index/Goods?id=1503571408
INFO: [ app_init ] --START--
INFO: Run Behavior\BuildLiteBehavior [ RunTime:0.000027s ]
INFO: [ app_init ] --END-- [ RunTime:0.000486s ]

[ 2017-08-24T18:48:59+08:00 ] ::1 /lplive/index.php/Home/Index/Array
INFO: [ app_init ] --START--
INFO: Run Behavior\BuildLiteBehavior [ RunTime:0.000184s ]
INFO: [ app_init ] --END-- [ RunTime:0.001623s ]
ERR: 非法操作:Array

[ 2017-08-24T18:49:22+08:00 ] ::1 /lplive/index.php/Home/Index/Goods?id=1503571408
INFO: [ app_init ] --START--
INFO: Run Behavior\BuildLiteBehavior [ RunTime:0.000046s ]
INFO: [ app_init ] --END-- [ RunTime:0.000855s ]

[ 2017-08-24T18:49:38+08:00 ] ::1 /lplive/index.php/Home/Index/Goods?id=1503571408
INFO: [ app_init ] --START--
INFO: Run Behavior\BuildLiteBehavior [ RunTime:0.000045s ]
INFO: [ app_init ] --END-- [ RunTime:0.001208s ]

[ 2017-08-24T18:49:50+08:00 ] ::1 /lplive/index.php/Home/Index/Goods?id=1503571408
INFO: [ app_init ] --START--
INFO: Run Behavior\BuildLiteBehavior [ RunTime:0.000050s ]
INFO: [ app_init ] --END-- [ RunTime:0.000628s ]

[ 2017-08-24T18:50:11+08:00 ] ::1 /lplive/index.php/Home/Index/Goods?id=1503571408
INFO: [ app_init ] --START--
INFO: Run Behavior\BuildLiteBehavior [ RunTime:0.000042s ]
INFO: [ app_init ] --END-- [ RunTime:0.000779s ]

[ 2017-08-24T18:51:52+08:00 ] ::1 /lplive/index.php/Home/Index/Goods?id=1503571408
INFO: [ app_init ] --START--
INFO: Run Behavior\BuildLiteBehavior [ RunTime:0.000029s ]
INFO: [ app_init ] --END-- [ RunTime:0.000656s ]

[ 2017-08-24T18:59:10+08:00 ] ::1 /lplive/index.php/Home/Index/index.html
INFO: [ app_init ] --START--
INFO: Run Behavior\BuildLiteBehavior [ RunTime:0.000049s ]
INFO: [ app_init ] --END-- [ RunTime:0.000940s ]

[ 2017-08-24T18:59:11+08:00 ] ::1 /lplive/index.php/Home/Index/IMG/hot_picture.png
INFO: [ app_init ] --START--
INFO: Run Behavior\BuildLiteBehavior [ RunTime:0.000029s ]
INFO: [ app_init ] --END-- [ RunTime:0.001554s ]

[ 2017-08-24T18:59:13+08:00 ] ::1 /lplive/index.php/Home/Index/Goods?id=1503572345
INFO: [ app_init ] --START--
INFO: Run Behavior\BuildLiteBehavior [ RunTime:0.000023s ]
INFO: [ app_init ] --END-- [ RunTime:0.000467s ]

[ 2017-08-24T18:59:28+08:00 ] ::1 /lplive/index.php/Home/Index/Goods?id=1503572345
INFO: [ app_init ] --START--
INFO: Run Behavior\BuildLiteBehavior [ RunTime:0.000031s ]
INFO: [ app_init ] --END-- [ RunTime:0.000547s ]

[ 2017-08-24T19:01:31+08:00 ] ::1 /lplive/index.php/Home/Index/Goods?id=1503572345
INFO: [ app_init ] --START--
INFO: Run Behavior\BuildLiteBehavior [ RunTime:0.000021s ]
INFO: [ app_init ] --END-- [ RunTime:0.000451s ]

[ 2017-08-24T19:02:16+08:00 ] ::1 /lplive/index.php/Home/Index/Goods?id=1503572345
INFO: [ app_init ] --START--
INFO: Run Behavior\BuildLiteBehavior [ RunTime:0.000025s ]
INFO: [ app_init ] --END-- [ RunTime:0.000636s ]

[ 2017-08-24T19:02:16+08:00 ] ::1 /lplive/index.php/Home/Index/$img.0
INFO: [ app_init ] --START--
INFO: Run Behavior\BuildLiteBehavior [ RunTime:0.000025s ]
INFO: [ app_init ] --END-- [ RunTime:0.000507s ]
ERR: 非法操作:$img.0

[ 2017-08-24T19:02:17+08:00 ] ::1 /lplive/index.php/Home/Index/Goods?id=1503572345
INFO: [ app_init ] --START--
INFO: Run Behavior\BuildLiteBehavior [ RunTime:0.000037s ]
INFO: [ app_init ] --END-- [ RunTime:0.000602s ]

[ 2017-08-24T19:02:18+08:00 ] ::1 /lplive/index.php/Home/Index/$img.0
INFO: [ app_init ] --START--
INFO: Run Behavior\BuildLiteBehavior [ RunTime:0.000044s ]
INFO: [ app_init ] --END-- [ RunTime:0.001229s ]
ERR: 非法操作:$img.0

[ 2017-08-24T19:02:36+08:00 ] ::1 /lplive/index.php/Home/Index/Goods?id=1503572345
INFO: [ app_init ] --START--
INFO: Run Behavior\BuildLiteBehavior [ RunTime:0.000026s ]
INFO: [ app_init ] --END-- [ RunTime:0.000736s ]

[ 2017-08-24T19:05:37+08:00 ] ::1 /lplive/index.php/Home/Index/Goods?id=1503572345
INFO: [ app_init ] --START--
INFO: Run Behavior\BuildLiteBehavior [ RunTime:0.000024s ]
INFO: [ app_init ] --END-- [ RunTime:0.000475s ]

[ 2017-08-24T19:06:04+08:00 ] ::1 /lplive/index.php/Home/Index/Goods?id=1503572345
INFO: [ app_init ] --START--
INFO: Run Behavior\BuildLiteBehavior [ RunTime:0.000033s ]
INFO: [ app_init ] --END-- [ RunTime:0.000681s ]

[ 2017-08-24T19:09:33+08:00 ] ::1 /lplive/index.php/Home/Index/Goods?id=1503572345
INFO: [ app_init ] --START--
INFO: Run Behavior\BuildLiteBehavior [ RunTime:0.000024s ]
INFO: [ app_init ] --END-- [ RunTime:0.000530s ]

[ 2017-08-24T19:09:45+08:00 ] ::1 /lplive/index.php/Home/Index/Goods?id=1503572345
INFO: [ app_init ] --START--
INFO: Run Behavior\BuildLiteBehavior [ RunTime:0.000040s ]
INFO: [ app_init ] --END-- [ RunTime:0.000668s ]

[ 2017-08-24T19:13:16+08:00 ] ::1 /lplive/index.php/Home/Index/Goods?id=1503572345
INFO: [ app_init ] --START--
INFO: Run Behavior\BuildLiteBehavior [ RunTime:0.000024s ]
INFO: [ app_init ] --END-- [ RunTime:0.000485s ]

[ 2017-08-24T19:18:37+08:00 ] ::1 /lplive/index.php/Home/Index/Goods?id=1503572345
INFO: [ app_init ] --START--
INFO: Run Behavior\BuildLiteBehavior [ RunTime:0.000027s ]
INFO: [ app_init ] --END-- [ RunTime:0.000904s ]

[ 2017-08-24T19:20:10+08:00 ] ::1 /lplive/index.php/Home/Index/Goods?id=1503572345
INFO: [ app_init ] --START--
INFO: Run Behavior\BuildLiteBehavior [ RunTime:0.000024s ]
INFO: [ app_init ] --END-- [ RunTime:0.000481s ]

[ 2017-08-24T19:20:57+08:00 ] ::1 /lplive/index.php/Home/Index/Goods?id=1503572345
INFO: [ app_init ] --START--
INFO: Run Behavior\BuildLiteBehavior [ RunTime:0.000024s ]
INFO: [ app_init ] --END-- [ RunTime:0.000483s ]

[ 2017-08-24T19:20:58+08:00 ] ::1 /lplive/index.php/Home/Index/Goods?id=1503572345
INFO: [ app_init ] --START--
INFO: Run Behavior\BuildLiteBehavior [ RunTime:0.000046s ]
INFO: [ app_init ] --END-- [ RunTime:0.000774s ]

[ 2017-08-24T19:21:39+08:00 ] ::1 /lplive/index.php/Home/Index/Goods?id=1503572345
INFO: [ app_init ] --START--
INFO: Run Behavior\BuildLiteBehavior [ RunTime:0.000027s ]
INFO: [ app_init ] --END-- [ RunTime:0.000414s ]

[ 2017-08-24T19:24:02+08:00 ] ::1 /lplive/index.php/Home/Index/Goods?id=1503572345
INFO: [ app_init ] --START--
INFO: Run Behavior\BuildLiteBehavior [ RunTime:0.000024s ]
INFO: [ app_init ] --END-- [ RunTime:0.000522s ]

[ 2017-08-24T19:24:41+08:00 ] ::1 /lplive/index.php/Home/Index/Goods?id=1503572345
INFO: [ app_init ] --START--
INFO: Run Behavior\BuildLiteBehavior [ RunTime:0.000024s ]
INFO: [ app_init ] --END-- [ RunTime:0.000496s ]

[ 2017-08-24T19:24:53+08:00 ] ::1 /lplive/index.php/Home/Index/index
INFO: [ app_init ] --START--
INFO: Run Behavior\BuildLiteBehavior [ RunTime:0.000023s ]
INFO: [ app_init ] --END-- [ RunTime:0.000486s ]

[ 2017-08-24T19:24:53+08:00 ] ::1 /lplive/index.php/Home/Index/IMG/hot_picture.png
INFO: [ app_init ] --START--
INFO: Run Behavior\BuildLiteBehavior [ RunTime:0.000024s ]
INFO: [ app_init ] --END-- [ RunTime:0.000463s ]

[ 2017-08-24T19:26:14+08:00 ] ::1 /lplive/index.php/Home/Index/index
INFO: [ app_init ] --START--
INFO: Run Behavior\BuildLiteBehavior [ RunTime:0.000026s ]
INFO: [ app_init ] --END-- [ RunTime:0.000488s ]

[ 2017-08-24T19:26:14+08:00 ] ::1 /lplive/index.php/Home/Index/IMG/hot_picture.png
INFO: [ app_init ] --START--
INFO: Run Behavior\BuildLiteBehavior [ RunTime:0.000033s ]
INFO: [ app_init ] --END-- [ RunTime:0.000633s ]

[ 2017-08-24T19:26:37+08:00 ] ::1 /lplive/index.php/Home/Index/index
INFO: [ app_init ] --START--
INFO: Run Behavior\BuildLiteBehavior [ RunTime:0.000040s ]
INFO: [ app_init ] --END-- [ RunTime:0.000589s ]

[ 2017-08-24T19:26:37+08:00 ] ::1 /lplive/index.php/Home/Index/IMG/hot_picture.png
INFO: [ app_init ] --START--
INFO: Run Behavior\BuildLiteBehavior [ RunTime:0.000028s ]
INFO: [ app_init ] --END-- [ RunTime:0.000492s ]

[ 2017-08-24T19:26:38+08:00 ] ::1 /lplive/index.php/Home/Index/index
INFO: [ app_init ] --START--
INFO: Run Behavior\BuildLiteBehavior [ RunTime:0.000022s ]
INFO: [ app_init ] --END-- [ RunTime:0.000444s ]

[ 2017-08-24T19:26:38+08:00 ] ::1 /lplive/index.php/Home/Index/IMG/hot_picture.png
INFO: [ app_init ] --START--
INFO: Run Behavior\BuildLiteBehavior [ RunTime:0.000031s ]
INFO: [ app_init ] --END-- [ RunTime:0.000554s ]

[ 2017-08-24T19:26:39+08:00 ] ::1 /lplive/index.php/Home/Index/index
INFO: [ app_init ] --START--
INFO: Run Behavior\BuildLiteBehavior [ RunTime:0.000026s ]
INFO: [ app_init ] --END-- [ RunTime:0.000491s ]

[ 2017-08-24T19:26:39+08:00 ] ::1 /lplive/index.php/Home/Index/IMG/hot_picture.png
INFO: [ app_init ] --START--
INFO: Run Behavior\BuildLiteBehavior [ RunTime:0.000025s ]
INFO: [ app_init ] --END-- [ RunTime:0.000516s ]

[ 2017-08-24T19:26:39+08:00 ] ::1 /lplive/index.php/Home/Index/index
INFO: [ app_init ] --START--
INFO: Run Behavior\BuildLiteBehavior [ RunTime:0.000027s ]
INFO: [ app_init ] --END-- [ RunTime:0.000440s ]

[ 2017-08-24T19:26:39+08:00 ] ::1 /lplive/index.php/Home/Index/IMG/hot_picture.png
INFO: [ app_init ] --START--
INFO: Run Behavior\BuildLiteBehavior [ RunTime:0.000024s ]
INFO: [ app_init ] --END-- [ RunTime:0.000508s ]

[ 2017-08-24T19:26:40+08:00 ] ::1 /lplive/index.php/Home/Index/index
INFO: [ app_init ] --START--
INFO: Run Behavior\BuildLiteBehavior [ RunTime:0.000046s ]
INFO: [ app_init ] --END-- [ RunTime:0.000696s ]

[ 2017-08-24T19:26:40+08:00 ] ::1 /lplive/index.php/Home/Index/IMG/hot_picture.png
INFO: [ app_init ] --START--
INFO: Run Behavior\BuildLiteBehavior [ RunTime:0.000024s ]
INFO: [ app_init ] --END-- [ RunTime:0.000516s ]

[ 2017-08-24T19:27:54+08:00 ] ::1 /lplive/index.php/Home/Index/index.html
INFO: [ app_init ] --START--
INFO: Run Behavior\BuildLiteBehavior [ RunTime:0.000023s ]
INFO: [ app_init ] --END-- [ RunTime:0.000457s ]

[ 2017-08-24T19:28:37+08:00 ] ::1 /lplive/index.php/Home/Index/index.html
INFO: [ app_init ] --START--
INFO: Run Behavior\BuildLiteBehavior [ RunTime:0.000023s ]
INFO: [ app_init ] --END-- [ RunTime:0.000505s ]

[ 2017-08-24T19:28:39+08:00 ] ::1 /lplive/index.php/Home/Index/index.html
INFO: [ app_init ] --START--
INFO: Run Behavior\BuildLiteBehavior [ RunTime:0.000025s ]
INFO: [ app_init ] --END-- [ RunTime:0.000505s ]

[ 2017-08-24T19:28:39+08:00 ] ::1 /lplive/index.php/Home/Index/index.html
INFO: [ app_init ] --START--
INFO: Run Behavior\BuildLiteBehavior [ RunTime:0.000023s ]
INFO: [ app_init ] --END-- [ RunTime:0.000496s ]

[ 2017-08-24T19:29:19+08:00 ] ::1 /lplive/index.php/Home/Index/index.html
INFO: [ app_init ] --START--
INFO: Run Behavior\BuildLiteBehavior [ RunTime:0.000036s ]
INFO: [ app_init ] --END-- [ RunTime:0.000700s ]

[ 2017-08-24T19:29:20+08:00 ] ::1 /lplive/index.php/Home/Index/index.html
INFO: [ app_init ] --START--
INFO: Run Behavior\BuildLiteBehavior [ RunTime:0.000026s ]
INFO: [ app_init ] --END-- [ RunTime:0.000457s ]

[ 2017-08-24T19:29:36+08:00 ] ::1 /lplive/index.php/Home/Index/index.html
INFO: [ app_init ] --START--
INFO: Run Behavior\BuildLiteBehavior [ RunTime:0.000024s ]
INFO: [ app_init ] --END-- [ RunTime:0.000584s ]

[ 2017-08-24T19:29:37+08:00 ] ::1 /lplive/index.php/Home/Index/index.html
INFO: [ app_init ] --START--
INFO: Run Behavior\BuildLiteBehavior [ RunTime:0.000025s ]
INFO: [ app_init ] --END-- [ RunTime:0.000476s ]

[ 2017-08-24T19:31:38+08:00 ] ::1 /lplive/index.php/Home/Index/index.html
INFO: [ app_init ] --START--
INFO: Run Behavior\BuildLiteBehavior [ RunTime:0.000023s ]
INFO: [ app_init ] --END-- [ RunTime:0.000464s ]

[ 2017-08-24T19:32:29+08:00 ] ::1 /lplive/index.php/Home/Index/index.html
INFO: [ app_init ] --START--
INFO: Run Behavior\BuildLiteBehavior [ RunTime:0.000025s ]
INFO: [ app_init ] --END-- [ RunTime:0.000524s ]

[ 2017-08-24T19:32:36+08:00 ] ::1 /lplive/index.php/Home/Index/searchGoods?name=%E8%A5%BF%E9%83%A8%E5%B1%B1%E5%8C%BA%E6%95%A3%E5%85%BB%E9%B8%A1%E8%9B%8B
INFO: [ app_init ] --START--
INFO: Run Behavior\BuildLiteBehavior [ RunTime:0.000046s ]
INFO: [ app_init ] --END-- [ RunTime:0.000881s ]

[ 2017-08-24T19:32:36+08:00 ] ::1 /lplive/index.php/Home/Index/Array
INFO: [ app_init ] --START--
INFO: Run Behavior\BuildLiteBehavior [ RunTime:0.000042s ]
INFO: [ app_init ] --END-- [ RunTime:0.000812s ]
ERR: 非法操作:Array

[ 2017-08-24T19:34:12+08:00 ] ::1 /lplive/index.php/Home/Index/index.html
INFO: [ app_init ] --START--
INFO: Run Behavior\BuildLiteBehavior [ RunTime:0.000026s ]
INFO: [ app_init ] --END-- [ RunTime:0.000526s ]

[ 2017-08-24T19:35:00+08:00 ] ::1 /lplive/index.php/Home/Index/index.html
INFO: [ app_init ] --START--
INFO: Run Behavior\BuildLiteBehavior [ RunTime:0.000023s ]
INFO: [ app_init ] --END-- [ RunTime:0.000461s ]

[ 2017-08-24T19:35:06+08:00 ] ::1 /lplive/index.php/Home/Index/Goods?id=1503572345
INFO: [ app_init ] --START--
INFO: Run Behavior\BuildLiteBehavior [ RunTime:0.000030s ]
INFO: [ app_init ] --END-- [ RunTime:0.001251s ]

[ 2017-08-24T19:35:20+08:00 ] ::1 /lplive/index.php/Home/Index/searchGoods?name=%E9%B8%A1%E8%9B%8B
INFO: [ app_init ] --START--
INFO: Run Behavior\BuildLiteBehavior [ RunTime:0.000023s ]
INFO: [ app_init ] --END-- [ RunTime:0.000479s ]

[ 2017-08-24T19:35:20+08:00 ] ::1 /lplive/index.php/Home/Index/Array
INFO: [ app_init ] --START--
INFO: Run Behavior\BuildLiteBehavior [ RunTime:0.000023s ]
INFO: [ app_init ] --END-- [ RunTime:0.000482s ]
ERR: 非法操作:Array

[ 2017-08-24T19:36:12+08:00 ] ::1 /lplive/index.php/Home/Index/searchGoods?name=%E9%B8%A1%E8%9B%8B
INFO: [ app_init ] --START--
INFO: Run Behavior\BuildLiteBehavior [ RunTime:0.000038s ]
INFO: [ app_init ] --END-- [ RunTime:0.000607s ]

[ 2017-08-24T19:37:55+08:00 ] ::1 /lplive/index.php/Home/Index/searchGoods?name=%E9%B8%A1%E8%9B%8B
INFO: [ app_init ] --START--
INFO: Run Behavior\BuildLiteBehavior [ RunTime:0.000039s ]
INFO: [ app_init ] --END-- [ RunTime:0.000729s ]

[ 2017-08-24T19:37:57+08:00 ] ::1 /lplive/index.php/Home/Index/searchGoods?name=%E9%B8%A1%E8%9B%8B
INFO: [ app_init ] --START--
INFO: Run Behavior\BuildLiteBehavior [ RunTime:0.000021s ]
INFO: [ app_init ] --END-- [ RunTime:0.000439s ]

[ 2017-08-24T19:38:00+08:00 ] ::1 /lplive/index.php/Home/Index/Goods?id=1503572345
INFO: [ app_init ] --START--
INFO: Run Behavior\BuildLiteBehavior [ RunTime:0.000039s ]
INFO: [ app_init ] --END-- [ RunTime:0.000696s ]

[ 2017-08-24T19:38:09+08:00 ] ::1 /lplive/index.php/Home/Index/searchGoods?name=%E8%A5%BF%E9%83%A8%E5%B1%B1%E5%8C%BA
INFO: [ app_init ] --START--
INFO: Run Behavior\BuildLiteBehavior [ RunTime:0.000068s ]
INFO: [ app_init ] --END-- [ RunTime:0.001115s ]

[ 2017-08-24T19:40:54+08:00 ] ::1 /lplive/index.php/Home/Index/searchGoods?name=%E8%A5%BF%E9%83%A8%E5%B1%B1%E5%8C%BA
INFO: [ app_init ] --START--
INFO: Run Behavior\BuildLiteBehavior [ RunTime:0.000023s ]
INFO: [ app_init ] --END-- [ RunTime:0.000501s ]

[ 2017-08-24T19:45:29+08:00 ] ::1 /lplive/index.php/Home/Index/index
INFO: [ app_init ] --START--
INFO: Run Behavior\BuildLiteBehavior [ RunTime:0.000025s ]
INFO: [ app_init ] --END-- [ RunTime:0.000513s ]

[ 2017-08-24T19:47:39+08:00 ] ::1 /lplive/index.php/Home/Index/index
INFO: [ app_init ] --START--
INFO: Run Behavior\BuildLiteBehavior [ RunTime:0.000044s ]
INFO: [ app_init ] --END-- [ RunTime:0.000772s ]

[ 2017-08-24T19:50:02+08:00 ] ::1 /lplive/index.php/Home/Index/Goods?id=1503575238
INFO: [ app_init ] --START--
INFO: Run Behavior\BuildLiteBehavior [ RunTime:0.000038s ]
INFO: [ app_init ] --END-- [ RunTime:0.000617s ]

[ 2017-08-24T19:50:36+08:00 ] ::1 /lplive/index.php/Home/Index/index
INFO: [ app_init ] --START--
INFO: Run Behavior\BuildLiteBehavior [ RunTime:0.000109s ]
INFO: [ app_init ] --END-- [ RunTime:0.001268s ]

[ 2017-08-24T19:50:40+08:00 ] ::1 /lplive/index.php/Home/Index/Goods?id=1503575238
INFO: [ app_init ] --START--
INFO: Run Behavior\BuildLiteBehavior [ RunTime:0.000023s ]
INFO: [ app_init ] --END-- [ RunTime:0.000464s ]

