[ 2017-08-25T19:58:31+08:00 ] ::1 /lplive/index.php/Home/Index/index
INFO: [ app_init ] --START--
INFO: Run Behavior\BuildLiteBehavior [ RunTime:0.000022s ]
INFO: [ app_init ] --END-- [ RunTime:0.000453s ]

[ 2017-08-25T19:58:33+08:00 ] ::1 /lplive/index.php/Home/Login/login
INFO: [ app_init ] --START--
INFO: Run Behavior\BuildLiteBehavior [ RunTime:0.000024s ]
INFO: [ app_init ] --END-- [ RunTime:0.000430s ]

[ 2017-08-25T19:58:33+08:00 ] ::1 /lplive/index.php/Home/verify/verify
INFO: [ app_init ] --START--
INFO: Run Behavior\BuildLiteBehavior [ RunTime:0.000030s ]
INFO: [ app_init ] --END-- [ RunTime:0.000501s ]

[ 2017-08-25T19:58:42+08:00 ] ::1 /lplive/index.php/Home/Login/checkCode
INFO: [ app_init ] --START--
INFO: Run Behavior\BuildLiteBehavior [ RunTime:0.000020s ]
INFO: [ app_init ] --END-- [ RunTime:0.000354s ]
INFO: [ app_begin ] --START--
INFO: Run Behavior\ReadHtmlCacheBehavior [ RunTime:0.000358s ]
INFO: [ app_begin ] --END-- [ RunTime:0.000441s ]
NOTIC: [8] Use of undefined constant ture - assumed 'ture' H:\wamp64\www\lplive\Application\Common\Common\function.php 第 22 行.

[ 2017-08-25T19:58:44+08:00 ] ::1 /lplive/index.php/Home/Login/loginUser
INFO: [ app_init ] --START--
INFO: Run Behavior\BuildLiteBehavior [ RunTime:0.000020s ]
INFO: [ app_init ] --END-- [ RunTime:0.000361s ]
INFO: [ app_begin ] --START--
INFO: Run Behavior\ReadHtmlCacheBehavior [ RunTime:0.000367s ]
INFO: [ app_begin ] --END-- [ RunTime:0.000451s ]
SQL: SHOW COLUMNS FROM `think_lp_user` [ RunTime:0.0359s ]
NOTIC: [8] Use of undefined constant ture - assumed 'ture' H:\wamp64\www\lplive\Application\Common\Common\function.php 第 22 行.
SQL: SELECT * FROM `think_lp_user` WHERE `uphone` = '15502810509' OR `uemail` = '15502810509' LIMIT 1   [ RunTime:0.0226s ]
SQL: UPDATE `think_lp_user` SET `logintime`='2017-08-25 19:58:44' WHERE `uid` = '1502541973' [ RunTime:0.0003s ]
SQL: SELECT * FROM `think_lp_user` WHERE `uid` = '1502541973' LIMIT 1   [ RunTime:0.0002s ]

[ 2017-08-25T19:58:44+08:00 ] ::1 /lplive/index.php/Home/Index/index
INFO: [ app_init ] --START--
INFO: Run Behavior\BuildLiteBehavior [ RunTime:0.000020s ]
INFO: [ app_init ] --END-- [ RunTime:0.000358s ]

[ 2017-08-25T19:58:46+08:00 ] ::1 /lplive/index.php/Home/Information/userInformation
INFO: [ app_init ] --START--
INFO: Run Behavior\BuildLiteBehavior [ RunTime:0.000023s ]
INFO: [ app_init ] --END-- [ RunTime:0.000390s ]

[ 2017-08-25T20:07:36+08:00 ] ::1 /lplive/index.php/Home/Information/userInformation
INFO: [ app_init ] --START--
INFO: Run Behavior\BuildLiteBehavior [ RunTime:0.000021s ]
INFO: [ app_init ] --END-- [ RunTime:0.000425s ]

[ 2017-08-25T20:07:38+08:00 ] ::1 /lplive/index.php/Home/Information/userInformation
INFO: [ app_init ] --START--
INFO: Run Behavior\BuildLiteBehavior [ RunTime:0.000020s ]
INFO: [ app_init ] --END-- [ RunTime:0.000350s ]

[ 2017-08-25T20:07:38+08:00 ] ::1 /lplive/index.php/Home/Information/userInformation
INFO: [ app_init ] --START--
INFO: Run Behavior\BuildLiteBehavior [ RunTime:0.000019s ]
INFO: [ app_init ] --END-- [ RunTime:0.000371s ]

[ 2017-08-25T20:07:39+08:00 ] ::1 /lplive/index.php/Home/Information/userInformation
INFO: [ app_init ] --START--
INFO: Run Behavior\BuildLiteBehavior [ RunTime:0.000020s ]
INFO: [ app_init ] --END-- [ RunTime:0.000352s ]

[ 2017-08-25T20:07:39+08:00 ] ::1 /lplive/index.php/Home/Information/userInformation
INFO: [ app_init ] --START--
INFO: Run Behavior\BuildLiteBehavior [ RunTime:0.000049s ]
INFO: [ app_init ] --END-- [ RunTime:0.000711s ]

[ 2017-08-25T20:07:39+08:00 ] ::1 /lplive/index.php/Home/Information/userInformation
INFO: [ app_init ] --START--
INFO: Run Behavior\BuildLiteBehavior [ RunTime:0.000019s ]
INFO: [ app_init ] --END-- [ RunTime:0.000350s ]

[ 2017-08-25T20:07:40+08:00 ] ::1 /lplive/index.php/Home/Information/saveInformation
INFO: [ app_init ] --START--
INFO: Run Behavior\BuildLiteBehavior [ RunTime:0.000022s ]
INFO: [ app_init ] --END-- [ RunTime:0.000372s ]

[ 2017-08-25T20:11:46+08:00 ] ::1 /lplive/index.php/Home/Index/index
INFO: [ app_init ] --START--
INFO: Run Behavior\BuildLiteBehavior [ RunTime:0.000020s ]
INFO: [ app_init ] --END-- [ RunTime:0.000426s ]

[ 2017-08-25T20:11:56+08:00 ] ::1 /lplive/index.php/Home/Index/Goods?id=1503575238
INFO: [ app_init ] --START--
INFO: Run Behavior\BuildLiteBehavior [ RunTime:0.000020s ]
INFO: [ app_init ] --END-- [ RunTime:0.000366s ]

[ 2017-08-25T20:13:30+08:00 ] ::1 /lplive/index.php/Home/Index/Goods?id=1503575238
INFO: [ app_init ] --START--
INFO: Run Behavior\BuildLiteBehavior [ RunTime:0.000030s ]
INFO: [ app_init ] --END-- [ RunTime:0.000398s ]

[ 2017-08-25T20:13:47+08:00 ] ::1 /lplive/index.php/Home/Index/Goods?id=1503572345
INFO: [ app_init ] --START--
INFO: Run Behavior\BuildLiteBehavior [ RunTime:0.000036s ]
INFO: [ app_init ] --END-- [ RunTime:0.000661s ]

[ 2017-08-25T20:15:38+08:00 ] ::1 /lplive/index.php/Home/Index/Goods?id=1503572345
INFO: [ app_init ] --START--
INFO: Run Behavior\BuildLiteBehavior [ RunTime:0.000021s ]
INFO: [ app_init ] --END-- [ RunTime:0.000422s ]

[ 2017-08-25T20:18:03+08:00 ] ::1 /lplive/index.php/Home/Index/Goods?id=1503572345
INFO: [ app_init ] --START--
INFO: Run Behavior\BuildLiteBehavior [ RunTime:0.000023s ]
INFO: [ app_init ] --END-- [ RunTime:0.000449s ]

[ 2017-08-25T20:18:41+08:00 ] ::1 /lplive/index.php/Home/Index/Goods?id=1503572345
INFO: [ app_init ] --START--
INFO: Run Behavior\BuildLiteBehavior [ RunTime:0.000022s ]
INFO: [ app_init ] --END-- [ RunTime:0.000372s ]

[ 2017-08-25T20:19:43+08:00 ] ::1 /lplive/index.php/Home/Index/Goods?id=1503572345
INFO: [ app_init ] --START--
INFO: Run Behavior\BuildLiteBehavior [ RunTime:0.000034s ]
INFO: [ app_init ] --END-- [ RunTime:0.000695s ]

[ 2017-08-25T20:36:33+08:00 ] ::1 /lplive/index.php/Home/Index/index
INFO: [ app_init ] --START--
INFO: Run Behavior\BuildLiteBehavior [ RunTime:0.000037s ]
INFO: [ app_init ] --END-- [ RunTime:0.000681s ]

[ 2017-08-25T20:37:00+08:00 ] ::1 /lplive/index.php/Home/Index/index
INFO: [ app_init ] --START--
INFO: Run Behavior\BuildLiteBehavior [ RunTime:0.000021s ]
INFO: [ app_init ] --END-- [ RunTime:0.000375s ]

