[ 2017-07-29T13:54:03+08:00 ] ::1 /lplive/index.php/Admin/Admin/admin
INFO: [ app_init ] --START--
INFO: Run Behavior\BuildLiteBehavior [ RunTime:0.000029s ]
INFO: [ app_init ] --END-- [ RunTime:0.015266s ]

[ 2017-07-29T13:54:28+08:00 ] ::1 /lplive/index.php/Admin/Admin/admin
INFO: [ app_init ] --START--
INFO: Run Behavior\BuildLiteBehavior [ RunTime:0.000025s ]
INFO: [ app_init ] --END-- [ RunTime:0.000714s ]

[ 2017-07-29T13:57:17+08:00 ] ::1 /lplive/index.php/Admin/Admin/admin
INFO: [ app_init ] --START--
INFO: Run Behavior\BuildLiteBehavior [ RunTime:0.000036s ]
INFO: [ app_init ] --END-- [ RunTime:0.000766s ]

[ 2017-07-29T13:57:20+08:00 ] ::1 /lplive/index.php/Admin/Admin/create_group
INFO: [ app_init ] --START--
INFO: Run Behavior\BuildLiteBehavior [ RunTime:0.000021s ]
INFO: [ app_init ] --END-- [ RunTime:0.000496s ]

[ 2017-07-29T13:57:29+08:00 ] ::1 /lplive/index.php/Admin/Admin/checkGroup.html
INFO: [ app_init ] --START--
INFO: Run Behavior\BuildLiteBehavior [ RunTime:0.000023s ]
INFO: [ app_init ] --END-- [ RunTime:0.000441s ]
INFO: [ app_begin ] --START--
INFO: Run Behavior\ReadHtmlCacheBehavior [ RunTime:0.000552s ]
INFO: [ app_begin ] --END-- [ RunTime:0.000646s ]
NOTIC: [8] Undefined index: user H:\wamp64\www\lplive\Application\Admin\Controller\AuthController.class.php 第 36 行.
SQL: SHOW COLUMNS FROM `think_auth_group` [ RunTime:0.0009s ]
NOTIC: [8] Undefined index: validate H:\wamp64\www\lplive\ThinkPHP\Library\Think\Model.class.php 第 1185 行.
SQL: SELECT * FROM `think_auth_group` WHERE `title` = 'superAdmin' LIMIT 1   [ RunTime:0.0003s ]
NOTIC: [8] Undefined index: auto H:\wamp64\www\lplive\ThinkPHP\Library\Think\Model.class.php 第 1128 行.

[ 2017-07-29T13:57:33+08:00 ] ::1 /lplive/index.php/Admin/Admin/checkGroup.html
INFO: [ app_init ] --START--
INFO: Run Behavior\BuildLiteBehavior [ RunTime:0.000022s ]
INFO: [ app_init ] --END-- [ RunTime:0.000480s ]
INFO: [ app_begin ] --START--
INFO: Run Behavior\ReadHtmlCacheBehavior [ RunTime:0.000579s ]
INFO: [ app_begin ] --END-- [ RunTime:0.000681s ]
NOTIC: [8] Undefined index: user H:\wamp64\www\lplive\Application\Admin\Controller\AuthController.class.php 第 36 行.
SQL: SHOW COLUMNS FROM `think_auth_group` [ RunTime:0.0007s ]
NOTIC: [8] Undefined index: validate H:\wamp64\www\lplive\ThinkPHP\Library\Think\Model.class.php 第 1185 行.
SQL: SELECT * FROM `think_auth_group` WHERE `title_name` = '超级管理员' LIMIT 1   [ RunTime:0.0002s ]
NOTIC: [8] Undefined index: auto H:\wamp64\www\lplive\ThinkPHP\Library\Think\Model.class.php 第 1128 行.

[ 2017-07-29T13:57:33+08:00 ] ::1 /lplive/index.php/Admin/Admin/createGroup.html
INFO: [ app_init ] --START--
INFO: Run Behavior\BuildLiteBehavior [ RunTime:0.000021s ]
INFO: [ app_init ] --END-- [ RunTime:0.000424s ]
INFO: [ app_begin ] --START--
INFO: Run Behavior\ReadHtmlCacheBehavior [ RunTime:0.000569s ]
INFO: [ app_begin ] --END-- [ RunTime:0.000702s ]
NOTIC: [8] Undefined index: user H:\wamp64\www\lplive\Application\Admin\Controller\AuthController.class.php 第 36 行.
SQL: SHOW COLUMNS FROM `think_auth_group` [ RunTime:0.0007s ]
NOTIC: [8] Undefined index: validate H:\wamp64\www\lplive\ThinkPHP\Library\Think\Model.class.php 第 1185 行.
SQL: SELECT * FROM `think_auth_group` WHERE `title` = 'superAdmin' LIMIT 1   [ RunTime:0.0002s ]
SQL: SELECT * FROM `think_auth_group` WHERE `title_name` = '超级管理员' LIMIT 1   [ RunTime:0.0002s ]
NOTIC: [8] Undefined index: auto H:\wamp64\www\lplive\ThinkPHP\Library\Think\Model.class.php 第 1128 行.
SQL: INSERT INTO `think_auth_group` (`title`,`title_name`,`status`,`id`) VALUES ('superAdmin','超级管理员','1','FZ1501307853') [ RunTime:0.0003s ]

[ 2017-07-29T13:57:34+08:00 ] ::1 /lplive/index.php/Admin/Admin/create_group
INFO: [ app_init ] --START--
INFO: Run Behavior\BuildLiteBehavior [ RunTime:0.000028s ]
INFO: [ app_init ] --END-- [ RunTime:0.000948s ]

[ 2017-07-29T13:57:36+08:00 ] ::1 /lplive/index.php/Admin/Admin/group_list
INFO: [ app_init ] --START--
INFO: Run Behavior\BuildLiteBehavior [ RunTime:0.000036s ]
INFO: [ app_init ] --END-- [ RunTime:0.000813s ]

[ 2017-07-29T13:57:39+08:00 ] ::1 /lplive/index.php/Admin/Admin/readAllRule.html
INFO: [ app_init ] --START--
INFO: Run Behavior\BuildLiteBehavior [ RunTime:0.000022s ]
INFO: [ app_init ] --END-- [ RunTime:0.000435s ]
INFO: [ app_begin ] --START--
INFO: Run Behavior\ReadHtmlCacheBehavior [ RunTime:0.000549s ]
INFO: [ app_begin ] --END-- [ RunTime:0.000647s ]
NOTIC: [8] Undefined index: user H:\wamp64\www\lplive\Application\Admin\Controller\AuthController.class.php 第 36 行.
SQL: SHOW COLUMNS FROM `think_auth_group` [ RunTime:0.0006s ]
SQL: SHOW COLUMNS FROM `think_auth_rule` [ RunTime:0.0007s ]
SQL: SELECT * FROM `think_auth_group` WHERE `id` = 'FZ1501307853' LIMIT 1   [ RunTime:0.0002s ]
SQL: SELECT * FROM `think_auth_rule`  [ RunTime:0.0061s ]
INFO: [ view_parse ] --START--
INFO: [ template_filter ] --START--
INFO: Run Behavior\ContentReplaceBehavior [ RunTime:0.000057s ]
INFO: [ template_filter ] --END-- [ RunTime:0.000138s ]
INFO: Run Behavior\ParseTemplateBehavior [ RunTime:0.007690s ]
INFO: [ view_parse ] --END-- [ RunTime:0.007776s ]
INFO: [ view_filter ] --START--
INFO: Run Behavior\WriteHtmlCacheBehavior [ RunTime:0.000446s ]
INFO: [ view_filter ] --END-- [ RunTime:0.000521s ]

[ 2017-07-29T13:57:43+08:00 ] ::1 /lplive/index.php/Admin/Admin/readAllRule.html
INFO: [ app_init ] --START--
INFO: Run Behavior\BuildLiteBehavior [ RunTime:0.000023s ]
INFO: [ app_init ] --END-- [ RunTime:0.000447s ]
INFO: [ app_begin ] --START--
INFO: Run Behavior\ReadHtmlCacheBehavior [ RunTime:0.000861s ]
INFO: [ app_begin ] --END-- [ RunTime:0.000990s ]
NOTIC: [8] Undefined index: user H:\wamp64\www\lplive\Application\Admin\Controller\AuthController.class.php 第 36 行.
SQL: SHOW COLUMNS FROM `think_auth_group` [ RunTime:0.0006s ]
SQL: SHOW COLUMNS FROM `think_auth_rule` [ RunTime:0.0005s ]
SQL: SELECT * FROM `think_auth_group` WHERE `id` = 'FZ1501307853' LIMIT 1   [ RunTime:0.0002s ]
SQL: SELECT * FROM `think_auth_rule`  [ RunTime:0.0002s ]
INFO: [ view_parse ] --START--
INFO: [ template_filter ] --START--
INFO: Run Behavior\ContentReplaceBehavior [ RunTime:0.000059s ]
INFO: [ template_filter ] --END-- [ RunTime:0.000138s ]
INFO: Run Behavior\ParseTemplateBehavior [ RunTime:0.007564s ]
INFO: [ view_parse ] --END-- [ RunTime:0.007649s ]
INFO: [ view_filter ] --START--
INFO: Run Behavior\WriteHtmlCacheBehavior [ RunTime:0.000437s ]
INFO: [ view_filter ] --END-- [ RunTime:0.000513s ]

