[ 2017-08-22T13:54:20+08:00 ] ::1 /lplive/index.php/Admin/Admin/admin
INFO: [ app_init ] --START--
INFO: Run Behavior\BuildLiteBehavior [ RunTime:0.000029s ]
INFO: [ app_init ] --END-- [ RunTime:0.001043s ]

[ 2017-08-22T13:54:20+08:00 ] ::1 /lplive/index.php/Admin/Login/admin_login
INFO: [ app_init ] --START--
INFO: Run Behavior\BuildLiteBehavior [ RunTime:0.000029s ]
INFO: [ app_init ] --END-- [ RunTime:0.000615s ]

[ 2017-08-22T13:54:31+08:00 ] ::1 /lplive/index.php/Admin/Login/login
INFO: [ app_init ] --START--
INFO: Run Behavior\BuildLiteBehavior [ RunTime:0.000026s ]
INFO: [ app_init ] --END-- [ RunTime:0.000480s ]
INFO: [ app_begin ] --START--
INFO: Run Behavior\ReadHtmlCacheBehavior [ RunTime:0.000482s ]
INFO: [ app_begin ] --END-- [ RunTime:0.000595s ]
SQL: SHOW COLUMNS FROM `think_admin_user` [ RunTime:0.0333s ]
SQL: SELECT * FROM `think_admin_user` WHERE `uphone` = '15511111111' OR `uemail` = '15511111111' LIMIT 1   [ RunTime:0.0004s ]
NOTIC: [8] Undefined offset: 1 H:\wamp64\www\lplive\Application\Admin\Controller\LoginController.class.php 第 18 行.
SQL: UPDATE `think_admin_user` SET `ulogin_date`='2017-08-22 13:54:31' WHERE `uphone` = '15511111111' OR `uemail` = '15511111111' [ RunTime:0.0005s ]
SQL: SELECT * FROM `think_admin_user` INNER JOIN think_auth_group_access on think_admin_user.uid = think_auth_group_access.uid INNER JOIN think_auth_group on think_auth_group.id = think_auth_group_access.group_id  WHERE think_admin_user.uid = 'LP1502695634'  [ RunTime:0.0093s ]

[ 2017-08-22T13:54:31+08:00 ] ::1 /lplive/index.php/Admin/Admin/admin
INFO: [ app_init ] --START--
INFO: Run Behavior\BuildLiteBehavior [ RunTime:0.000027s ]
INFO: [ app_init ] --END-- [ RunTime:0.000481s ]

[ 2017-08-22T13:55:51+08:00 ] ::1 /lplive/index.php/Admin/Admin/grounding
INFO: [ app_init ] --START--
INFO: Run Behavior\BuildLiteBehavior [ RunTime:0.000040s ]
INFO: [ app_init ] --END-- [ RunTime:0.000767s ]

