[ 2017-09-06T21:12:46+08:00 ] ::1 /lplive/index.php/Admin/Admin/admin
INFO: [ app_init ] --START--
INFO: Run Behavior\BuildLiteBehavior [ RunTime:0.000027s ]
INFO: [ app_init ] --END-- [ RunTime:0.000968s ]

[ 2017-09-06T21:12:46+08:00 ] ::1 /lplive/index.php/Admin/Login/admin_login
INFO: [ app_init ] --START--
INFO: Run Behavior\BuildLiteBehavior [ RunTime:0.000021s ]
INFO: [ app_init ] --END-- [ RunTime:0.000383s ]

[ 2017-09-06T21:12:54+08:00 ] ::1 /lplive/index.php/Admin/Login/login
INFO: [ app_init ] --START--
INFO: Run Behavior\BuildLiteBehavior [ RunTime:0.000020s ]
INFO: [ app_init ] --END-- [ RunTime:0.000378s ]
INFO: [ app_begin ] --START--
INFO: Run Behavior\ReadHtmlCacheBehavior [ RunTime:0.000349s ]
INFO: [ app_begin ] --END-- [ RunTime:0.000430s ]
SQL: SHOW COLUMNS FROM `think_admin_user` [ RunTime:0.0261s ]
SQL: SELECT * FROM `think_admin_user` WHERE `uphone` = '15522222222' OR `uemail` = '15522222222' LIMIT 1   [ RunTime:0.0005s ]
NOTIC: [8] Undefined offset: 1 H:\wamp64\www\lplive\Application\Admin\Controller\LoginController.class.php 第 18 行.
SQL: UPDATE `think_admin_user` SET `ulogin_date`='2017-09-06 21:12:54' WHERE `uphone` = '15522222222' OR `uemail` = '15522222222' [ RunTime:0.0004s ]
SQL: SELECT * FROM `think_admin_user` INNER JOIN think_auth_group_access on think_admin_user.uid = think_auth_group_access.uid INNER JOIN think_auth_group on think_auth_group.id = think_auth_group_access.group_id  WHERE think_admin_user.uid = 'LP1502695817'  [ RunTime:0.0406s ]

[ 2017-09-06T21:12:54+08:00 ] ::1 /lplive/index.php/Admin/Admin/admin
INFO: [ app_init ] --START--
INFO: Run Behavior\BuildLiteBehavior [ RunTime:0.000021s ]
INFO: [ app_init ] --END-- [ RunTime:0.000364s ]

[ 2017-09-06T21:12:56+08:00 ] ::1 /lplive/index.php/Admin/Admin/create_group
INFO: [ app_init ] --START--
INFO: Run Behavior\BuildLiteBehavior [ RunTime:0.000022s ]
INFO: [ app_init ] --END-- [ RunTime:0.000420s ]

[ 2017-09-06T21:13:00+08:00 ] ::1 /lplive/index.php/Admin/Admin/create_admin
INFO: [ app_init ] --START--
INFO: Run Behavior\BuildLiteBehavior [ RunTime:0.000021s ]
INFO: [ app_init ] --END-- [ RunTime:0.000360s ]

[ 2017-09-06T21:13:02+08:00 ] ::1 /lplive/index.php/Admin/Admin/group_list
INFO: [ app_init ] --START--
INFO: Run Behavior\BuildLiteBehavior [ RunTime:0.000021s ]
INFO: [ app_init ] --END-- [ RunTime:0.000371s ]

[ 2017-09-06T21:13:05+08:00 ] ::1 /lplive/index.php/Admin/Admin/readAllRule.html
INFO: [ app_init ] --START--
INFO: Run Behavior\BuildLiteBehavior [ RunTime:0.000021s ]
INFO: [ app_init ] --END-- [ RunTime:0.000379s ]
INFO: [ app_begin ] --START--
INFO: Run Behavior\ReadHtmlCacheBehavior [ RunTime:0.000364s ]
INFO: [ app_begin ] --END-- [ RunTime:0.000448s ]
SQL: SHOW COLUMNS FROM `think_auth_group_access` [ RunTime:0.0006s ]
SQL: SELECT `uid`,`group_id`,`title`,`rules` FROM think_auth_group_access a INNER JOIN think_auth_group g on a.group_id=g.id  WHERE ( a.uid='LP1502695817' and g.status='1' )  [ RunTime:0.0004s ]
SQL: SHOW COLUMNS FROM `think_auth_rule` [ RunTime:0.0005s ]
SQL: SELECT `condition`,`name` FROM `think_auth_rule` WHERE `id` IN ('GZ1502713931','GZ1502712947') AND `type` = 1 AND `status` = 1  [ RunTime:0.0007s ]
SQL: SHOW COLUMNS FROM `think_auth_group` [ RunTime:0.0004s ]
SQL: SHOW COLUMNS FROM `think_auth_rule` [ RunTime:0.0006s ]
SQL: SELECT * FROM `think_auth_group` WHERE `id` = 'FZ1502704850' LIMIT 1   [ RunTime:0.0002s ]
SQL: SELECT * FROM `think_auth_rule`  [ RunTime:0.0002s ]
INFO: [ view_parse ] --START--
INFO: [ template_filter ] --START--
INFO: Run Behavior\ContentReplaceBehavior [ RunTime:0.000055s ]
INFO: [ template_filter ] --END-- [ RunTime:0.000139s ]
INFO: Run Behavior\ParseTemplateBehavior [ RunTime:0.007011s ]
INFO: [ view_parse ] --END-- [ RunTime:0.007097s ]
INFO: [ view_filter ] --START--
INFO: Run Behavior\WriteHtmlCacheBehavior [ RunTime:0.000215s ]
INFO: [ view_filter ] --END-- [ RunTime:0.000297s ]

[ 2017-09-06T21:13:34+08:00 ] ::1 /lplive/index.php/Admin/Admin/create_admin
INFO: [ app_init ] --START--
INFO: Run Behavior\BuildLiteBehavior [ RunTime:0.000021s ]
INFO: [ app_init ] --END-- [ RunTime:0.000370s ]

[ 2017-09-06T21:13:36+08:00 ] ::1 /lplive/index.php/Admin/Admin/create_group
INFO: [ app_init ] --START--
INFO: Run Behavior\BuildLiteBehavior [ RunTime:0.000023s ]
INFO: [ app_init ] --END-- [ RunTime:0.000382s ]

[ 2017-09-06T21:13:36+08:00 ] ::1 /lplive/index.php/Admin/Admin/code_rule
INFO: [ app_init ] --START--
INFO: Run Behavior\BuildLiteBehavior [ RunTime:0.000021s ]
INFO: [ app_init ] --END-- [ RunTime:0.000362s ]

[ 2017-09-06T21:13:37+08:00 ] ::1 /lplive/index.php/Admin/Admin/create_group
INFO: [ app_init ] --START--
INFO: Run Behavior\BuildLiteBehavior [ RunTime:0.000022s ]
INFO: [ app_init ] --END-- [ RunTime:0.000372s ]

[ 2017-09-06T21:13:37+08:00 ] ::1 /lplive/index.php/Admin/Admin/create_admin
INFO: [ app_init ] --START--
INFO: Run Behavior\BuildLiteBehavior [ RunTime:0.000021s ]
INFO: [ app_init ] --END-- [ RunTime:0.000365s ]

[ 2017-09-06T21:13:38+08:00 ] ::1 /lplive/index.php/Admin/Admin/group_list
INFO: [ app_init ] --START--
INFO: Run Behavior\BuildLiteBehavior [ RunTime:0.000021s ]
INFO: [ app_init ] --END-- [ RunTime:0.000365s ]

[ 2017-09-06T21:13:39+08:00 ] ::1 /lplive/index.php/Admin/Admin/admin_list
INFO: [ app_init ] --START--
INFO: Run Behavior\BuildLiteBehavior [ RunTime:0.000022s ]
INFO: [ app_init ] --END-- [ RunTime:0.000376s ]

[ 2017-09-06T21:13:41+08:00 ] ::1 /lplive/index.php/Admin/Admin/grounding
INFO: [ app_init ] --START--
INFO: Run Behavior\BuildLiteBehavior [ RunTime:0.000022s ]
INFO: [ app_init ] --END-- [ RunTime:0.000387s ]

[ 2017-09-06T21:13:48+08:00 ] ::1 /lplive/index.php/Admin/Admin/admin_list
INFO: [ app_init ] --START--
INFO: Run Behavior\BuildLiteBehavior [ RunTime:0.000020s ]
INFO: [ app_init ] --END-- [ RunTime:0.000425s ]

[ 2017-09-06T21:13:49+08:00 ] ::1 /lplive/index.php/Admin/Admin/group_list
INFO: [ app_init ] --START--
INFO: Run Behavior\BuildLiteBehavior [ RunTime:0.000020s ]
INFO: [ app_init ] --END-- [ RunTime:0.000371s ]

[ 2017-09-06T21:13:50+08:00 ] ::1 /lplive/index.php/Admin/Admin/create_admin
INFO: [ app_init ] --START--
INFO: Run Behavior\BuildLiteBehavior [ RunTime:0.000021s ]
INFO: [ app_init ] --END-- [ RunTime:0.000365s ]

[ 2017-09-06T21:13:54+08:00 ] ::1 /lplive/index.php/Admin/Admin/admin_list
INFO: [ app_init ] --START--
INFO: Run Behavior\BuildLiteBehavior [ RunTime:0.000021s ]
INFO: [ app_init ] --END-- [ RunTime:0.000369s ]

[ 2017-09-06T21:14:01+08:00 ] ::1 /lplive/index.php/Admin/Admin/admin_list
INFO: [ app_init ] --START--
INFO: Run Behavior\BuildLiteBehavior [ RunTime:0.000021s ]
INFO: [ app_init ] --END-- [ RunTime:0.000383s ]

[ 2017-09-06T21:14:02+08:00 ] ::1 /lplive/index.php/Admin/Admin/group_list
INFO: [ app_init ] --START--
INFO: Run Behavior\BuildLiteBehavior [ RunTime:0.000021s ]
INFO: [ app_init ] --END-- [ RunTime:0.000372s ]

[ 2017-09-06T21:14:03+08:00 ] ::1 /lplive/index.php/Admin/Admin/create_admin
INFO: [ app_init ] --START--
INFO: Run Behavior\BuildLiteBehavior [ RunTime:0.000022s ]
INFO: [ app_init ] --END-- [ RunTime:0.000379s ]

[ 2017-09-06T21:14:21+08:00 ] ::1 /lplive/index.php/Admin/Admin/create_group
INFO: [ app_init ] --START--
INFO: Run Behavior\BuildLiteBehavior [ RunTime:0.000021s ]
INFO: [ app_init ] --END-- [ RunTime:0.000370s ]

[ 2017-09-06T21:14:21+08:00 ] ::1 /lplive/index.php/Admin/Admin/code_rule
INFO: [ app_init ] --START--
INFO: Run Behavior\BuildLiteBehavior [ RunTime:0.000020s ]
INFO: [ app_init ] --END-- [ RunTime:0.000358s ]

[ 2017-09-06T21:14:22+08:00 ] ::1 /lplive/index.php/Admin/Admin/admin
INFO: [ app_init ] --START--
INFO: Run Behavior\BuildLiteBehavior [ RunTime:0.000020s ]
INFO: [ app_init ] --END-- [ RunTime:0.000361s ]

[ 2017-09-06T21:14:24+08:00 ] ::1 /lplive/index.php/Admin/Admin/create_group
INFO: [ app_init ] --START--
INFO: Run Behavior\BuildLiteBehavior [ RunTime:0.000022s ]
INFO: [ app_init ] --END-- [ RunTime:0.000369s ]

[ 2017-09-06T21:14:24+08:00 ] ::1 /lplive/index.php/Admin/Admin/create_admin
INFO: [ app_init ] --START--
INFO: Run Behavior\BuildLiteBehavior [ RunTime:0.000021s ]
INFO: [ app_init ] --END-- [ RunTime:0.000364s ]

[ 2017-09-06T21:14:25+08:00 ] ::1 /lplive/index.php/Admin/Admin/group_list
INFO: [ app_init ] --START--
INFO: Run Behavior\BuildLiteBehavior [ RunTime:0.000021s ]
INFO: [ app_init ] --END-- [ RunTime:0.000368s ]

[ 2017-09-06T21:14:26+08:00 ] ::1 /lplive/index.php/Admin/Admin/admin_list
INFO: [ app_init ] --START--
INFO: Run Behavior\BuildLiteBehavior [ RunTime:0.000019s ]
INFO: [ app_init ] --END-- [ RunTime:0.000349s ]

[ 2017-09-06T21:14:29+08:00 ] ::1 /lplive/index.php/Admin/Admin/group_list
INFO: [ app_init ] --START--
INFO: Run Behavior\BuildLiteBehavior [ RunTime:0.000021s ]
INFO: [ app_init ] --END-- [ RunTime:0.000360s ]

[ 2017-09-06T21:14:30+08:00 ] ::1 /lplive/index.php/Admin/Admin/create_admin
INFO: [ app_init ] --START--
INFO: Run Behavior\BuildLiteBehavior [ RunTime:0.000020s ]
INFO: [ app_init ] --END-- [ RunTime:0.000361s ]

[ 2017-09-06T21:14:32+08:00 ] ::1 /lplive/index.php/Admin/Admin/create_group
INFO: [ app_init ] --START--
INFO: Run Behavior\BuildLiteBehavior [ RunTime:0.000024s ]
INFO: [ app_init ] --END-- [ RunTime:0.000404s ]

[ 2017-09-06T21:14:33+08:00 ] ::1 /lplive/index.php/Admin/Admin/code_rule
INFO: [ app_init ] --START--
INFO: Run Behavior\BuildLiteBehavior [ RunTime:0.000020s ]
INFO: [ app_init ] --END-- [ RunTime:0.000358s ]

[ 2017-09-06T21:14:42+08:00 ] ::1 /lplive/index.php/Admin/Admin/admin
INFO: [ app_init ] --START--
INFO: Run Behavior\BuildLiteBehavior [ RunTime:0.000021s ]
INFO: [ app_init ] --END-- [ RunTime:0.000360s ]

[ 2017-09-06T21:14:43+08:00 ] ::1 /lplive/index.php/Admin/Admin/create_group
INFO: [ app_init ] --START--
INFO: Run Behavior\BuildLiteBehavior [ RunTime:0.000022s ]
INFO: [ app_init ] --END-- [ RunTime:0.000372s ]

[ 2017-09-06T21:14:44+08:00 ] ::1 /lplive/index.php/Admin/Admin/create_admin
INFO: [ app_init ] --START--
INFO: Run Behavior\BuildLiteBehavior [ RunTime:0.000020s ]
INFO: [ app_init ] --END-- [ RunTime:0.000359s ]

[ 2017-09-06T21:14:45+08:00 ] ::1 /lplive/index.php/Admin/Admin/group_list
INFO: [ app_init ] --START--
INFO: Run Behavior\BuildLiteBehavior [ RunTime:0.000020s ]
INFO: [ app_init ] --END-- [ RunTime:0.000359s ]

[ 2017-09-06T21:14:46+08:00 ] ::1 /lplive/index.php/Admin/Admin/admin_list
INFO: [ app_init ] --START--
INFO: Run Behavior\BuildLiteBehavior [ RunTime:0.000021s ]
INFO: [ app_init ] --END-- [ RunTime:0.000413s ]

[ 2017-09-06T21:14:48+08:00 ] ::1 /lplive/index.php/Admin/Admin/grounding
INFO: [ app_init ] --START--
INFO: Run Behavior\BuildLiteBehavior [ RunTime:0.000052s ]
INFO: [ app_init ] --END-- [ RunTime:0.000778s ]

[ 2017-09-06T21:14:54+08:00 ] ::1 /lplive/index.php/Admin/Admin/admin_list
INFO: [ app_init ] --START--
INFO: Run Behavior\BuildLiteBehavior [ RunTime:0.000021s ]
INFO: [ app_init ] --END-- [ RunTime:0.000365s ]

[ 2017-09-06T21:14:57+08:00 ] ::1 /lplive/index.php/Admin/Admin/grounding
INFO: [ app_init ] --START--
INFO: Run Behavior\BuildLiteBehavior [ RunTime:0.000021s ]
INFO: [ app_init ] --END-- [ RunTime:0.000369s ]

[ 2017-09-06T21:15:00+08:00 ] ::1 /lplive/index.php/Admin/Admin/admin_list
INFO: [ app_init ] --START--
INFO: Run Behavior\BuildLiteBehavior [ RunTime:0.000020s ]
INFO: [ app_init ] --END-- [ RunTime:0.000357s ]

[ 2017-09-06T21:15:01+08:00 ] ::1 /lplive/index.php/Admin/Admin/group_list
INFO: [ app_init ] --START--
INFO: Run Behavior\BuildLiteBehavior [ RunTime:0.000021s ]
INFO: [ app_init ] --END-- [ RunTime:0.000362s ]

[ 2017-09-06T21:15:02+08:00 ] ::1 /lplive/index.php/Admin/Admin/create_admin
INFO: [ app_init ] --START--
INFO: Run Behavior\BuildLiteBehavior [ RunTime:0.000036s ]
INFO: [ app_init ] --END-- [ RunTime:0.000570s ]

[ 2017-09-06T21:15:04+08:00 ] ::1 /lplive/index.php/Admin/Admin/loginOut
INFO: [ app_init ] --START--
INFO: Run Behavior\BuildLiteBehavior [ RunTime:0.000021s ]
INFO: [ app_init ] --END-- [ RunTime:0.000380s ]
INFO: [ app_begin ] --START--
INFO: Run Behavior\ReadHtmlCacheBehavior [ RunTime:0.000383s ]
INFO: [ app_begin ] --END-- [ RunTime:0.000471s ]

[ 2017-09-06T21:15:04+08:00 ] ::1 /lplive/index.php/Admin/Admin/admin
INFO: [ app_init ] --START--
INFO: Run Behavior\BuildLiteBehavior [ RunTime:0.000022s ]
INFO: [ app_init ] --END-- [ RunTime:0.000364s ]

[ 2017-09-06T21:15:04+08:00 ] ::1 /lplive/index.php/Admin/Login/admin_login
INFO: [ app_init ] --START--
INFO: Run Behavior\BuildLiteBehavior [ RunTime:0.000021s ]
INFO: [ app_init ] --END-- [ RunTime:0.000365s ]

[ 2017-09-06T21:15:11+08:00 ] ::1 /lplive/index.php/Admin/Login/login
INFO: [ app_init ] --START--
INFO: Run Behavior\BuildLiteBehavior [ RunTime:0.000020s ]
INFO: [ app_init ] --END-- [ RunTime:0.000360s ]
INFO: [ app_begin ] --START--
INFO: Run Behavior\ReadHtmlCacheBehavior [ RunTime:0.000373s ]
INFO: [ app_begin ] --END-- [ RunTime:0.000457s ]
SQL: SHOW COLUMNS FROM `think_admin_user` [ RunTime:0.0006s ]
SQL: SELECT * FROM `think_admin_user` WHERE `uphone` = '15511111111' OR `uemail` = '15511111111' LIMIT 1   [ RunTime:0.0002s ]
NOTIC: [8] Undefined offset: 1 H:\wamp64\www\lplive\Application\Admin\Controller\LoginController.class.php 第 18 行.

[ 2017-09-06T21:15:19+08:00 ] ::1 /lplive/index.php/Admin/Login/login
INFO: [ app_init ] --START--
INFO: Run Behavior\BuildLiteBehavior [ RunTime:0.000020s ]
INFO: [ app_init ] --END-- [ RunTime:0.000357s ]
INFO: [ app_begin ] --START--
INFO: Run Behavior\ReadHtmlCacheBehavior [ RunTime:0.000387s ]
INFO: [ app_begin ] --END-- [ RunTime:0.000484s ]
SQL: SHOW COLUMNS FROM `think_admin_user` [ RunTime:0.0007s ]
SQL: SELECT * FROM `think_admin_user` WHERE `uphone` = '15511111111' OR `uemail` = '15511111111' LIMIT 1   [ RunTime:0.0002s ]
NOTIC: [8] Undefined offset: 1 H:\wamp64\www\lplive\Application\Admin\Controller\LoginController.class.php 第 18 行.
SQL: UPDATE `think_admin_user` SET `ulogin_date`='2017-09-06 21:15:19' WHERE `uphone` = '15511111111' OR `uemail` = '15511111111' [ RunTime:0.0002s ]
SQL: SELECT * FROM `think_admin_user` INNER JOIN think_auth_group_access on think_admin_user.uid = think_auth_group_access.uid INNER JOIN think_auth_group on think_auth_group.id = think_auth_group_access.group_id  WHERE think_admin_user.uid = 'LP1502695634'  [ RunTime:0.0003s ]

[ 2017-09-06T21:15:19+08:00 ] ::1 /lplive/index.php/Admin/Admin/admin
INFO: [ app_init ] --START--
INFO: Run Behavior\BuildLiteBehavior [ RunTime:0.000021s ]
INFO: [ app_init ] --END-- [ RunTime:0.000372s ]

[ 2017-09-06T21:15:20+08:00 ] ::1 /lplive/index.php/Admin/Admin/create_group
INFO: [ app_init ] --START--
INFO: Run Behavior\BuildLiteBehavior [ RunTime:0.000023s ]
INFO: [ app_init ] --END-- [ RunTime:0.000374s ]

[ 2017-09-06T21:15:20+08:00 ] ::1 /lplive/index.php/Admin/Admin/create_admin
INFO: [ app_init ] --START--
INFO: Run Behavior\BuildLiteBehavior [ RunTime:0.000020s ]
INFO: [ app_init ] --END-- [ RunTime:0.000350s ]

[ 2017-09-06T21:15:21+08:00 ] ::1 /lplive/index.php/Admin/Admin/group_list
INFO: [ app_init ] --START--
INFO: Run Behavior\BuildLiteBehavior [ RunTime:0.000020s ]
INFO: [ app_init ] --END-- [ RunTime:0.000347s ]

[ 2017-09-06T21:15:22+08:00 ] ::1 /lplive/index.php/Admin/Admin/admin_list
INFO: [ app_init ] --START--
INFO: Run Behavior\BuildLiteBehavior [ RunTime:0.000073s ]
INFO: [ app_init ] --END-- [ RunTime:0.000932s ]

[ 2017-09-06T21:15:25+08:00 ] ::1 /lplive/index.php/Admin/Admin/group_list
INFO: [ app_init ] --START--
INFO: Run Behavior\BuildLiteBehavior [ RunTime:0.000020s ]
INFO: [ app_init ] --END-- [ RunTime:0.000363s ]

[ 2017-09-06T21:15:26+08:00 ] ::1 /lplive/index.php/Admin/Admin/readAllRule.html
INFO: [ app_init ] --START--
INFO: Run Behavior\BuildLiteBehavior [ RunTime:0.000021s ]
INFO: [ app_init ] --END-- [ RunTime:0.000373s ]
INFO: [ app_begin ] --START--
INFO: Run Behavior\ReadHtmlCacheBehavior [ RunTime:0.000365s ]
INFO: [ app_begin ] --END-- [ RunTime:0.000451s ]
SQL: SHOW COLUMNS FROM `think_auth_group` [ RunTime:0.0005s ]
SQL: SHOW COLUMNS FROM `think_auth_rule` [ RunTime:0.0004s ]
SQL: SELECT * FROM `think_auth_group` WHERE `id` = 'FZ1502704850' LIMIT 1   [ RunTime:0.0002s ]
SQL: SELECT * FROM `think_auth_rule`  [ RunTime:0.0002s ]
INFO: [ view_parse ] --START--
INFO: [ template_filter ] --START--
INFO: Run Behavior\ContentReplaceBehavior [ RunTime:0.000061s ]
INFO: [ template_filter ] --END-- [ RunTime:0.000144s ]
INFO: Run Behavior\ParseTemplateBehavior [ RunTime:0.006720s ]
INFO: [ view_parse ] --END-- [ RunTime:0.006809s ]
INFO: [ view_filter ] --START--
INFO: Run Behavior\WriteHtmlCacheBehavior [ RunTime:0.000245s ]
INFO: [ view_filter ] --END-- [ RunTime:0.000322s ]

[ 2017-09-06T21:15:28+08:00 ] ::1 /lplive/index.php/Admin/Admin/saveGroupRule.html
INFO: [ app_init ] --START--
INFO: Run Behavior\BuildLiteBehavior [ RunTime:0.000020s ]
INFO: [ app_init ] --END-- [ RunTime:0.000360s ]
INFO: [ app_begin ] --START--
INFO: Run Behavior\ReadHtmlCacheBehavior [ RunTime:0.000361s ]
INFO: [ app_begin ] --END-- [ RunTime:0.000443s ]
SQL: SHOW COLUMNS FROM `think_auth_group` [ RunTime:0.0005s ]
SQL: UPDATE `think_auth_group` SET `rules`='' WHERE `id` = 'FZ1502704850' [ RunTime:0.0003s ]

[ 2017-09-06T21:15:29+08:00 ] ::1 /lplive/index.php/Admin/Admin/group_list
INFO: [ app_init ] --START--
INFO: Run Behavior\BuildLiteBehavior [ RunTime:0.000025s ]
INFO: [ app_init ] --END-- [ RunTime:0.000476s ]

[ 2017-09-06T21:15:31+08:00 ] ::1 /lplive/index.php/Admin/Admin/loginOut
INFO: [ app_init ] --START--
INFO: Run Behavior\BuildLiteBehavior [ RunTime:0.000020s ]
INFO: [ app_init ] --END-- [ RunTime:0.000361s ]
INFO: [ app_begin ] --START--
INFO: Run Behavior\ReadHtmlCacheBehavior [ RunTime:0.000378s ]
INFO: [ app_begin ] --END-- [ RunTime:0.000462s ]

[ 2017-09-06T21:15:31+08:00 ] ::1 /lplive/index.php/Admin/Admin/admin
INFO: [ app_init ] --START--
INFO: Run Behavior\BuildLiteBehavior [ RunTime:0.000020s ]
INFO: [ app_init ] --END-- [ RunTime:0.000369s ]

[ 2017-09-06T21:15:31+08:00 ] ::1 /lplive/index.php/Admin/Login/admin_login
INFO: [ app_init ] --START--
INFO: Run Behavior\BuildLiteBehavior [ RunTime:0.000022s ]
INFO: [ app_init ] --END-- [ RunTime:0.000371s ]

[ 2017-09-06T21:15:39+08:00 ] ::1 /lplive/index.php/Admin/Login/login
INFO: [ app_init ] --START--
INFO: Run Behavior\BuildLiteBehavior [ RunTime:0.000021s ]
INFO: [ app_init ] --END-- [ RunTime:0.000351s ]
INFO: [ app_begin ] --START--
INFO: Run Behavior\ReadHtmlCacheBehavior [ RunTime:0.000393s ]
INFO: [ app_begin ] --END-- [ RunTime:0.000473s ]
SQL: SHOW COLUMNS FROM `think_admin_user` [ RunTime:0.0006s ]
SQL: SELECT * FROM `think_admin_user` WHERE `uphone` = '15522222222' OR `uemail` = '15522222222' LIMIT 1   [ RunTime:0.0002s ]
NOTIC: [8] Undefined offset: 1 H:\wamp64\www\lplive\Application\Admin\Controller\LoginController.class.php 第 18 行.
SQL: UPDATE `think_admin_user` SET `ulogin_date`='2017-09-06 21:15:39' WHERE `uphone` = '15522222222' OR `uemail` = '15522222222' [ RunTime:0.0002s ]
SQL: SELECT * FROM `think_admin_user` INNER JOIN think_auth_group_access on think_admin_user.uid = think_auth_group_access.uid INNER JOIN think_auth_group on think_auth_group.id = think_auth_group_access.group_id  WHERE think_admin_user.uid = 'LP1502695817'  [ RunTime:0.0003s ]

[ 2017-09-06T21:15:39+08:00 ] ::1 /lplive/index.php/Admin/Admin/admin
INFO: [ app_init ] --START--
INFO: Run Behavior\BuildLiteBehavior [ RunTime:0.000020s ]
INFO: [ app_init ] --END-- [ RunTime:0.000366s ]

[ 2017-09-06T21:15:41+08:00 ] ::1 /lplive/index.php/Admin/Admin/create_group
INFO: [ app_init ] --START--
INFO: Run Behavior\BuildLiteBehavior [ RunTime:0.000036s ]
INFO: [ app_init ] --END-- [ RunTime:0.000628s ]

[ 2017-09-06T21:15:43+08:00 ] ::1 /lplive/index.php/Admin/Admin/create_admin
INFO: [ app_init ] --START--
INFO: Run Behavior\BuildLiteBehavior [ RunTime:0.000022s ]
INFO: [ app_init ] --END-- [ RunTime:0.000415s ]

[ 2017-09-06T21:15:46+08:00 ] ::1 /lplive/index.php/Admin/Admin/group_list
INFO: [ app_init ] --START--
INFO: Run Behavior\BuildLiteBehavior [ RunTime:0.000022s ]
INFO: [ app_init ] --END-- [ RunTime:0.000374s ]

[ 2017-09-06T21:15:47+08:00 ] ::1 /lplive/index.php/Admin/Admin/admin_list
INFO: [ app_init ] --START--
INFO: Run Behavior\BuildLiteBehavior [ RunTime:0.000020s ]
INFO: [ app_init ] --END-- [ RunTime:0.000361s ]

[ 2017-09-06T21:15:48+08:00 ] ::1 /lplive/index.php/Admin/Admin/grounding
INFO: [ app_init ] --START--
INFO: Run Behavior\BuildLiteBehavior [ RunTime:0.000022s ]
INFO: [ app_init ] --END-- [ RunTime:0.000387s ]

[ 2017-09-06T21:17:47+08:00 ] ::1 /lplive/index.php/Admin/Admin/admin
INFO: [ app_init ] --START--
INFO: Run Behavior\BuildLiteBehavior [ RunTime:0.000022s ]
INFO: [ app_init ] --END-- [ RunTime:0.000480s ]

[ 2017-09-06T21:17:48+08:00 ] ::1 /lplive/index.php/Admin/Admin/create_group
INFO: [ app_init ] --START--
INFO: Run Behavior\BuildLiteBehavior [ RunTime:0.000020s ]
INFO: [ app_init ] --END-- [ RunTime:0.000373s ]

[ 2017-09-06T21:17:48+08:00 ] ::1 /lplive/index.php/Admin/Admin/group_list
INFO: [ app_init ] --START--
INFO: Run Behavior\BuildLiteBehavior [ RunTime:0.000023s ]
INFO: [ app_init ] --END-- [ RunTime:0.000376s ]

[ 2017-09-06T21:17:49+08:00 ] ::1 /lplive/index.php/Admin/Admin/create_admin
INFO: [ app_init ] --START--
INFO: Run Behavior\BuildLiteBehavior [ RunTime:0.000021s ]
INFO: [ app_init ] --END-- [ RunTime:0.000365s ]

[ 2017-09-06T21:17:49+08:00 ] ::1 /lplive/index.php/Admin/Admin/group_list
INFO: [ app_init ] --START--
INFO: Run Behavior\BuildLiteBehavior [ RunTime:0.000038s ]
INFO: [ app_init ] --END-- [ RunTime:0.000625s ]

[ 2017-09-06T21:17:50+08:00 ] ::1 /lplive/index.php/Admin/Admin/admin_list
INFO: [ app_init ] --START--
INFO: Run Behavior\BuildLiteBehavior [ RunTime:0.000021s ]
INFO: [ app_init ] --END-- [ RunTime:0.000366s ]

[ 2017-09-06T21:17:50+08:00 ] ::1 /lplive/index.php/Admin/Admin/grounding
INFO: [ app_init ] --START--
INFO: Run Behavior\BuildLiteBehavior [ RunTime:0.000021s ]
INFO: [ app_init ] --END-- [ RunTime:0.000361s ]

[ 2017-09-06T21:18:53+08:00 ] ::1 /lplive/index.php/Admin/Admin/admin
INFO: [ app_init ] --START--
INFO: Run Behavior\BuildLiteBehavior [ RunTime:0.000021s ]
INFO: [ app_init ] --END-- [ RunTime:0.000397s ]

[ 2017-09-06T21:18:55+08:00 ] ::1 /lplive/index.php/Admin/Admin/create_group
INFO: [ app_init ] --START--
INFO: Run Behavior\BuildLiteBehavior [ RunTime:0.000021s ]
INFO: [ app_init ] --END-- [ RunTime:0.000371s ]

[ 2017-09-06T21:18:56+08:00 ] ::1 /lplive/index.php/Admin/Admin/create_admin
INFO: [ app_init ] --START--
INFO: Run Behavior\BuildLiteBehavior [ RunTime:0.000021s ]
INFO: [ app_init ] --END-- [ RunTime:0.000362s ]

[ 2017-09-06T21:18:56+08:00 ] ::1 /lplive/index.php/Admin/Admin/group_list
INFO: [ app_init ] --START--
INFO: Run Behavior\BuildLiteBehavior [ RunTime:0.000023s ]
INFO: [ app_init ] --END-- [ RunTime:0.000381s ]

[ 2017-09-06T21:18:57+08:00 ] ::1 /lplive/index.php/Admin/Admin/admin_list
INFO: [ app_init ] --START--
INFO: Run Behavior\BuildLiteBehavior [ RunTime:0.000020s ]
INFO: [ app_init ] --END-- [ RunTime:0.000355s ]

[ 2017-09-06T21:18:57+08:00 ] ::1 /lplive/index.php/Admin/Admin/grounding
INFO: [ app_init ] --START--
INFO: Run Behavior\BuildLiteBehavior [ RunTime:0.000040s ]
INFO: [ app_init ] --END-- [ RunTime:0.000663s ]

[ 2017-09-06T21:21:03+08:00 ] ::1 /lplive/index.php/Admin/Admin/admin
INFO: [ app_init ] --START--
INFO: Run Behavior\BuildLiteBehavior [ RunTime:0.000066s ]
INFO: [ app_init ] --END-- [ RunTime:0.000684s ]

[ 2017-09-06T21:21:04+08:00 ] ::1 /lplive/index.php/Admin/Admin/create_group
INFO: [ app_init ] --START--
INFO: Run Behavior\BuildLiteBehavior [ RunTime:0.000020s ]
INFO: [ app_init ] --END-- [ RunTime:0.000427s ]

[ 2017-09-06T21:21:05+08:00 ] ::1 /lplive/index.php/Admin/Admin/create_admin
INFO: [ app_init ] --START--
INFO: Run Behavior\BuildLiteBehavior [ RunTime:0.000021s ]
INFO: [ app_init ] --END-- [ RunTime:0.000364s ]

[ 2017-09-06T21:21:06+08:00 ] ::1 /lplive/index.php/Admin/Admin/admin_list
INFO: [ app_init ] --START--
INFO: Run Behavior\BuildLiteBehavior [ RunTime:0.000020s ]
INFO: [ app_init ] --END-- [ RunTime:0.000362s ]

[ 2017-09-06T21:21:06+08:00 ] ::1 /lplive/index.php/Admin/Admin/group_list
INFO: [ app_init ] --START--
INFO: Run Behavior\BuildLiteBehavior [ RunTime:0.000021s ]
INFO: [ app_init ] --END-- [ RunTime:0.000368s ]

[ 2017-09-06T21:21:07+08:00 ] ::1 /lplive/index.php/Admin/Admin/admin_list
INFO: [ app_init ] --START--
INFO: Run Behavior\BuildLiteBehavior [ RunTime:0.000022s ]
INFO: [ app_init ] --END-- [ RunTime:0.000368s ]

[ 2017-09-06T21:21:08+08:00 ] ::1 /lplive/index.php/Admin/Admin/grounding
INFO: [ app_init ] --START--
INFO: Run Behavior\BuildLiteBehavior [ RunTime:0.000021s ]
INFO: [ app_init ] --END-- [ RunTime:0.000379s ]

[ 2017-09-06T21:21:28+08:00 ] ::1 /lplive/index.php/Admin/Admin/admin
INFO: [ app_init ] --START--
INFO: Run Behavior\BuildLiteBehavior [ RunTime:0.000024s ]
INFO: [ app_init ] --END-- [ RunTime:0.000460s ]

[ 2017-09-06T21:21:29+08:00 ] ::1 /lplive/index.php/Admin/Admin/create_group
INFO: [ app_init ] --START--
INFO: Run Behavior\BuildLiteBehavior [ RunTime:0.000025s ]
INFO: [ app_init ] --END-- [ RunTime:0.000444s ]

[ 2017-09-06T21:21:30+08:00 ] ::1 /lplive/index.php/Admin/Admin/create_admin
INFO: [ app_init ] --START--
INFO: Run Behavior\BuildLiteBehavior [ RunTime:0.000021s ]
INFO: [ app_init ] --END-- [ RunTime:0.000357s ]

[ 2017-09-06T21:21:30+08:00 ] ::1 /lplive/index.php/Admin/Admin/group_list
INFO: [ app_init ] --START--
INFO: Run Behavior\BuildLiteBehavior [ RunTime:0.000020s ]
INFO: [ app_init ] --END-- [ RunTime:0.000344s ]

[ 2017-09-06T21:21:31+08:00 ] ::1 /lplive/index.php/Admin/Admin/admin_list
INFO: [ app_init ] --START--
INFO: Run Behavior\BuildLiteBehavior [ RunTime:0.000019s ]
INFO: [ app_init ] --END-- [ RunTime:0.000374s ]

[ 2017-09-06T21:21:31+08:00 ] ::1 /lplive/index.php/Admin/Admin/grounding
INFO: [ app_init ] --START--
INFO: Run Behavior\BuildLiteBehavior [ RunTime:0.000041s ]
INFO: [ app_init ] --END-- [ RunTime:0.000619s ]

[ 2017-09-06T21:21:54+08:00 ] ::1 /lplive/index.php/Admin/Admin/admin
INFO: [ app_init ] --START--
INFO: Run Behavior\BuildLiteBehavior [ RunTime:0.000064s ]
INFO: [ app_init ] --END-- [ RunTime:0.001065s ]

[ 2017-09-06T21:21:55+08:00 ] ::1 /lplive/index.php/Admin/Admin/admin
INFO: [ app_init ] --START--
INFO: Run Behavior\BuildLiteBehavior [ RunTime:0.000026s ]
INFO: [ app_init ] --END-- [ RunTime:0.000464s ]

[ 2017-09-06T21:21:55+08:00 ] ::1 /lplive/index.php/Admin/Admin/admin
INFO: [ app_init ] --START--
INFO: Run Behavior\BuildLiteBehavior [ RunTime:0.000022s ]
INFO: [ app_init ] --END-- [ RunTime:0.000379s ]

[ 2017-09-06T21:21:55+08:00 ] ::1 /lplive/index.php/Admin/Admin/admin
INFO: [ app_init ] --START--
INFO: Run Behavior\BuildLiteBehavior [ RunTime:0.000029s ]
INFO: [ app_init ] --END-- [ RunTime:0.000385s ]

[ 2017-09-06T21:21:56+08:00 ] ::1 /lplive/index.php/Admin/Admin/create_group
INFO: [ app_init ] --START--
INFO: Run Behavior\BuildLiteBehavior [ RunTime:0.000021s ]
INFO: [ app_init ] --END-- [ RunTime:0.000357s ]

[ 2017-09-06T21:21:57+08:00 ] ::1 /lplive/index.php/Admin/Admin/create_admin
INFO: [ app_init ] --START--
INFO: Run Behavior\BuildLiteBehavior [ RunTime:0.000023s ]
INFO: [ app_init ] --END-- [ RunTime:0.000369s ]

[ 2017-09-06T21:21:57+08:00 ] ::1 /lplive/index.php/Admin/Admin/admin_list
INFO: [ app_init ] --START--
INFO: Run Behavior\BuildLiteBehavior [ RunTime:0.000020s ]
INFO: [ app_init ] --END-- [ RunTime:0.000360s ]

[ 2017-09-06T21:21:58+08:00 ] ::1 /lplive/index.php/Admin/Admin/group_list
INFO: [ app_init ] --START--
INFO: Run Behavior\BuildLiteBehavior [ RunTime:0.000020s ]
INFO: [ app_init ] --END-- [ RunTime:0.000356s ]

[ 2017-09-06T21:21:58+08:00 ] ::1 /lplive/index.php/Admin/Admin/grounding
INFO: [ app_init ] --START--
INFO: Run Behavior\BuildLiteBehavior [ RunTime:0.000023s ]
INFO: [ app_init ] --END-- [ RunTime:0.000408s ]

[ 2017-09-06T21:22:19+08:00 ] ::1 /lplive/index.php/Admin/Admin/admin
INFO: [ app_init ] --START--
INFO: Run Behavior\BuildLiteBehavior [ RunTime:0.000047s ]
INFO: [ app_init ] --END-- [ RunTime:0.000592s ]

[ 2017-09-06T21:22:19+08:00 ] ::1 /lplive/index.php/Admin/Admin/admin
INFO: [ app_init ] --START--
INFO: Run Behavior\BuildLiteBehavior [ RunTime:0.000020s ]
INFO: [ app_init ] --END-- [ RunTime:0.000358s ]

[ 2017-09-06T21:22:20+08:00 ] ::1 /lplive/index.php/Admin/Admin/admin
INFO: [ app_init ] --START--
INFO: Run Behavior\BuildLiteBehavior [ RunTime:0.000023s ]
INFO: [ app_init ] --END-- [ RunTime:0.000374s ]

[ 2017-09-06T21:22:20+08:00 ] ::1 /lplive/index.php/Admin/Admin/admin
INFO: [ app_init ] --START--
INFO: Run Behavior\BuildLiteBehavior [ RunTime:0.000040s ]
INFO: [ app_init ] --END-- [ RunTime:0.000628s ]

[ 2017-09-06T21:22:20+08:00 ] ::1 /lplive/index.php/Admin/Admin/admin
INFO: [ app_init ] --START--
INFO: Run Behavior\BuildLiteBehavior [ RunTime:0.000023s ]
INFO: [ app_init ] --END-- [ RunTime:0.000374s ]

[ 2017-09-06T21:22:21+08:00 ] ::1 /lplive/index.php/Admin/Admin/create_group
INFO: [ app_init ] --START--
INFO: Run Behavior\BuildLiteBehavior [ RunTime:0.000020s ]
INFO: [ app_init ] --END-- [ RunTime:0.000355s ]

[ 2017-09-06T21:22:21+08:00 ] ::1 /lplive/index.php/Admin/Admin/create_admin
INFO: [ app_init ] --START--
INFO: Run Behavior\BuildLiteBehavior [ RunTime:0.000021s ]
INFO: [ app_init ] --END-- [ RunTime:0.000358s ]

[ 2017-09-06T21:22:22+08:00 ] ::1 /lplive/index.php/Admin/Admin/group_list
INFO: [ app_init ] --START--
INFO: Run Behavior\BuildLiteBehavior [ RunTime:0.000020s ]
INFO: [ app_init ] --END-- [ RunTime:0.000355s ]

[ 2017-09-06T21:22:23+08:00 ] ::1 /lplive/index.php/Admin/Admin/admin_list
INFO: [ app_init ] --START--
INFO: Run Behavior\BuildLiteBehavior [ RunTime:0.000019s ]
INFO: [ app_init ] --END-- [ RunTime:0.000359s ]

[ 2017-09-06T21:22:23+08:00 ] ::1 /lplive/index.php/Admin/Admin/grounding
INFO: [ app_init ] --START--
INFO: Run Behavior\BuildLiteBehavior [ RunTime:0.000025s ]
INFO: [ app_init ] --END-- [ RunTime:0.000868s ]

[ 2017-09-06T21:23:03+08:00 ] ::1 /lplive/index.php/Admin/Admin/admin
INFO: [ app_init ] --START--
INFO: Run Behavior\BuildLiteBehavior [ RunTime:0.000021s ]
INFO: [ app_init ] --END-- [ RunTime:0.000374s ]

[ 2017-09-06T21:23:04+08:00 ] ::1 /lplive/index.php/Admin/Admin/admin
INFO: [ app_init ] --START--
INFO: Run Behavior\BuildLiteBehavior [ RunTime:0.000020s ]
INFO: [ app_init ] --END-- [ RunTime:0.000360s ]

[ 2017-09-06T21:23:06+08:00 ] ::1 /lplive/index.php/Admin/Admin/create_group
INFO: [ app_init ] --START--
INFO: Run Behavior\BuildLiteBehavior [ RunTime:0.000021s ]
INFO: [ app_init ] --END-- [ RunTime:0.000405s ]

[ 2017-09-06T21:23:07+08:00 ] ::1 /lplive/index.php/Admin/Admin/create_admin
INFO: [ app_init ] --START--
INFO: Run Behavior\BuildLiteBehavior [ RunTime:0.000021s ]
INFO: [ app_init ] --END-- [ RunTime:0.000366s ]

[ 2017-09-06T21:23:07+08:00 ] ::1 /lplive/index.php/Admin/Admin/group_list
INFO: [ app_init ] --START--
INFO: Run Behavior\BuildLiteBehavior [ RunTime:0.000020s ]
INFO: [ app_init ] --END-- [ RunTime:0.000349s ]

[ 2017-09-06T21:23:08+08:00 ] ::1 /lplive/index.php/Admin/Admin/admin_list
INFO: [ app_init ] --START--
INFO: Run Behavior\BuildLiteBehavior [ RunTime:0.000020s ]
INFO: [ app_init ] --END-- [ RunTime:0.000448s ]

[ 2017-09-06T21:23:09+08:00 ] ::1 /lplive/index.php/Admin/Admin/grounding
INFO: [ app_init ] --START--
INFO: Run Behavior\BuildLiteBehavior [ RunTime:0.000058s ]
INFO: [ app_init ] --END-- [ RunTime:0.000699s ]

[ 2017-09-06T21:24:33+08:00 ] ::1 /lplive/index.php/Admin/Admin/admin
INFO: [ app_init ] --START--
INFO: Run Behavior\BuildLiteBehavior [ RunTime:0.000037s ]
INFO: [ app_init ] --END-- [ RunTime:0.000446s ]

[ 2017-09-06T21:24:33+08:00 ] ::1 /lplive/index.php/Admin/Admin/admin
INFO: [ app_init ] --START--
INFO: Run Behavior\BuildLiteBehavior [ RunTime:0.000037s ]
INFO: [ app_init ] --END-- [ RunTime:0.000417s ]

[ 2017-09-06T21:24:34+08:00 ] ::1 /lplive/index.php/Admin/Admin/create_group
INFO: [ app_init ] --START--
INFO: Run Behavior\BuildLiteBehavior [ RunTime:0.000021s ]
INFO: [ app_init ] --END-- [ RunTime:0.000404s ]

[ 2017-09-06T21:24:37+08:00 ] ::1 /lplive/index.php/Admin/Admin/create_admin
INFO: [ app_init ] --START--
INFO: Run Behavior\BuildLiteBehavior [ RunTime:0.000021s ]
INFO: [ app_init ] --END-- [ RunTime:0.000362s ]

[ 2017-09-06T21:24:38+08:00 ] ::1 /lplive/index.php/Admin/Admin/group_list
INFO: [ app_init ] --START--
INFO: Run Behavior\BuildLiteBehavior [ RunTime:0.000020s ]
INFO: [ app_init ] --END-- [ RunTime:0.000369s ]

[ 2017-09-06T21:24:39+08:00 ] ::1 /lplive/index.php/Admin/Admin/admin_list
INFO: [ app_init ] --START--
INFO: Run Behavior\BuildLiteBehavior [ RunTime:0.000021s ]
INFO: [ app_init ] --END-- [ RunTime:0.000361s ]

[ 2017-09-06T21:24:40+08:00 ] ::1 /lplive/index.php/Admin/Admin/grounding
INFO: [ app_init ] --START--
INFO: Run Behavior\BuildLiteBehavior [ RunTime:0.000021s ]
INFO: [ app_init ] --END-- [ RunTime:0.000407s ]

[ 2017-09-06T21:26:26+08:00 ] ::1 /lplive/index.php/Admin/Admin/admin
INFO: [ app_init ] --START--
INFO: Run Behavior\BuildLiteBehavior [ RunTime:0.000454s ]
INFO: [ app_init ] --END-- [ RunTime:0.001378s ]

[ 2017-09-06T21:26:27+08:00 ] ::1 /lplive/index.php/Admin/Admin/create_group
INFO: [ app_init ] --START--
INFO: Run Behavior\BuildLiteBehavior [ RunTime:0.000021s ]
INFO: [ app_init ] --END-- [ RunTime:0.000366s ]

[ 2017-09-06T21:26:28+08:00 ] ::1 /lplive/index.php/Admin/Admin/create_admin
INFO: [ app_init ] --START--
INFO: Run Behavior\BuildLiteBehavior [ RunTime:0.000022s ]
INFO: [ app_init ] --END-- [ RunTime:0.000627s ]

[ 2017-09-06T21:26:28+08:00 ] ::1 /lplive/index.php/Admin/Admin/group_list
INFO: [ app_init ] --START--
INFO: Run Behavior\BuildLiteBehavior [ RunTime:0.000021s ]
INFO: [ app_init ] --END-- [ RunTime:0.000378s ]

[ 2017-09-06T21:26:29+08:00 ] ::1 /lplive/index.php/Admin/Admin/admin_list
INFO: [ app_init ] --START--
INFO: Run Behavior\BuildLiteBehavior [ RunTime:0.000021s ]
INFO: [ app_init ] --END-- [ RunTime:0.000363s ]

[ 2017-09-06T21:26:29+08:00 ] ::1 /lplive/index.php/Admin/Admin/grounding
INFO: [ app_init ] --START--
INFO: Run Behavior\BuildLiteBehavior [ RunTime:0.000022s ]
INFO: [ app_init ] --END-- [ RunTime:0.000370s ]

[ 2017-09-06T21:29:19+08:00 ] ::1 /lplive/index.php/Admin/Admin/admin
INFO: [ app_init ] --START--
INFO: Run Behavior\BuildLiteBehavior [ RunTime:0.000024s ]
INFO: [ app_init ] --END-- [ RunTime:0.000486s ]

[ 2017-09-06T21:29:19+08:00 ] ::1 /lplive/index.php/Admin/Admin/create_group
INFO: [ app_init ] --START--
INFO: Run Behavior\BuildLiteBehavior [ RunTime:0.000020s ]
INFO: [ app_init ] --END-- [ RunTime:0.000365s ]
ERR: 模板不存在:./Application/Admin/View/Auth/noAut.html

[ 2017-09-06T21:29:34+08:00 ] ::1 /lplive/index.php/Admin/Admin/admin
INFO: [ app_init ] --START--
INFO: Run Behavior\BuildLiteBehavior [ RunTime:0.000023s ]
INFO: [ app_init ] --END-- [ RunTime:0.000386s ]

[ 2017-09-06T21:29:35+08:00 ] ::1 /lplive/index.php/Admin/Admin/create_group
INFO: [ app_init ] --START--
INFO: Run Behavior\BuildLiteBehavior [ RunTime:0.000020s ]
INFO: [ app_init ] --END-- [ RunTime:0.000413s ]

[ 2017-09-06T21:29:36+08:00 ] ::1 /lplive/index.php/Admin/Admin/create_admin
INFO: [ app_init ] --START--
INFO: Run Behavior\BuildLiteBehavior [ RunTime:0.000022s ]
INFO: [ app_init ] --END-- [ RunTime:0.000372s ]

[ 2017-09-06T21:29:36+08:00 ] ::1 /lplive/index.php/Admin/Admin/group_list
INFO: [ app_init ] --START--
INFO: Run Behavior\BuildLiteBehavior [ RunTime:0.000023s ]
INFO: [ app_init ] --END-- [ RunTime:0.000374s ]

[ 2017-09-06T21:29:37+08:00 ] ::1 /lplive/index.php/Admin/Admin/admin_list
INFO: [ app_init ] --START--
INFO: Run Behavior\BuildLiteBehavior [ RunTime:0.000021s ]
INFO: [ app_init ] --END-- [ RunTime:0.000356s ]

[ 2017-09-06T21:29:37+08:00 ] ::1 /lplive/index.php/Admin/Admin/grounding
INFO: [ app_init ] --START--
INFO: Run Behavior\BuildLiteBehavior [ RunTime:0.000021s ]
INFO: [ app_init ] --END-- [ RunTime:0.000360s ]

[ 2017-09-06T21:44:20+08:00 ] ::1 /lplive/index.php/Admin/Admin/test
INFO: [ app_init ] --START--
INFO: Run Behavior\BuildLiteBehavior [ RunTime:0.000052s ]
INFO: [ app_init ] --END-- [ RunTime:0.000903s ]

[ 2017-09-06T21:45:10+08:00 ] ::1 /lplive/index.php/Admin/Admin/bbb
INFO: [ app_init ] --START--
INFO: Run Behavior\BuildLiteBehavior [ RunTime:0.000022s ]
INFO: [ app_init ] --END-- [ RunTime:0.000442s ]

[ 2017-09-06T21:45:31+08:00 ] ::1 /lplive/index.php/Admin/Admin/bbb
INFO: [ app_init ] --START--
INFO: Run Behavior\BuildLiteBehavior [ RunTime:0.000024s ]
INFO: [ app_init ] --END-- [ RunTime:0.000464s ]
ERR: 1055:Expression #1 of SELECT list is not in GROUP BY clause and contains nonaggregated column 'lplive.think_auth_rule.id' which is not functionally dependent on columns in GROUP BY clause; this is incompatible with sql_mode=only_full_group_by
 [ SQL语句 ] : SELECT * FROM `think_auth_rule` GROUP BY controller 

[ 2017-09-06T21:46:00+08:00 ] ::1 /lplive/index.php/Admin/Admin/bbb
INFO: [ app_init ] --START--
INFO: Run Behavior\BuildLiteBehavior [ RunTime:0.000023s ]
INFO: [ app_init ] --END-- [ RunTime:0.000444s ]
ERR: 1055:Expression #1 of SELECT list is not in GROUP BY clause and contains nonaggregated column 'lplive.think_auth_rule.id' which is not functionally dependent on columns in GROUP BY clause; this is incompatible with sql_mode=only_full_group_by
 [ SQL语句 ] : SELECT * FROM `think_auth_rule` GROUP BY controller 

[ 2017-09-06T22:03:16+08:00 ] ::1 /lplive/index.php/Admin/Admin/bbb
INFO: [ app_init ] --START--
INFO: Run Behavior\BuildLiteBehavior [ RunTime:0.000033s ]
INFO: [ app_init ] --END-- [ RunTime:0.000499s ]

[ 2017-09-06T22:03:36+08:00 ] ::1 /lplive/index.php/Admin/Admin/bbb
INFO: [ app_init ] --START--
INFO: Run Behavior\BuildLiteBehavior [ RunTime:0.000023s ]
INFO: [ app_init ] --END-- [ RunTime:0.000453s ]
ERR: 1055:Expression #1 of SELECT list is not in GROUP BY clause and contains nonaggregated column 'lplive.think_auth_rule.id' which is not functionally dependent on columns in GROUP BY clause; this is incompatible with sql_mode=only_full_group_by
 [ SQL语句 ] : SELECT * FROM `think_auth_rule` GROUP BY controller 

[ 2017-09-06T22:03:37+08:00 ] ::1 /lplive/index.php/Admin/Admin/bbb
INFO: [ app_init ] --START--
INFO: Run Behavior\BuildLiteBehavior [ RunTime:0.000022s ]
INFO: [ app_init ] --END-- [ RunTime:0.000479s ]
ERR: 1055:Expression #1 of SELECT list is not in GROUP BY clause and contains nonaggregated column 'lplive.think_auth_rule.id' which is not functionally dependent on columns in GROUP BY clause; this is incompatible with sql_mode=only_full_group_by
 [ SQL语句 ] : SELECT * FROM `think_auth_rule` GROUP BY controller 

[ 2017-09-06T22:03:50+08:00 ] ::1 /lplive/index.php/Admin/Admin/bbb
INFO: [ app_init ] --START--
INFO: Run Behavior\BuildLiteBehavior [ RunTime:0.000021s ]
INFO: [ app_init ] --END-- [ RunTime:0.000431s ]
ERR: 1055:Expression #1 of SELECT list is not in GROUP BY clause and contains nonaggregated column 'lplive.think_auth_rule.id' which is not functionally dependent on columns in GROUP BY clause; this is incompatible with sql_mode=only_full_group_by
 [ SQL语句 ] : SELECT * FROM `think_auth_rule` GROUP BY controller_name 

[ 2017-09-06T22:03:51+08:00 ] ::1 /lplive/index.php/Admin/Admin/bbb
INFO: [ app_init ] --START--
INFO: Run Behavior\BuildLiteBehavior [ RunTime:0.000023s ]
INFO: [ app_init ] --END-- [ RunTime:0.000437s ]
ERR: 1055:Expression #1 of SELECT list is not in GROUP BY clause and contains nonaggregated column 'lplive.think_auth_rule.id' which is not functionally dependent on columns in GROUP BY clause; this is incompatible with sql_mode=only_full_group_by
 [ SQL语句 ] : SELECT * FROM `think_auth_rule` GROUP BY controller_name 

[ 2017-09-06T22:03:51+08:00 ] ::1 /lplive/index.php/Admin/Admin/bbb
INFO: [ app_init ] --START--
INFO: Run Behavior\BuildLiteBehavior [ RunTime:0.000032s ]
INFO: [ app_init ] --END-- [ RunTime:0.000630s ]
ERR: 1055:Expression #1 of SELECT list is not in GROUP BY clause and contains nonaggregated column 'lplive.think_auth_rule.id' which is not functionally dependent on columns in GROUP BY clause; this is incompatible with sql_mode=only_full_group_by
 [ SQL语句 ] : SELECT * FROM `think_auth_rule` GROUP BY controller_name 

[ 2017-09-06T22:03:51+08:00 ] ::1 /lplive/index.php/Admin/Admin/bbb
INFO: [ app_init ] --START--
INFO: Run Behavior\BuildLiteBehavior [ RunTime:0.000021s ]
INFO: [ app_init ] --END-- [ RunTime:0.000445s ]
ERR: 1055:Expression #1 of SELECT list is not in GROUP BY clause and contains nonaggregated column 'lplive.think_auth_rule.id' which is not functionally dependent on columns in GROUP BY clause; this is incompatible with sql_mode=only_full_group_by
 [ SQL语句 ] : SELECT * FROM `think_auth_rule` GROUP BY controller_name 

[ 2017-09-06T22:04:24+08:00 ] ::1 /lplive/index.php/Admin/Admin/bbb
INFO: [ app_init ] --START--
INFO: Run Behavior\BuildLiteBehavior [ RunTime:0.000023s ]
INFO: [ app_init ] --END-- [ RunTime:0.000453s ]

[ 2017-09-06T22:04:25+08:00 ] ::1 /lplive/index.php/Admin/Admin/bbb
INFO: [ app_init ] --START--
INFO: Run Behavior\BuildLiteBehavior [ RunTime:0.000021s ]
INFO: [ app_init ] --END-- [ RunTime:0.000443s ]

[ 2017-09-06T22:06:05+08:00 ] ::1 /lplive/index.php/Admin/Admin/bbb
INFO: [ app_init ] --START--
INFO: Run Behavior\BuildLiteBehavior [ RunTime:0.000023s ]
INFO: [ app_init ] --END-- [ RunTime:0.000475s ]

[ 2017-09-06T22:06:06+08:00 ] ::1 /lplive/index.php/Admin/Admin/bbb
INFO: [ app_init ] --START--
INFO: Run Behavior\BuildLiteBehavior [ RunTime:0.000023s ]
INFO: [ app_init ] --END-- [ RunTime:0.000472s ]

[ 2017-09-06T22:06:32+08:00 ] ::1 /lplive/index.php/Admin/Admin/bbb
INFO: [ app_init ] --START--
INFO: Run Behavior\BuildLiteBehavior [ RunTime:0.000025s ]
INFO: [ app_init ] --END-- [ RunTime:0.000757s ]

[ 2017-09-06T22:06:33+08:00 ] ::1 /lplive/index.php/Admin/Admin/bbb
INFO: [ app_init ] --START--
INFO: Run Behavior\BuildLiteBehavior [ RunTime:0.000024s ]
INFO: [ app_init ] --END-- [ RunTime:0.000471s ]

[ 2017-09-06T22:06:33+08:00 ] ::1 /lplive/index.php/Admin/Admin/bbb
INFO: [ app_init ] --START--
INFO: Run Behavior\BuildLiteBehavior [ RunTime:0.000030s ]
INFO: [ app_init ] --END-- [ RunTime:0.000514s ]

[ 2017-09-06T22:06:33+08:00 ] ::1 /lplive/index.php/Admin/Admin/bbb
INFO: [ app_init ] --START--
INFO: Run Behavior\BuildLiteBehavior [ RunTime:0.000029s ]
INFO: [ app_init ] --END-- [ RunTime:0.000497s ]

[ 2017-09-06T22:06:34+08:00 ] ::1 /lplive/index.php/Admin/Admin/bbb
INFO: [ app_init ] --START--
INFO: Run Behavior\BuildLiteBehavior [ RunTime:0.000025s ]
INFO: [ app_init ] --END-- [ RunTime:0.000463s ]

[ 2017-09-06T22:06:34+08:00 ] ::1 /lplive/index.php/Admin/Admin/bbb
INFO: [ app_init ] --START--
INFO: Run Behavior\BuildLiteBehavior [ RunTime:0.000024s ]
INFO: [ app_init ] --END-- [ RunTime:0.000479s ]

[ 2017-09-06T22:06:34+08:00 ] ::1 /lplive/index.php/Admin/Admin/bbb
INFO: [ app_init ] --START--
INFO: Run Behavior\BuildLiteBehavior [ RunTime:0.000023s ]
INFO: [ app_init ] --END-- [ RunTime:0.000475s ]

[ 2017-09-06T22:07:17+08:00 ] ::1 /lplive/index.php/Admin/Admin/bbb
INFO: [ app_init ] --START--
INFO: Run Behavior\BuildLiteBehavior [ RunTime:0.000022s ]
INFO: [ app_init ] --END-- [ RunTime:0.000445s ]
ERR: Think\Model:filed方法不存在！

[ 2017-09-06T22:07:44+08:00 ] ::1 /lplive/index.php/Admin/Admin/bbb
INFO: [ app_init ] --START--
INFO: Run Behavior\BuildLiteBehavior [ RunTime:0.000022s ]
INFO: [ app_init ] --END-- [ RunTime:0.000465s ]

[ 2017-09-06T22:08:03+08:00 ] ::1 /lplive/index.php/Admin/Admin/bbb
INFO: [ app_init ] --START--
INFO: Run Behavior\BuildLiteBehavior [ RunTime:0.000039s ]
INFO: [ app_init ] --END-- [ RunTime:0.000536s ]

[ 2017-09-06T22:08:03+08:00 ] ::1 /lplive/index.php/Admin/Admin/bbb
INFO: [ app_init ] --START--
INFO: Run Behavior\BuildLiteBehavior [ RunTime:0.000023s ]
INFO: [ app_init ] --END-- [ RunTime:0.000452s ]

[ 2017-09-06T22:08:04+08:00 ] ::1 /lplive/index.php/Admin/Admin/bbb
INFO: [ app_init ] --START--
INFO: Run Behavior\BuildLiteBehavior [ RunTime:0.000026s ]
INFO: [ app_init ] --END-- [ RunTime:0.000467s ]

[ 2017-09-06T22:08:15+08:00 ] ::1 /lplive/index.php/Admin/Admin/bbb
INFO: [ app_init ] --START--
INFO: Run Behavior\BuildLiteBehavior [ RunTime:0.000023s ]
INFO: [ app_init ] --END-- [ RunTime:0.000439s ]

[ 2017-09-06T22:08:15+08:00 ] ::1 /lplive/index.php/Admin/Admin/bbb
INFO: [ app_init ] --START--
INFO: Run Behavior\BuildLiteBehavior [ RunTime:0.000024s ]
INFO: [ app_init ] --END-- [ RunTime:0.000465s ]

[ 2017-09-06T22:08:16+08:00 ] ::1 /lplive/index.php/Admin/Admin/bbb
INFO: [ app_init ] --START--
INFO: Run Behavior\BuildLiteBehavior [ RunTime:0.000023s ]
INFO: [ app_init ] --END-- [ RunTime:0.000464s ]

[ 2017-09-06T22:08:16+08:00 ] ::1 /lplive/index.php/Admin/Admin/bbb
INFO: [ app_init ] --START--
INFO: Run Behavior\BuildLiteBehavior [ RunTime:0.000026s ]
INFO: [ app_init ] --END-- [ RunTime:0.000496s ]

[ 2017-09-06T22:10:06+08:00 ] ::1 /lplive/index.php/Admin/Admin/bbb
INFO: [ app_init ] --START--
INFO: Run Behavior\BuildLiteBehavior [ RunTime:0.000022s ]
INFO: [ app_init ] --END-- [ RunTime:0.000449s ]

[ 2017-09-06T22:10:07+08:00 ] ::1 /lplive/index.php/Admin/Admin/bbb
INFO: [ app_init ] --START--
INFO: Run Behavior\BuildLiteBehavior [ RunTime:0.000022s ]
INFO: [ app_init ] --END-- [ RunTime:0.000444s ]

[ 2017-09-06T22:10:07+08:00 ] ::1 /lplive/index.php/Admin/Admin/bbb
INFO: [ app_init ] --START--
INFO: Run Behavior\BuildLiteBehavior [ RunTime:0.000048s ]
INFO: [ app_init ] --END-- [ RunTime:0.000995s ]

[ 2017-09-06T22:10:07+08:00 ] ::1 /lplive/index.php/Admin/Admin/bbb
INFO: [ app_init ] --START--
INFO: Run Behavior\BuildLiteBehavior [ RunTime:0.000038s ]
INFO: [ app_init ] --END-- [ RunTime:0.000688s ]

[ 2017-09-06T22:10:07+08:00 ] ::1 /lplive/index.php/Admin/Admin/bbb
INFO: [ app_init ] --START--
INFO: Run Behavior\BuildLiteBehavior [ RunTime:0.000041s ]
INFO: [ app_init ] --END-- [ RunTime:0.000815s ]

[ 2017-09-06T22:10:38+08:00 ] ::1 /lplive/index.php/Admin/Admin/bbb
INFO: [ app_init ] --START--
INFO: Run Behavior\BuildLiteBehavior [ RunTime:0.000023s ]
INFO: [ app_init ] --END-- [ RunTime:0.000482s ]

[ 2017-09-06T22:10:39+08:00 ] ::1 /lplive/index.php/Admin/Admin/bbb
INFO: [ app_init ] --START--
INFO: Run Behavior\BuildLiteBehavior [ RunTime:0.000039s ]
INFO: [ app_init ] --END-- [ RunTime:0.000615s ]

[ 2017-09-06T22:10:39+08:00 ] ::1 /lplive/index.php/Admin/Admin/bbb
INFO: [ app_init ] --START--
INFO: Run Behavior\BuildLiteBehavior [ RunTime:0.000038s ]
INFO: [ app_init ] --END-- [ RunTime:0.000725s ]

[ 2017-09-06T22:10:39+08:00 ] ::1 /lplive/index.php/Admin/Admin/bbb
INFO: [ app_init ] --START--
INFO: Run Behavior\BuildLiteBehavior [ RunTime:0.000023s ]
INFO: [ app_init ] --END-- [ RunTime:0.000483s ]

[ 2017-09-06T22:11:12+08:00 ] ::1 /lplive/index.php/Admin/Admin/bbb
INFO: [ app_init ] --START--
INFO: Run Behavior\BuildLiteBehavior [ RunTime:0.000047s ]
INFO: [ app_init ] --END-- [ RunTime:0.000668s ]
ERR: 1064:You have an error in your SQL syntax; check the manual that corresponds to your MySQL server version for the right syntax to use near '`think_auth_rule' at line 1
 [ SQL语句 ] : SELECT `controller_name` FROM `think_auth_rule

[ 2017-09-06T22:11:50+08:00 ] ::1 /lplive/index.php/Admin/Admin/bbb
INFO: [ app_init ] --START--
INFO: Run Behavior\BuildLiteBehavior [ RunTime:0.000025s ]
INFO: [ app_init ] --END-- [ RunTime:0.000514s ]

[ 2017-09-06T22:12:30+08:00 ] ::1 /lplive/index.php/Admin/Admin/bbb
INFO: [ app_init ] --START--
INFO: Run Behavior\BuildLiteBehavior [ RunTime:0.000024s ]
INFO: [ app_init ] --END-- [ RunTime:0.000470s ]
ERR: 1055:Expression #1 of SELECT list is not in GROUP BY clause and contains nonaggregated column 'lplive.think_auth_rule.controller_name' which is not functionally dependent on columns in GROUP BY clause; this is incompatible with sql_mode=only_full_group_by
 [ SQL语句 ] : SELECT `controller_name` FROM `think_auth_rule` GROUP BY `controller`

[ 2017-09-06T22:12:31+08:00 ] ::1 /lplive/index.php/Admin/Admin/bbb
INFO: [ app_init ] --START--
INFO: Run Behavior\BuildLiteBehavior [ RunTime:0.000021s ]
INFO: [ app_init ] --END-- [ RunTime:0.000440s ]
ERR: 1055:Expression #1 of SELECT list is not in GROUP BY clause and contains nonaggregated column 'lplive.think_auth_rule.controller_name' which is not functionally dependent on columns in GROUP BY clause; this is incompatible with sql_mode=only_full_group_by
 [ SQL语句 ] : SELECT `controller_name` FROM `think_auth_rule` GROUP BY `controller`

[ 2017-09-06T22:12:31+08:00 ] ::1 /lplive/index.php/Admin/Admin/bbb
INFO: [ app_init ] --START--
INFO: Run Behavior\BuildLiteBehavior [ RunTime:0.000043s ]
INFO: [ app_init ] --END-- [ RunTime:0.000777s ]
ERR: 1055:Expression #1 of SELECT list is not in GROUP BY clause and contains nonaggregated column 'lplive.think_auth_rule.controller_name' which is not functionally dependent on columns in GROUP BY clause; this is incompatible with sql_mode=only_full_group_by
 [ SQL语句 ] : SELECT `controller_name` FROM `think_auth_rule` GROUP BY `controller`

[ 2017-09-06T22:12:31+08:00 ] ::1 /lplive/index.php/Admin/Admin/bbb
INFO: [ app_init ] --START--
INFO: Run Behavior\BuildLiteBehavior [ RunTime:0.000028s ]
INFO: [ app_init ] --END-- [ RunTime:0.000609s ]
ERR: 1055:Expression #1 of SELECT list is not in GROUP BY clause and contains nonaggregated column 'lplive.think_auth_rule.controller_name' which is not functionally dependent on columns in GROUP BY clause; this is incompatible with sql_mode=only_full_group_by
 [ SQL语句 ] : SELECT `controller_name` FROM `think_auth_rule` GROUP BY `controller`

[ 2017-09-06T22:14:23+08:00 ] ::1 /lplive/index.php/Admin/Admin/test
INFO: [ app_init ] --START--
INFO: Run Behavior\BuildLiteBehavior [ RunTime:0.000025s ]
INFO: [ app_init ] --END-- [ RunTime:0.000458s ]
ERR: 1055:Expression #1 of SELECT list is not in GROUP BY clause and contains nonaggregated column 'lplive.think_auth_rule.controller_name' which is not functionally dependent on columns in GROUP BY clause; this is incompatible with sql_mode=only_full_group_by
 [ SQL语句 ] : SELECT `controller_name` FROM `think_auth_rule` GROUP BY controller 

[ 2017-09-06T22:14:44+08:00 ] ::1 /lplive/index.php/Admin/Admin/test
INFO: [ app_init ] --START--
INFO: Run Behavior\BuildLiteBehavior [ RunTime:0.000027s ]
INFO: [ app_init ] --END-- [ RunTime:0.000489s ]

[ 2017-09-06T22:14:44+08:00 ] ::1 /lplive/index.php/Admin/Admin/test
INFO: [ app_init ] --START--
INFO: Run Behavior\BuildLiteBehavior [ RunTime:0.000026s ]
INFO: [ app_init ] --END-- [ RunTime:0.000481s ]

[ 2017-09-06T22:14:45+08:00 ] ::1 /lplive/index.php/Admin/Admin/test
INFO: [ app_init ] --START--
INFO: Run Behavior\BuildLiteBehavior [ RunTime:0.000034s ]
INFO: [ app_init ] --END-- [ RunTime:0.000865s ]

[ 2017-09-06T22:14:45+08:00 ] ::1 /lplive/index.php/Admin/Admin/test
INFO: [ app_init ] --START--
INFO: Run Behavior\BuildLiteBehavior [ RunTime:0.000027s ]
INFO: [ app_init ] --END-- [ RunTime:0.000488s ]

[ 2017-09-06T22:14:54+08:00 ] ::1 /lplive/index.php/Admin/Admin/test
INFO: [ app_init ] --START--
INFO: Run Behavior\BuildLiteBehavior [ RunTime:0.000021s ]
INFO: [ app_init ] --END-- [ RunTime:0.000429s ]

[ 2017-09-06T22:15:21+08:00 ] ::1 /lplive/index.php/Admin/Admin/test
INFO: [ app_init ] --START--
INFO: Run Behavior\BuildLiteBehavior [ RunTime:0.000022s ]
INFO: [ app_init ] --END-- [ RunTime:0.000500s ]

[ 2017-09-06T22:15:38+08:00 ] ::1 /lplive/index.php/Admin/Admin/test
INFO: [ app_init ] --START--
INFO: Run Behavior\BuildLiteBehavior [ RunTime:0.000023s ]
INFO: [ app_init ] --END-- [ RunTime:0.000460s ]
ERR: 1055:Expression #1 of SELECT list is not in GROUP BY clause and contains nonaggregated column 'lplive.think_auth_rule.controller_name' which is not functionally dependent on columns in GROUP BY clause; this is incompatible with sql_mode=only_full_group_by
 [ SQL语句 ] : SELECT `controller_name` FROM `think_auth_rule` GROUP BY controller 

[ 2017-09-06T22:16:16+08:00 ] ::1 /lplive/index.php/Admin/Admin/test
INFO: [ app_init ] --START--
INFO: Run Behavior\BuildLiteBehavior [ RunTime:0.000023s ]
INFO: [ app_init ] --END-- [ RunTime:0.000471s ]
ERR: 1055:Expression #1 of SELECT list is not in GROUP BY clause and contains nonaggregated column 'lplive.think_auth_rule.controller_name' which is not functionally dependent on columns in GROUP BY clause; this is incompatible with sql_mode=only_full_group_by
 [ SQL语句 ] : SELECT `controller_name` FROM `think_auth_rule` GROUP BY controller 

[ 2017-09-06T22:16:17+08:00 ] ::1 /lplive/index.php/Admin/Admin/test
INFO: [ app_init ] --START--
INFO: Run Behavior\BuildLiteBehavior [ RunTime:0.000023s ]
INFO: [ app_init ] --END-- [ RunTime:0.000733s ]
ERR: 1055:Expression #1 of SELECT list is not in GROUP BY clause and contains nonaggregated column 'lplive.think_auth_rule.controller_name' which is not functionally dependent on columns in GROUP BY clause; this is incompatible with sql_mode=only_full_group_by
 [ SQL语句 ] : SELECT `controller_name` FROM `think_auth_rule` GROUP BY controller 

[ 2017-09-06T22:16:17+08:00 ] ::1 /lplive/index.php/Admin/Admin/test
INFO: [ app_init ] --START--
INFO: Run Behavior\BuildLiteBehavior [ RunTime:0.000023s ]
INFO: [ app_init ] --END-- [ RunTime:0.000458s ]
ERR: 1055:Expression #1 of SELECT list is not in GROUP BY clause and contains nonaggregated column 'lplive.think_auth_rule.controller_name' which is not functionally dependent on columns in GROUP BY clause; this is incompatible with sql_mode=only_full_group_by
 [ SQL语句 ] : SELECT `controller_name` FROM `think_auth_rule` GROUP BY controller 

[ 2017-09-06T22:16:17+08:00 ] ::1 /lplive/index.php/Admin/Admin/test
INFO: [ app_init ] --START--
INFO: Run Behavior\BuildLiteBehavior [ RunTime:0.000031s ]
INFO: [ app_init ] --END-- [ RunTime:0.000764s ]
ERR: 1055:Expression #1 of SELECT list is not in GROUP BY clause and contains nonaggregated column 'lplive.think_auth_rule.controller_name' which is not functionally dependent on columns in GROUP BY clause; this is incompatible with sql_mode=only_full_group_by
 [ SQL语句 ] : SELECT `controller_name` FROM `think_auth_rule` GROUP BY controller 

[ 2017-09-06T22:16:18+08:00 ] ::1 /lplive/index.php/Admin/Admin/test
INFO: [ app_init ] --START--
INFO: Run Behavior\BuildLiteBehavior [ RunTime:0.000029s ]
INFO: [ app_init ] --END-- [ RunTime:0.000578s ]
ERR: 1055:Expression #1 of SELECT list is not in GROUP BY clause and contains nonaggregated column 'lplive.think_auth_rule.controller_name' which is not functionally dependent on columns in GROUP BY clause; this is incompatible with sql_mode=only_full_group_by
 [ SQL语句 ] : SELECT `controller_name` FROM `think_auth_rule` GROUP BY controller 

[ 2017-09-06T22:16:18+08:00 ] ::1 /lplive/index.php/Admin/Admin/test
INFO: [ app_init ] --START--
INFO: Run Behavior\BuildLiteBehavior [ RunTime:0.000022s ]
INFO: [ app_init ] --END-- [ RunTime:0.000471s ]
ERR: 1055:Expression #1 of SELECT list is not in GROUP BY clause and contains nonaggregated column 'lplive.think_auth_rule.controller_name' which is not functionally dependent on columns in GROUP BY clause; this is incompatible with sql_mode=only_full_group_by
 [ SQL语句 ] : SELECT `controller_name` FROM `think_auth_rule` GROUP BY controller 

[ 2017-09-06T22:16:18+08:00 ] ::1 /lplive/index.php/Admin/Admin/test
INFO: [ app_init ] --START--
INFO: Run Behavior\BuildLiteBehavior [ RunTime:0.000023s ]
INFO: [ app_init ] --END-- [ RunTime:0.000472s ]
ERR: 1055:Expression #1 of SELECT list is not in GROUP BY clause and contains nonaggregated column 'lplive.think_auth_rule.controller_name' which is not functionally dependent on columns in GROUP BY clause; this is incompatible with sql_mode=only_full_group_by
 [ SQL语句 ] : SELECT `controller_name` FROM `think_auth_rule` GROUP BY controller 

[ 2017-09-06T22:16:19+08:00 ] ::1 /lplive/index.php/Admin/Admin/test
INFO: [ app_init ] --START--
INFO: Run Behavior\BuildLiteBehavior [ RunTime:0.000022s ]
INFO: [ app_init ] --END-- [ RunTime:0.000451s ]
ERR: 1055:Expression #1 of SELECT list is not in GROUP BY clause and contains nonaggregated column 'lplive.think_auth_rule.controller_name' which is not functionally dependent on columns in GROUP BY clause; this is incompatible with sql_mode=only_full_group_by
 [ SQL语句 ] : SELECT `controller_name` FROM `think_auth_rule` GROUP BY controller 

[ 2017-09-06T22:16:19+08:00 ] ::1 /lplive/index.php/Admin/Admin/test
INFO: [ app_init ] --START--
INFO: Run Behavior\BuildLiteBehavior [ RunTime:0.000023s ]
INFO: [ app_init ] --END-- [ RunTime:0.000479s ]
ERR: 1055:Expression #1 of SELECT list is not in GROUP BY clause and contains nonaggregated column 'lplive.think_auth_rule.controller_name' which is not functionally dependent on columns in GROUP BY clause; this is incompatible with sql_mode=only_full_group_by
 [ SQL语句 ] : SELECT `controller_name` FROM `think_auth_rule` GROUP BY controller 

[ 2017-09-06T22:16:45+08:00 ] ::1 /lplive/index.php/Admin/Admin/test
INFO: [ app_init ] --START--
INFO: Run Behavior\BuildLiteBehavior [ RunTime:0.000038s ]
INFO: [ app_init ] --END-- [ RunTime:0.000740s ]
ERR: 1055:Expression #1 of SELECT list is not in GROUP BY clause and contains nonaggregated column 'lplive.think_auth_rule.id' which is not functionally dependent on columns in GROUP BY clause; this is incompatible with sql_mode=only_full_group_by
 [ SQL语句 ] : SELECT * FROM `think_auth_rule` GROUP BY controller_name 

[ 2017-09-06T22:16:46+08:00 ] ::1 /lplive/index.php/Admin/Admin/test
INFO: [ app_init ] --START--
INFO: Run Behavior\BuildLiteBehavior [ RunTime:0.000022s ]
INFO: [ app_init ] --END-- [ RunTime:0.000478s ]
ERR: 1055:Expression #1 of SELECT list is not in GROUP BY clause and contains nonaggregated column 'lplive.think_auth_rule.id' which is not functionally dependent on columns in GROUP BY clause; this is incompatible with sql_mode=only_full_group_by
 [ SQL语句 ] : SELECT * FROM `think_auth_rule` GROUP BY controller_name 

[ 2017-09-06T22:16:46+08:00 ] ::1 /lplive/index.php/Admin/Admin/test
INFO: [ app_init ] --START--
INFO: Run Behavior\BuildLiteBehavior [ RunTime:0.000024s ]
INFO: [ app_init ] --END-- [ RunTime:0.000513s ]
ERR: 1055:Expression #1 of SELECT list is not in GROUP BY clause and contains nonaggregated column 'lplive.think_auth_rule.id' which is not functionally dependent on columns in GROUP BY clause; this is incompatible with sql_mode=only_full_group_by
 [ SQL语句 ] : SELECT * FROM `think_auth_rule` GROUP BY controller_name 

[ 2017-09-06T22:16:47+08:00 ] ::1 /lplive/index.php/Admin/Admin/test
INFO: [ app_init ] --START--
INFO: Run Behavior\BuildLiteBehavior [ RunTime:0.000027s ]
INFO: [ app_init ] --END-- [ RunTime:0.000460s ]
ERR: 1055:Expression #1 of SELECT list is not in GROUP BY clause and contains nonaggregated column 'lplive.think_auth_rule.id' which is not functionally dependent on columns in GROUP BY clause; this is incompatible with sql_mode=only_full_group_by
 [ SQL语句 ] : SELECT * FROM `think_auth_rule` GROUP BY controller_name 

[ 2017-09-06T22:16:48+08:00 ] ::1 /lplive/index.php/Admin/Admin/test
INFO: [ app_init ] --START--
INFO: Run Behavior\BuildLiteBehavior [ RunTime:0.000022s ]
INFO: [ app_init ] --END-- [ RunTime:0.000496s ]
ERR: 1055:Expression #1 of SELECT list is not in GROUP BY clause and contains nonaggregated column 'lplive.think_auth_rule.id' which is not functionally dependent on columns in GROUP BY clause; this is incompatible with sql_mode=only_full_group_by
 [ SQL语句 ] : SELECT * FROM `think_auth_rule` GROUP BY controller_name 

[ 2017-09-06T22:16:48+08:00 ] ::1 /lplive/index.php/Admin/Admin/test
INFO: [ app_init ] --START--
INFO: Run Behavior\BuildLiteBehavior [ RunTime:0.000029s ]
INFO: [ app_init ] --END-- [ RunTime:0.000588s ]
ERR: 1055:Expression #1 of SELECT list is not in GROUP BY clause and contains nonaggregated column 'lplive.think_auth_rule.id' which is not functionally dependent on columns in GROUP BY clause; this is incompatible with sql_mode=only_full_group_by
 [ SQL语句 ] : SELECT * FROM `think_auth_rule` GROUP BY controller_name 

[ 2017-09-06T22:16:48+08:00 ] ::1 /lplive/index.php/Admin/Admin/test
INFO: [ app_init ] --START--
INFO: Run Behavior\BuildLiteBehavior [ RunTime:0.000027s ]
INFO: [ app_init ] --END-- [ RunTime:0.000529s ]
ERR: 1055:Expression #1 of SELECT list is not in GROUP BY clause and contains nonaggregated column 'lplive.think_auth_rule.id' which is not functionally dependent on columns in GROUP BY clause; this is incompatible with sql_mode=only_full_group_by
 [ SQL语句 ] : SELECT * FROM `think_auth_rule` GROUP BY controller_name 

[ 2017-09-06T22:16:48+08:00 ] ::1 /lplive/index.php/Admin/Admin/test
INFO: [ app_init ] --START--
INFO: Run Behavior\BuildLiteBehavior [ RunTime:0.000027s ]
INFO: [ app_init ] --END-- [ RunTime:0.000481s ]
ERR: 1055:Expression #1 of SELECT list is not in GROUP BY clause and contains nonaggregated column 'lplive.think_auth_rule.id' which is not functionally dependent on columns in GROUP BY clause; this is incompatible with sql_mode=only_full_group_by
 [ SQL语句 ] : SELECT * FROM `think_auth_rule` GROUP BY controller_name 

[ 2017-09-06T22:16:49+08:00 ] ::1 /lplive/index.php/Admin/Admin/test
INFO: [ app_init ] --START--
INFO: Run Behavior\BuildLiteBehavior [ RunTime:0.000041s ]
INFO: [ app_init ] --END-- [ RunTime:0.000720s ]
ERR: 1055:Expression #1 of SELECT list is not in GROUP BY clause and contains nonaggregated column 'lplive.think_auth_rule.id' which is not functionally dependent on columns in GROUP BY clause; this is incompatible with sql_mode=only_full_group_by
 [ SQL语句 ] : SELECT * FROM `think_auth_rule` GROUP BY controller_name 

[ 2017-09-06T22:16:49+08:00 ] ::1 /lplive/index.php/Admin/Admin/test
INFO: [ app_init ] --START--
INFO: Run Behavior\BuildLiteBehavior [ RunTime:0.000065s ]
INFO: [ app_init ] --END-- [ RunTime:0.001725s ]
ERR: 1055:Expression #1 of SELECT list is not in GROUP BY clause and contains nonaggregated column 'lplive.think_auth_rule.id' which is not functionally dependent on columns in GROUP BY clause; this is incompatible with sql_mode=only_full_group_by
 [ SQL语句 ] : SELECT * FROM `think_auth_rule` GROUP BY controller_name 

[ 2017-09-06T22:16:49+08:00 ] ::1 /lplive/index.php/Admin/Admin/test
INFO: [ app_init ] --START--
INFO: Run Behavior\BuildLiteBehavior [ RunTime:0.000021s ]
INFO: [ app_init ] --END-- [ RunTime:0.000443s ]
ERR: 1055:Expression #1 of SELECT list is not in GROUP BY clause and contains nonaggregated column 'lplive.think_auth_rule.id' which is not functionally dependent on columns in GROUP BY clause; this is incompatible with sql_mode=only_full_group_by
 [ SQL语句 ] : SELECT * FROM `think_auth_rule` GROUP BY controller_name 

[ 2017-09-06T22:16:49+08:00 ] ::1 /lplive/index.php/Admin/Admin/test
INFO: [ app_init ] --START--
INFO: Run Behavior\BuildLiteBehavior [ RunTime:0.000025s ]
INFO: [ app_init ] --END-- [ RunTime:0.000495s ]
ERR: 1055:Expression #1 of SELECT list is not in GROUP BY clause and contains nonaggregated column 'lplive.think_auth_rule.id' which is not functionally dependent on columns in GROUP BY clause; this is incompatible with sql_mode=only_full_group_by
 [ SQL语句 ] : SELECT * FROM `think_auth_rule` GROUP BY controller_name 

[ 2017-09-06T22:16:50+08:00 ] ::1 /lplive/index.php/Admin/Admin/test
INFO: [ app_init ] --START--
INFO: Run Behavior\BuildLiteBehavior [ RunTime:0.000026s ]
INFO: [ app_init ] --END-- [ RunTime:0.000552s ]
ERR: 1055:Expression #1 of SELECT list is not in GROUP BY clause and contains nonaggregated column 'lplive.think_auth_rule.id' which is not functionally dependent on columns in GROUP BY clause; this is incompatible with sql_mode=only_full_group_by
 [ SQL语句 ] : SELECT * FROM `think_auth_rule` GROUP BY controller_name 

[ 2017-09-06T22:16:50+08:00 ] ::1 /lplive/index.php/Admin/Admin/test
INFO: [ app_init ] --START--
INFO: Run Behavior\BuildLiteBehavior [ RunTime:0.000023s ]
INFO: [ app_init ] --END-- [ RunTime:0.000466s ]
ERR: 1055:Expression #1 of SELECT list is not in GROUP BY clause and contains nonaggregated column 'lplive.think_auth_rule.id' which is not functionally dependent on columns in GROUP BY clause; this is incompatible with sql_mode=only_full_group_by
 [ SQL语句 ] : SELECT * FROM `think_auth_rule` GROUP BY controller_name 

[ 2017-09-06T22:18:01+08:00 ] ::1 /lplive/index.php/Admin/Admin/test
INFO: [ app_init ] --START--
INFO: Run Behavior\BuildLiteBehavior [ RunTime:0.000022s ]
INFO: [ app_init ] --END-- [ RunTime:0.001120s ]
ERR: 1055:Expression #1 of SELECT list is not in GROUP BY clause and contains nonaggregated column 'lplive.think_auth_rule.id' which is not functionally dependent on columns in GROUP BY clause; this is incompatible with sql_mode=only_full_group_by
 [ SQL语句 ] : SELECT * FROM `think_auth_rule` GROUP BY controller_name 

[ 2017-09-06T22:18:01+08:00 ] ::1 /lplive/index.php/Admin/Admin/test
INFO: [ app_init ] --START--
INFO: Run Behavior\BuildLiteBehavior [ RunTime:0.000024s ]
INFO: [ app_init ] --END-- [ RunTime:0.000509s ]
ERR: 1055:Expression #1 of SELECT list is not in GROUP BY clause and contains nonaggregated column 'lplive.think_auth_rule.id' which is not functionally dependent on columns in GROUP BY clause; this is incompatible with sql_mode=only_full_group_by
 [ SQL语句 ] : SELECT * FROM `think_auth_rule` GROUP BY controller_name 

[ 2017-09-06T22:18:01+08:00 ] ::1 /lplive/index.php/Admin/Admin/test
INFO: [ app_init ] --START--
INFO: Run Behavior\BuildLiteBehavior [ RunTime:0.000023s ]
INFO: [ app_init ] --END-- [ RunTime:0.000475s ]
ERR: 1055:Expression #1 of SELECT list is not in GROUP BY clause and contains nonaggregated column 'lplive.think_auth_rule.id' which is not functionally dependent on columns in GROUP BY clause; this is incompatible with sql_mode=only_full_group_by
 [ SQL语句 ] : SELECT * FROM `think_auth_rule` GROUP BY controller_name 

[ 2017-09-06T22:18:02+08:00 ] ::1 /lplive/index.php/Admin/Admin/test
INFO: [ app_init ] --START--
INFO: Run Behavior\BuildLiteBehavior [ RunTime:0.000023s ]
INFO: [ app_init ] --END-- [ RunTime:0.000460s ]
ERR: 1055:Expression #1 of SELECT list is not in GROUP BY clause and contains nonaggregated column 'lplive.think_auth_rule.id' which is not functionally dependent on columns in GROUP BY clause; this is incompatible with sql_mode=only_full_group_by
 [ SQL语句 ] : SELECT * FROM `think_auth_rule` GROUP BY controller_name 

[ 2017-09-06T22:18:02+08:00 ] ::1 /lplive/index.php/Admin/Admin/test
INFO: [ app_init ] --START--
INFO: Run Behavior\BuildLiteBehavior [ RunTime:0.000024s ]
INFO: [ app_init ] --END-- [ RunTime:0.000469s ]
ERR: 1055:Expression #1 of SELECT list is not in GROUP BY clause and contains nonaggregated column 'lplive.think_auth_rule.id' which is not functionally dependent on columns in GROUP BY clause; this is incompatible with sql_mode=only_full_group_by
 [ SQL语句 ] : SELECT * FROM `think_auth_rule` GROUP BY controller_name 

[ 2017-09-06T22:48:00+08:00 ] ::1 /lplive/index.php/Admin/Admin/test
INFO: [ app_init ] --START--
INFO: Run Behavior\BuildLiteBehavior [ RunTime:0.000025s ]
INFO: [ app_init ] --END-- [ RunTime:0.000696s ]
ERR: 1055:Expression #1 of SELECT list is not in GROUP BY clause and contains nonaggregated column 'lplive.think_auth_rule.id' which is not functionally dependent on columns in GROUP BY clause; this is incompatible with sql_mode=only_full_group_by
 [ SQL语句 ] : SELECT * FROM `think_auth_rule` GROUP BY controller_name 

[ 2017-09-06T22:48:02+08:00 ] ::1 /lplive/index.php/Admin/Admin/test
INFO: [ app_init ] --START--
INFO: Run Behavior\BuildLiteBehavior [ RunTime:0.000039s ]
INFO: [ app_init ] --END-- [ RunTime:0.000659s ]
ERR: 1055:Expression #1 of SELECT list is not in GROUP BY clause and contains nonaggregated column 'lplive.think_auth_rule.id' which is not functionally dependent on columns in GROUP BY clause; this is incompatible with sql_mode=only_full_group_by
 [ SQL语句 ] : SELECT * FROM `think_auth_rule` GROUP BY controller_name 

[ 2017-09-06T22:48:03+08:00 ] ::1 /lplive/index.php/Admin/Admin/test
INFO: [ app_init ] --START--
INFO: Run Behavior\BuildLiteBehavior [ RunTime:0.000021s ]
INFO: [ app_init ] --END-- [ RunTime:0.000441s ]
ERR: 1055:Expression #1 of SELECT list is not in GROUP BY clause and contains nonaggregated column 'lplive.think_auth_rule.id' which is not functionally dependent on columns in GROUP BY clause; this is incompatible with sql_mode=only_full_group_by
 [ SQL语句 ] : SELECT * FROM `think_auth_rule` GROUP BY controller_name 

[ 2017-09-06T22:48:33+08:00 ] ::1 /lplive/index.php/Admin/Admin/test
INFO: [ app_init ] --START--
INFO: Run Behavior\BuildLiteBehavior [ RunTime:0.000024s ]
INFO: [ app_init ] --END-- [ RunTime:0.000445s ]

[ 2017-09-06T22:48:33+08:00 ] ::1 /lplive/index.php/Admin/Admin/test
INFO: [ app_init ] --START--
INFO: Run Behavior\BuildLiteBehavior [ RunTime:0.000023s ]
INFO: [ app_init ] --END-- [ RunTime:0.000452s ]

[ 2017-09-06T22:48:46+08:00 ] ::1 /lplive/index.php/Admin/Admin/test
INFO: [ app_init ] --START--
INFO: Run Behavior\BuildLiteBehavior [ RunTime:0.000023s ]
INFO: [ app_init ] --END-- [ RunTime:0.000439s ]
ERR: 1055:Expression #1 of SELECT list is not in GROUP BY clause and contains nonaggregated column 'lplive.think_auth_rule.name' which is not functionally dependent on columns in GROUP BY clause; this is incompatible with sql_mode=only_full_group_by
 [ SQL语句 ] : SELECT `name` FROM `think_auth_rule` GROUP BY controller_name 

[ 2017-09-06T22:48:47+08:00 ] ::1 /lplive/index.php/Admin/Admin/test
INFO: [ app_init ] --START--
INFO: Run Behavior\BuildLiteBehavior [ RunTime:0.000025s ]
INFO: [ app_init ] --END-- [ RunTime:0.000543s ]
ERR: 1055:Expression #1 of SELECT list is not in GROUP BY clause and contains nonaggregated column 'lplive.think_auth_rule.name' which is not functionally dependent on columns in GROUP BY clause; this is incompatible with sql_mode=only_full_group_by
 [ SQL语句 ] : SELECT `name` FROM `think_auth_rule` GROUP BY controller_name 

[ 2017-09-06T22:48:47+08:00 ] ::1 /lplive/index.php/Admin/Admin/test
INFO: [ app_init ] --START--
INFO: Run Behavior\BuildLiteBehavior [ RunTime:0.000022s ]
INFO: [ app_init ] --END-- [ RunTime:0.000567s ]
ERR: 1055:Expression #1 of SELECT list is not in GROUP BY clause and contains nonaggregated column 'lplive.think_auth_rule.name' which is not functionally dependent on columns in GROUP BY clause; this is incompatible with sql_mode=only_full_group_by
 [ SQL语句 ] : SELECT `name` FROM `think_auth_rule` GROUP BY controller_name 

[ 2017-09-06T22:48:47+08:00 ] ::1 /lplive/index.php/Admin/Admin/test
INFO: [ app_init ] --START--
INFO: Run Behavior\BuildLiteBehavior [ RunTime:0.000038s ]
INFO: [ app_init ] --END-- [ RunTime:0.000752s ]
ERR: 1055:Expression #1 of SELECT list is not in GROUP BY clause and contains nonaggregated column 'lplive.think_auth_rule.name' which is not functionally dependent on columns in GROUP BY clause; this is incompatible with sql_mode=only_full_group_by
 [ SQL语句 ] : SELECT `name` FROM `think_auth_rule` GROUP BY controller_name 

[ 2017-09-06T22:48:48+08:00 ] ::1 /lplive/index.php/Admin/Admin/test
INFO: [ app_init ] --START--
INFO: Run Behavior\BuildLiteBehavior [ RunTime:0.000025s ]
INFO: [ app_init ] --END-- [ RunTime:0.000485s ]
ERR: 1055:Expression #1 of SELECT list is not in GROUP BY clause and contains nonaggregated column 'lplive.think_auth_rule.name' which is not functionally dependent on columns in GROUP BY clause; this is incompatible with sql_mode=only_full_group_by
 [ SQL语句 ] : SELECT `name` FROM `think_auth_rule` GROUP BY controller_name 

