[ 2017-08-24T14:12:18+08:00 ] ::1 /lplive/index.php/Admin/Admin/admin
INFO: [ app_init ] --START--
INFO: Run Behavior\BuildLiteBehavior [ RunTime:0.000028s ]
INFO: [ app_init ] --END-- [ RunTime:0.002656s ]

[ 2017-08-24T14:12:19+08:00 ] ::1 /lplive/index.php/Admin/Login/admin_login
INFO: [ app_init ] --START--
INFO: Run Behavior\BuildLiteBehavior [ RunTime:0.000038s ]
INFO: [ app_init ] --END-- [ RunTime:0.000525s ]

[ 2017-08-24T14:12:29+08:00 ] ::1 /lplive/index.php/Admin/Login/login
INFO: [ app_init ] --START--
INFO: Run Behavior\BuildLiteBehavior [ RunTime:0.000020s ]
INFO: [ app_init ] --END-- [ RunTime:0.000369s ]
INFO: [ app_begin ] --START--
INFO: Run Behavior\ReadHtmlCacheBehavior [ RunTime:0.000370s ]
INFO: [ app_begin ] --END-- [ RunTime:0.000456s ]
SQL: SHOW COLUMNS FROM `think_admin_user` [ RunTime:0.0373s ]
SQL: SELECT * FROM `think_admin_user` WHERE `uphone` = '15511111111' OR `uemail` = '15511111111' LIMIT 1   [ RunTime:0.0004s ]
NOTIC: [8] Undefined offset: 1 H:\wamp64\www\lplive\Application\Admin\Controller\LoginController.class.php 第 18 行.
SQL: UPDATE `think_admin_user` SET `ulogin_date`='2017-08-24 14:12:29' WHERE `uphone` = '15511111111' OR `uemail` = '15511111111' [ RunTime:0.0003s ]
SQL: SELECT * FROM `think_admin_user` INNER JOIN think_auth_group_access on think_admin_user.uid = think_auth_group_access.uid INNER JOIN think_auth_group on think_auth_group.id = think_auth_group_access.group_id  WHERE think_admin_user.uid = 'LP1502695634'  [ RunTime:0.0628s ]

[ 2017-08-24T14:12:29+08:00 ] ::1 /lplive/index.php/Admin/Admin/admin
INFO: [ app_init ] --START--
INFO: Run Behavior\BuildLiteBehavior [ RunTime:0.000022s ]
INFO: [ app_init ] --END-- [ RunTime:0.000378s ]

[ 2017-08-24T14:12:31+08:00 ] ::1 /lplive/index.php/Admin/Admin/grounding
INFO: [ app_init ] --START--
INFO: Run Behavior\BuildLiteBehavior [ RunTime:0.000025s ]
INFO: [ app_init ] --END-- [ RunTime:0.000446s ]

[ 2017-08-24T14:13:36+08:00 ] ::1 /lplive/index.php/Admin/Admin/grounding
INFO: [ app_init ] --START--
INFO: Run Behavior\BuildLiteBehavior [ RunTime:0.000023s ]
INFO: [ app_init ] --END-- [ RunTime:0.000418s ]

[ 2017-08-24T14:15:12+08:00 ] ::1 /lplive/index.php/Admin/Admin/grounding
INFO: [ app_init ] --START--
INFO: Run Behavior\BuildLiteBehavior [ RunTime:0.000022s ]
INFO: [ app_init ] --END-- [ RunTime:0.000452s ]

[ 2017-08-24T14:15:13+08:00 ] ::1 /lplive/index.php/Admin/Admin/grounding
INFO: [ app_init ] --START--
INFO: Run Behavior\BuildLiteBehavior [ RunTime:0.000064s ]
INFO: [ app_init ] --END-- [ RunTime:0.001219s ]

[ 2017-08-24T14:16:06+08:00 ] ::1 /lplive/index.php/Admin/Admin/grounding
INFO: [ app_init ] --START--
INFO: Run Behavior\BuildLiteBehavior [ RunTime:0.000023s ]
INFO: [ app_init ] --END-- [ RunTime:0.000403s ]

[ 2017-08-24T14:17:28+08:00 ] ::1 /lplive/index.php/Admin/Admin/grounding
INFO: [ app_init ] --START--
INFO: Run Behavior\BuildLiteBehavior [ RunTime:0.000041s ]
INFO: [ app_init ] --END-- [ RunTime:0.000741s ]

[ 2017-08-24T14:17:41+08:00 ] ::1 /lplive/index.php/Admin/Admin/grounding
INFO: [ app_init ] --START--
INFO: Run Behavior\BuildLiteBehavior [ RunTime:0.000022s ]
INFO: [ app_init ] --END-- [ RunTime:0.000377s ]

[ 2017-08-24T14:17:58+08:00 ] ::1 /lplive/index.php/Admin/Admin/grounding
INFO: [ app_init ] --START--
INFO: Run Behavior\BuildLiteBehavior [ RunTime:0.000036s ]
INFO: [ app_init ] --END-- [ RunTime:0.000591s ]

[ 2017-08-24T14:21:54+08:00 ] ::1 /lplive/index.php/Admin/Admin/grounding
INFO: [ app_init ] --START--
INFO: Run Behavior\BuildLiteBehavior [ RunTime:0.000021s ]
INFO: [ app_init ] --END-- [ RunTime:0.000426s ]

[ 2017-08-24T14:22:37+08:00 ] ::1 /lplive/index.php/Admin/Admin/grounding
INFO: [ app_init ] --START--
INFO: Run Behavior\BuildLiteBehavior [ RunTime:0.000025s ]
INFO: [ app_init ] --END-- [ RunTime:0.000470s ]

[ 2017-08-24T14:22:52+08:00 ] ::1 /lplive/index.php/Admin/Admin/grounding
INFO: [ app_init ] --START--
INFO: Run Behavior\BuildLiteBehavior [ RunTime:0.000024s ]
INFO: [ app_init ] --END-- [ RunTime:0.000509s ]

[ 2017-08-24T14:23:23+08:00 ] ::1 /lplive/index.php/Admin/Admin/grounding
INFO: [ app_init ] --START--
INFO: Run Behavior\BuildLiteBehavior [ RunTime:0.000023s ]
INFO: [ app_init ] --END-- [ RunTime:0.000460s ]

[ 2017-08-24T14:23:37+08:00 ] ::1 /lplive/index.php/Admin/Admin/grounding
INFO: [ app_init ] --START--
INFO: Run Behavior\BuildLiteBehavior [ RunTime:0.000022s ]
INFO: [ app_init ] --END-- [ RunTime:0.000451s ]

[ 2017-08-24T14:24:39+08:00 ] ::1 /lplive/index.php/Admin/Admin/code_rule
INFO: [ app_init ] --START--
INFO: Run Behavior\BuildLiteBehavior [ RunTime:0.000022s ]
INFO: [ app_init ] --END-- [ RunTime:0.000455s ]

[ 2017-08-24T14:25:24+08:00 ] ::1 /lplive/index.php/Admin/Admin/grounding
INFO: [ app_init ] --START--
INFO: Run Behavior\BuildLiteBehavior [ RunTime:0.000022s ]
INFO: [ app_init ] --END-- [ RunTime:0.000445s ]

[ 2017-08-24T14:28:10+08:00 ] ::1 /lplive/index.php/Admin/Admin/grounding
INFO: [ app_init ] --START--
INFO: Run Behavior\BuildLiteBehavior [ RunTime:0.000085s ]
INFO: [ app_init ] --END-- [ RunTime:0.000820s ]

[ 2017-08-24T14:32:14+08:00 ] ::1 /lplive/index.php/Admin/Admin/grounding
INFO: [ app_init ] --START--
INFO: Run Behavior\BuildLiteBehavior [ RunTime:0.000024s ]
INFO: [ app_init ] --END-- [ RunTime:0.000491s ]

[ 2017-08-24T15:18:02+08:00 ] ::1 /lplive/index.php/Admin/Admin/admin
INFO: [ app_init ] --START--
INFO: Run Behavior\BuildLiteBehavior [ RunTime:0.000044s ]
INFO: [ app_init ] --END-- [ RunTime:0.000831s ]

[ 2017-08-24T15:18:02+08:00 ] ::1 /lplive/index.php/Admin/Admin/grounding
INFO: [ app_init ] --START--
INFO: Run Behavior\BuildLiteBehavior [ RunTime:0.000037s ]
INFO: [ app_init ] --END-- [ RunTime:0.000568s ]

[ 2017-08-24T15:21:25+08:00 ] ::1 /lplive/index.php/Admin/Admin/grounding
INFO: [ app_init ] --START--
INFO: Run Behavior\BuildLiteBehavior [ RunTime:0.000023s ]
INFO: [ app_init ] --END-- [ RunTime:0.000562s ]

[ 2017-08-24T15:21:51+08:00 ] ::1 /lplive/index.php/Admin/Admin/grounding
INFO: [ app_init ] --START--
INFO: Run Behavior\BuildLiteBehavior [ RunTime:0.000040s ]
INFO: [ app_init ] --END-- [ RunTime:0.000557s ]

[ 2017-08-24T15:21:52+08:00 ] ::1 /lplive/index.php/Admin/Admin/grounding
INFO: [ app_init ] --START--
INFO: Run Behavior\BuildLiteBehavior [ RunTime:0.000031s ]
INFO: [ app_init ] --END-- [ RunTime:0.000486s ]

[ 2017-08-24T15:21:58+08:00 ] ::1 /lplive/index.php/Admin/Admin/grounding
INFO: [ app_init ] --START--
INFO: Run Behavior\BuildLiteBehavior [ RunTime:0.000023s ]
INFO: [ app_init ] --END-- [ RunTime:0.000485s ]

[ 2017-08-24T15:24:36+08:00 ] ::1 /lplive/index.php/Admin/Admin/grounding
INFO: [ app_init ] --START--
INFO: Run Behavior\BuildLiteBehavior [ RunTime:0.000085s ]
INFO: [ app_init ] --END-- [ RunTime:0.000965s ]

[ 2017-08-24T15:31:14+08:00 ] ::1 /lplive/index.php/Admin/Admin/grounding
INFO: [ app_init ] --START--
INFO: Run Behavior\BuildLiteBehavior [ RunTime:0.000022s ]
INFO: [ app_init ] --END-- [ RunTime:0.000482s ]

[ 2017-08-24T15:32:48+08:00 ] ::1 /lplive/index.php/Admin/Admin/grounding
INFO: [ app_init ] --START--
INFO: Run Behavior\BuildLiteBehavior [ RunTime:0.000024s ]
INFO: [ app_init ] --END-- [ RunTime:0.000473s ]

[ 2017-08-24T15:47:17+08:00 ] ::1 /lplive/index.php/Admin/Admin/grounding
INFO: [ app_init ] --START--
INFO: Run Behavior\BuildLiteBehavior [ RunTime:0.000023s ]
INFO: [ app_init ] --END-- [ RunTime:0.000465s ]

[ 2017-08-24T15:49:37+08:00 ] ::1 /lplive/index.php/Admin/Admin/grounding
INFO: [ app_init ] --START--
INFO: Run Behavior\BuildLiteBehavior [ RunTime:0.000024s ]
INFO: [ app_init ] --END-- [ RunTime:0.000649s ]

[ 2017-08-24T15:49:49+08:00 ] ::1 /lplive/index.php/Admin/Goods/goodsImgUpload.html
INFO: [ app_init ] --START--
INFO: Run Behavior\BuildLiteBehavior [ RunTime:0.000023s ]
INFO: [ app_init ] --END-- [ RunTime:0.000465s ]
INFO: [ app_begin ] --START--
INFO: Run Behavior\ReadHtmlCacheBehavior [ RunTime:0.000690s ]
INFO: [ app_begin ] --END-- [ RunTime:0.000788s ]
INFO: [ app_end ] --START--
INFO: Run Behavior\ShowPageTraceBehavior [ RunTime:0.000725s ]
INFO: [ app_end ] --END-- [ RunTime:0.000831s ]

[ 2017-08-24T15:53:59+08:00 ] ::1 /lplive/index.php/Admin/Admin/grounding
INFO: [ app_init ] --START--
INFO: Run Behavior\BuildLiteBehavior [ RunTime:0.000025s ]
INFO: [ app_init ] --END-- [ RunTime:0.000584s ]

[ 2017-08-24T15:54:04+08:00 ] ::1 /lplive/index.php/Admin/Goods/goodsImgUpload.html
INFO: [ app_init ] --START--
INFO: Run Behavior\BuildLiteBehavior [ RunTime:0.000040s ]
INFO: [ app_init ] --END-- [ RunTime:0.000796s ]
INFO: [ app_begin ] --START--
INFO: Run Behavior\ReadHtmlCacheBehavior [ RunTime:0.001090s ]
INFO: [ app_begin ] --END-- [ RunTime:0.001259s ]
NOTIC: [2] call_user_func() expects parameter 1 to be a valid callback, no array or string given H:\wamp64\www\lplive\ThinkPHP\Library\Think\Upload.class.php 第 170 行.
NOTIC: [2] call_user_func() expects parameter 1 to be a valid callback, no array or string given H:\wamp64\www\lplive\ThinkPHP\Library\Think\Upload.class.php 第 170 行.
INFO: [ app_end ] --START--
INFO: Run Behavior\ShowPageTraceBehavior [ RunTime:0.000738s ]
INFO: [ app_end ] --END-- [ RunTime:0.000837s ]

[ 2017-08-24T15:59:44+08:00 ] ::1 /lplive/index.php/Admin/Admin/grounding
INFO: [ app_init ] --START--
INFO: Run Behavior\BuildLiteBehavior [ RunTime:0.000026s ]
INFO: [ app_init ] --END-- [ RunTime:0.000541s ]

[ 2017-08-24T15:59:48+08:00 ] ::1 /lplive/index.php/Admin/Goods/goodsImgUpload.html
INFO: [ app_init ] --START--
INFO: Run Behavior\BuildLiteBehavior [ RunTime:0.000031s ]
INFO: [ app_init ] --END-- [ RunTime:0.000781s ]
INFO: [ app_begin ] --START--
INFO: Run Behavior\ReadHtmlCacheBehavior [ RunTime:0.000978s ]
INFO: [ app_begin ] --END-- [ RunTime:0.001136s ]
NOTIC: [2] call_user_func() expects parameter 1 to be a valid callback, no array or string given H:\wamp64\www\lplive\ThinkPHP\Library\Think\Upload.class.php 第 170 行.
NOTIC: [2] call_user_func() expects parameter 1 to be a valid callback, no array or string given H:\wamp64\www\lplive\ThinkPHP\Library\Think\Upload.class.php 第 170 行.
INFO: [ app_end ] --START--
INFO: Run Behavior\ShowPageTraceBehavior [ RunTime:0.001714s ]
INFO: [ app_end ] --END-- [ RunTime:0.001934s ]

[ 2017-08-24T16:03:51+08:00 ] ::1 /lplive/index.php/Admin/Admin/grounding
INFO: [ app_init ] --START--
INFO: Run Behavior\BuildLiteBehavior [ RunTime:0.000042s ]
INFO: [ app_init ] --END-- [ RunTime:0.000813s ]

[ 2017-08-24T16:03:57+08:00 ] ::1 /lplive/index.php/Admin/Goods/goodsImgUpload.html
INFO: [ app_init ] --START--
INFO: Run Behavior\BuildLiteBehavior [ RunTime:0.000022s ]
INFO: [ app_init ] --END-- [ RunTime:0.000451s ]
INFO: [ app_begin ] --START--
INFO: Run Behavior\ReadHtmlCacheBehavior [ RunTime:0.000682s ]
INFO: [ app_begin ] --END-- [ RunTime:0.000791s ]
NOTIC: [2] call_user_func() expects parameter 1 to be a valid callback, no array or string given H:\wamp64\www\lplive\ThinkPHP\Library\Think\Upload.class.php 第 170 行.
NOTIC: [2] call_user_func() expects parameter 1 to be a valid callback, no array or string given H:\wamp64\www\lplive\ThinkPHP\Library\Think\Upload.class.php 第 170 行.

[ 2017-08-24T16:04:37+08:00 ] ::1 /lplive/index.php/Admin/Admin/grounding
INFO: [ app_init ] --START--
INFO: Run Behavior\BuildLiteBehavior [ RunTime:0.000040s ]
INFO: [ app_init ] --END-- [ RunTime:0.000650s ]

[ 2017-08-24T16:04:40+08:00 ] ::1 /lplive/index.php/Admin/Goods/goodsImgUpload.html
INFO: [ app_init ] --START--
INFO: Run Behavior\BuildLiteBehavior [ RunTime:0.000029s ]
INFO: [ app_init ] --END-- [ RunTime:0.000462s ]
INFO: [ app_begin ] --START--
INFO: Run Behavior\ReadHtmlCacheBehavior [ RunTime:0.000814s ]
INFO: [ app_begin ] --END-- [ RunTime:0.000936s ]
NOTIC: [2] call_user_func() expects parameter 1 to be a valid callback, no array or string given H:\wamp64\www\lplive\ThinkPHP\Library\Think\Upload.class.php 第 170 行.
NOTIC: [2] call_user_func() expects parameter 1 to be a valid callback, no array or string given H:\wamp64\www\lplive\ThinkPHP\Library\Think\Upload.class.php 第 170 行.

[ 2017-08-24T16:11:11+08:00 ] ::1 /lplive/index.php/Admin/Admin/grounding
INFO: [ app_init ] --START--
INFO: Run Behavior\BuildLiteBehavior [ RunTime:0.000026s ]
INFO: [ app_init ] --END-- [ RunTime:0.000602s ]

[ 2017-08-24T16:11:11+08:00 ] ::1 /lplive/index.php/Admin/Admin/data.data[i]
INFO: [ app_init ] --START--
INFO: Run Behavior\BuildLiteBehavior [ RunTime:0.000045s ]
INFO: [ app_init ] --END-- [ RunTime:0.000586s ]
ERR: 非法操作:data.data[i]

[ 2017-08-24T16:11:34+08:00 ] ::1 /lplive/index.php/Admin/Admin/grounding
INFO: [ app_init ] --START--
INFO: Run Behavior\BuildLiteBehavior [ RunTime:0.000025s ]
INFO: [ app_init ] --END-- [ RunTime:0.000510s ]

[ 2017-08-24T16:11:37+08:00 ] ::1 /lplive/index.php/Admin/Goods/goodsImgUpload.html
INFO: [ app_init ] --START--
INFO: Run Behavior\BuildLiteBehavior [ RunTime:0.000060s ]
INFO: [ app_init ] --END-- [ RunTime:0.001100s ]
INFO: [ app_begin ] --START--
INFO: Run Behavior\ReadHtmlCacheBehavior [ RunTime:0.000961s ]
INFO: [ app_begin ] --END-- [ RunTime:0.001069s ]
NOTIC: [2] call_user_func() expects parameter 1 to be a valid callback, no array or string given H:\wamp64\www\lplive\ThinkPHP\Library\Think\Upload.class.php 第 170 行.

[ 2017-08-24T16:12:41+08:00 ] ::1 /lplive/index.php/Admin/Admin/grounding
INFO: [ app_init ] --START--
INFO: Run Behavior\BuildLiteBehavior [ RunTime:0.000043s ]
INFO: [ app_init ] --END-- [ RunTime:0.000879s ]

[ 2017-08-24T16:12:45+08:00 ] ::1 /lplive/index.php/Admin/Goods/goodsImgUpload.html
INFO: [ app_init ] --START--
INFO: Run Behavior\BuildLiteBehavior [ RunTime:0.000104s ]
INFO: [ app_init ] --END-- [ RunTime:0.001631s ]
INFO: [ app_begin ] --START--
INFO: Run Behavior\ReadHtmlCacheBehavior [ RunTime:0.000925s ]
INFO: [ app_begin ] --END-- [ RunTime:0.001048s ]
NOTIC: [2] call_user_func() expects parameter 1 to be a valid callback, no array or string given H:\wamp64\www\lplive\ThinkPHP\Library\Think\Upload.class.php 第 170 行.
NOTIC: [2] call_user_func() expects parameter 1 to be a valid callback, no array or string given H:\wamp64\www\lplive\ThinkPHP\Library\Think\Upload.class.php 第 170 行.

[ 2017-08-24T16:13:28+08:00 ] ::1 /lplive/index.php/Admin/Admin/grounding
INFO: [ app_init ] --START--
INFO: Run Behavior\BuildLiteBehavior [ RunTime:0.000026s ]
INFO: [ app_init ] --END-- [ RunTime:0.000742s ]

[ 2017-08-24T16:13:40+08:00 ] ::1 /lplive/index.php/Admin/Admin/grounding
INFO: [ app_init ] --START--
INFO: Run Behavior\BuildLiteBehavior [ RunTime:0.000023s ]
INFO: [ app_init ] --END-- [ RunTime:0.000493s ]

[ 2017-08-24T16:14:13+08:00 ] ::1 /lplive/index.php/Admin/Admin/grounding
INFO: [ app_init ] --START--
INFO: Run Behavior\BuildLiteBehavior [ RunTime:0.000024s ]
INFO: [ app_init ] --END-- [ RunTime:0.000514s ]

[ 2017-08-24T16:14:29+08:00 ] ::1 /lplive/index.php/Admin/Goods/goodsImgUpload.html
INFO: [ app_init ] --START--
INFO: Run Behavior\BuildLiteBehavior [ RunTime:0.000021s ]
INFO: [ app_init ] --END-- [ RunTime:0.000455s ]
INFO: [ app_begin ] --START--
INFO: Run Behavior\ReadHtmlCacheBehavior [ RunTime:0.000891s ]
INFO: [ app_begin ] --END-- [ RunTime:0.000994s ]
NOTIC: [2] call_user_func() expects parameter 1 to be a valid callback, no array or string given H:\wamp64\www\lplive\ThinkPHP\Library\Think\Upload.class.php 第 170 行.
NOTIC: [2] call_user_func() expects parameter 1 to be a valid callback, no array or string given H:\wamp64\www\lplive\ThinkPHP\Library\Think\Upload.class.php 第 170 行.

[ 2017-08-24T16:15:27+08:00 ] ::1 /lplive/index.php/Admin/Admin/grounding
INFO: [ app_init ] --START--
INFO: Run Behavior\BuildLiteBehavior [ RunTime:0.000023s ]
INFO: [ app_init ] --END-- [ RunTime:0.000484s ]

[ 2017-08-24T16:20:23+08:00 ] ::1 /lplive/index.php/Admin/Admin/grounding
INFO: [ app_init ] --START--
INFO: Run Behavior\BuildLiteBehavior [ RunTime:0.000023s ]
INFO: [ app_init ] --END-- [ RunTime:0.000493s ]

[ 2017-08-24T16:20:27+08:00 ] ::1 /lplive/index.php/Admin/Goods/goodsImgUpload.html
INFO: [ app_init ] --START--
INFO: Run Behavior\BuildLiteBehavior [ RunTime:0.000038s ]
INFO: [ app_init ] --END-- [ RunTime:0.000726s ]
INFO: [ app_begin ] --START--
INFO: Run Behavior\ReadHtmlCacheBehavior [ RunTime:0.000872s ]
INFO: [ app_begin ] --END-- [ RunTime:0.000994s ]
NOTIC: [2] call_user_func() expects parameter 1 to be a valid callback, no array or string given H:\wamp64\www\lplive\ThinkPHP\Library\Think\Upload.class.php 第 170 行.
NOTIC: [2] call_user_func() expects parameter 1 to be a valid callback, no array or string given H:\wamp64\www\lplive\ThinkPHP\Library\Think\Upload.class.php 第 170 行.

[ 2017-08-24T16:21:09+08:00 ] ::1 /lplive/index.php/Admin/Admin/grounding
INFO: [ app_init ] --START--
INFO: Run Behavior\BuildLiteBehavior [ RunTime:0.000028s ]
INFO: [ app_init ] --END-- [ RunTime:0.000578s ]

[ 2017-08-24T16:23:17+08:00 ] ::1 /lplive/index.php/Admin/Admin/grounding
INFO: [ app_init ] --START--
INFO: Run Behavior\BuildLiteBehavior [ RunTime:0.000037s ]
INFO: [ app_init ] --END-- [ RunTime:0.000739s ]

[ 2017-08-24T16:23:20+08:00 ] ::1 /lplive/index.php/Admin/Goods/goodsImgUpload.html
INFO: [ app_init ] --START--
INFO: Run Behavior\BuildLiteBehavior [ RunTime:0.000079s ]
INFO: [ app_init ] --END-- [ RunTime:0.001576s ]
INFO: [ app_begin ] --START--
INFO: Run Behavior\ReadHtmlCacheBehavior [ RunTime:0.000851s ]
INFO: [ app_begin ] --END-- [ RunTime:0.000956s ]
NOTIC: [2] call_user_func() expects parameter 1 to be a valid callback, no array or string given H:\wamp64\www\lplive\ThinkPHP\Library\Think\Upload.class.php 第 170 行.
NOTIC: [2] call_user_func() expects parameter 1 to be a valid callback, no array or string given H:\wamp64\www\lplive\ThinkPHP\Library\Think\Upload.class.php 第 170 行.

[ 2017-08-24T16:24:08+08:00 ] ::1 /lplive/index.php/Admin/Admin/grounding
INFO: [ app_init ] --START--
INFO: Run Behavior\BuildLiteBehavior [ RunTime:0.000027s ]
INFO: [ app_init ] --END-- [ RunTime:0.000847s ]

[ 2017-08-24T16:24:12+08:00 ] ::1 /lplive/index.php/Admin/Goods/goodsImgUpload.html
INFO: [ app_init ] --START--
INFO: Run Behavior\BuildLiteBehavior [ RunTime:0.000022s ]
INFO: [ app_init ] --END-- [ RunTime:0.000463s ]
INFO: [ app_begin ] --START--
INFO: Run Behavior\ReadHtmlCacheBehavior [ RunTime:0.000923s ]
INFO: [ app_begin ] --END-- [ RunTime:0.001032s ]
NOTIC: [2] call_user_func() expects parameter 1 to be a valid callback, no array or string given H:\wamp64\www\lplive\ThinkPHP\Library\Think\Upload.class.php 第 170 行.
NOTIC: [2] call_user_func() expects parameter 1 to be a valid callback, no array or string given H:\wamp64\www\lplive\ThinkPHP\Library\Think\Upload.class.php 第 170 行.

[ 2017-08-24T16:34:14+08:00 ] ::1 /lplive/index.php/Admin/Admin/grounding
INFO: [ app_init ] --START--
INFO: Run Behavior\BuildLiteBehavior [ RunTime:0.000024s ]
INFO: [ app_init ] --END-- [ RunTime:0.000476s ]

[ 2017-08-24T16:34:31+08:00 ] ::1 /lplive/index.php/Admin/Admin/grounding
INFO: [ app_init ] --START--
INFO: Run Behavior\BuildLiteBehavior [ RunTime:0.000039s ]
INFO: [ app_init ] --END-- [ RunTime:0.000822s ]

[ 2017-08-24T16:34:35+08:00 ] ::1 /lplive/index.php/Admin/Goods/goodsImgUpload.html
INFO: [ app_init ] --START--
INFO: Run Behavior\BuildLiteBehavior [ RunTime:0.000023s ]
INFO: [ app_init ] --END-- [ RunTime:0.000471s ]
INFO: [ app_begin ] --START--
INFO: Run Behavior\ReadHtmlCacheBehavior [ RunTime:0.000682s ]
INFO: [ app_begin ] --END-- [ RunTime:0.000783s ]
NOTIC: [2] call_user_func() expects parameter 1 to be a valid callback, no array or string given H:\wamp64\www\lplive\ThinkPHP\Library\Think\Upload.class.php 第 170 行.
NOTIC: [2] call_user_func() expects parameter 1 to be a valid callback, no array or string given H:\wamp64\www\lplive\ThinkPHP\Library\Think\Upload.class.php 第 170 行.

[ 2017-08-24T16:35:03+08:00 ] ::1 /lplive/index.php/Admin/Admin/grounding
INFO: [ app_init ] --START--
INFO: Run Behavior\BuildLiteBehavior [ RunTime:0.000024s ]
INFO: [ app_init ] --END-- [ RunTime:0.000481s ]

[ 2017-08-24T16:35:07+08:00 ] ::1 /lplive/index.php/Admin/Goods/goodsImgUpload.html
INFO: [ app_init ] --START--
INFO: Run Behavior\BuildLiteBehavior [ RunTime:0.000043s ]
INFO: [ app_init ] --END-- [ RunTime:0.000839s ]
INFO: [ app_begin ] --START--
INFO: Run Behavior\ReadHtmlCacheBehavior [ RunTime:0.000847s ]
INFO: [ app_begin ] --END-- [ RunTime:0.000952s ]
NOTIC: [2] call_user_func() expects parameter 1 to be a valid callback, no array or string given H:\wamp64\www\lplive\ThinkPHP\Library\Think\Upload.class.php 第 170 行.
NOTIC: [2] call_user_func() expects parameter 1 to be a valid callback, no array or string given H:\wamp64\www\lplive\ThinkPHP\Library\Think\Upload.class.php 第 170 行.

[ 2017-08-24T16:35:37+08:00 ] ::1 /lplive/index.php/Admin/Admin/grounding
INFO: [ app_init ] --START--
INFO: Run Behavior\BuildLiteBehavior [ RunTime:0.000027s ]
INFO: [ app_init ] --END-- [ RunTime:0.000502s ]

[ 2017-08-24T16:35:40+08:00 ] ::1 /lplive/index.php/Admin/Goods/goodsImgUpload.html
INFO: [ app_init ] --START--
INFO: Run Behavior\BuildLiteBehavior [ RunTime:0.000024s ]
INFO: [ app_init ] --END-- [ RunTime:0.000507s ]
INFO: [ app_begin ] --START--
INFO: Run Behavior\ReadHtmlCacheBehavior [ RunTime:0.000940s ]
INFO: [ app_begin ] --END-- [ RunTime:0.001037s ]
NOTIC: [2] call_user_func() expects parameter 1 to be a valid callback, no array or string given H:\wamp64\www\lplive\ThinkPHP\Library\Think\Upload.class.php 第 170 行.
NOTIC: [2] call_user_func() expects parameter 1 to be a valid callback, no array or string given H:\wamp64\www\lplive\ThinkPHP\Library\Think\Upload.class.php 第 170 行.

[ 2017-08-24T16:36:19+08:00 ] ::1 /lplive/index.php/Admin/Admin/grounding
INFO: [ app_init ] --START--
INFO: Run Behavior\BuildLiteBehavior [ RunTime:0.000023s ]
INFO: [ app_init ] --END-- [ RunTime:0.000462s ]

[ 2017-08-24T16:36:22+08:00 ] ::1 /lplive/index.php/Admin/Goods/goodsImgUpload.html
INFO: [ app_init ] --START--
INFO: Run Behavior\BuildLiteBehavior [ RunTime:0.000040s ]
INFO: [ app_init ] --END-- [ RunTime:0.000715s ]
INFO: [ app_begin ] --START--
INFO: Run Behavior\ReadHtmlCacheBehavior [ RunTime:0.000793s ]
INFO: [ app_begin ] --END-- [ RunTime:0.000907s ]
NOTIC: [2] call_user_func() expects parameter 1 to be a valid callback, no array or string given H:\wamp64\www\lplive\ThinkPHP\Library\Think\Upload.class.php 第 170 行.
NOTIC: [2] call_user_func() expects parameter 1 to be a valid callback, no array or string given H:\wamp64\www\lplive\ThinkPHP\Library\Think\Upload.class.php 第 170 行.

[ 2017-08-24T16:37:08+08:00 ] ::1 /lplive/index.php/Admin/Admin/grounding
INFO: [ app_init ] --START--
INFO: Run Behavior\BuildLiteBehavior [ RunTime:0.000024s ]
INFO: [ app_init ] --END-- [ RunTime:0.000504s ]

[ 2017-08-24T16:37:11+08:00 ] ::1 /lplive/index.php/Admin/Goods/goodsImgUpload.html
INFO: [ app_init ] --START--
INFO: Run Behavior\BuildLiteBehavior [ RunTime:0.000023s ]
INFO: [ app_init ] --END-- [ RunTime:0.000466s ]
INFO: [ app_begin ] --START--
INFO: Run Behavior\ReadHtmlCacheBehavior [ RunTime:0.000706s ]
INFO: [ app_begin ] --END-- [ RunTime:0.000807s ]
NOTIC: [2] call_user_func() expects parameter 1 to be a valid callback, no array or string given H:\wamp64\www\lplive\ThinkPHP\Library\Think\Upload.class.php 第 170 行.
NOTIC: [2] call_user_func() expects parameter 1 to be a valid callback, no array or string given H:\wamp64\www\lplive\ThinkPHP\Library\Think\Upload.class.php 第 170 行.

[ 2017-08-24T16:37:48+08:00 ] ::1 /lplive/index.php/Admin/Admin/grounding
INFO: [ app_init ] --START--
INFO: Run Behavior\BuildLiteBehavior [ RunTime:0.000032s ]
INFO: [ app_init ] --END-- [ RunTime:0.000539s ]

[ 2017-08-24T16:37:51+08:00 ] ::1 /lplive/index.php/Admin/Goods/goodsImgUpload.html
INFO: [ app_init ] --START--
INFO: Run Behavior\BuildLiteBehavior [ RunTime:0.000022s ]
INFO: [ app_init ] --END-- [ RunTime:0.000470s ]
INFO: [ app_begin ] --START--
INFO: Run Behavior\ReadHtmlCacheBehavior [ RunTime:0.000678s ]
INFO: [ app_begin ] --END-- [ RunTime:0.000775s ]
NOTIC: [2] call_user_func() expects parameter 1 to be a valid callback, no array or string given H:\wamp64\www\lplive\ThinkPHP\Library\Think\Upload.class.php 第 170 行.
NOTIC: [2] call_user_func() expects parameter 1 to be a valid callback, no array or string given H:\wamp64\www\lplive\ThinkPHP\Library\Think\Upload.class.php 第 170 行.

[ 2017-08-24T16:38:46+08:00 ] ::1 /lplive/index.php/Admin/Admin/grounding
INFO: [ app_init ] --START--
INFO: Run Behavior\BuildLiteBehavior [ RunTime:0.000024s ]
INFO: [ app_init ] --END-- [ RunTime:0.000503s ]

[ 2017-08-24T16:38:49+08:00 ] ::1 /lplive/index.php/Admin/Goods/goodsImgUpload.html
INFO: [ app_init ] --START--
INFO: Run Behavior\BuildLiteBehavior [ RunTime:0.000023s ]
INFO: [ app_init ] --END-- [ RunTime:0.000512s ]
INFO: [ app_begin ] --START--
INFO: Run Behavior\ReadHtmlCacheBehavior [ RunTime:0.000849s ]
INFO: [ app_begin ] --END-- [ RunTime:0.000947s ]
NOTIC: [2] call_user_func() expects parameter 1 to be a valid callback, no array or string given H:\wamp64\www\lplive\ThinkPHP\Library\Think\Upload.class.php 第 170 行.
NOTIC: [2] call_user_func() expects parameter 1 to be a valid callback, no array or string given H:\wamp64\www\lplive\ThinkPHP\Library\Think\Upload.class.php 第 170 行.

[ 2017-08-24T16:38:58+08:00 ] ::1 /lplive/index.php/Admin/Admin/grounding
INFO: [ app_init ] --START--
INFO: Run Behavior\BuildLiteBehavior [ RunTime:0.000024s ]
INFO: [ app_init ] --END-- [ RunTime:0.000516s ]

[ 2017-08-24T16:39:02+08:00 ] ::1 /lplive/index.php/Admin/Goods/goodsImgUpload.html
INFO: [ app_init ] --START--
INFO: Run Behavior\BuildLiteBehavior [ RunTime:0.000023s ]
INFO: [ app_init ] --END-- [ RunTime:0.000516s ]
INFO: [ app_begin ] --START--
INFO: Run Behavior\ReadHtmlCacheBehavior [ RunTime:0.000675s ]
INFO: [ app_begin ] --END-- [ RunTime:0.000767s ]
NOTIC: [2] call_user_func() expects parameter 1 to be a valid callback, no array or string given H:\wamp64\www\lplive\ThinkPHP\Library\Think\Upload.class.php 第 170 行.
NOTIC: [2] call_user_func() expects parameter 1 to be a valid callback, no array or string given H:\wamp64\www\lplive\ThinkPHP\Library\Think\Upload.class.php 第 170 行.

[ 2017-08-24T16:40:08+08:00 ] ::1 /lplive/index.php/Admin/Admin/grounding
INFO: [ app_init ] --START--
INFO: Run Behavior\BuildLiteBehavior [ RunTime:0.000041s ]
INFO: [ app_init ] --END-- [ RunTime:0.000653s ]

[ 2017-08-24T16:40:12+08:00 ] ::1 /lplive/index.php/Admin/Goods/goodsImgUpload.html
INFO: [ app_init ] --START--
INFO: Run Behavior\BuildLiteBehavior [ RunTime:0.000023s ]
INFO: [ app_init ] --END-- [ RunTime:0.000506s ]
INFO: [ app_begin ] --START--
INFO: Run Behavior\ReadHtmlCacheBehavior [ RunTime:0.000821s ]
INFO: [ app_begin ] --END-- [ RunTime:0.000911s ]
NOTIC: [2] call_user_func() expects parameter 1 to be a valid callback, no array or string given H:\wamp64\www\lplive\ThinkPHP\Library\Think\Upload.class.php 第 170 行.
NOTIC: [2] call_user_func() expects parameter 1 to be a valid callback, no array or string given H:\wamp64\www\lplive\ThinkPHP\Library\Think\Upload.class.php 第 170 行.

[ 2017-08-24T16:41:06+08:00 ] ::1 /lplive/index.php/Admin/Admin/grounding
INFO: [ app_init ] --START--
INFO: Run Behavior\BuildLiteBehavior [ RunTime:0.000022s ]
INFO: [ app_init ] --END-- [ RunTime:0.000452s ]

[ 2017-08-24T16:41:08+08:00 ] ::1 /lplive/index.php/Admin/Goods/goodsImgUpload.html
INFO: [ app_init ] --START--
INFO: Run Behavior\BuildLiteBehavior [ RunTime:0.000023s ]
INFO: [ app_init ] --END-- [ RunTime:0.000475s ]
INFO: [ app_begin ] --START--
INFO: Run Behavior\ReadHtmlCacheBehavior [ RunTime:0.000682s ]
INFO: [ app_begin ] --END-- [ RunTime:0.000774s ]
NOTIC: [2] call_user_func() expects parameter 1 to be a valid callback, no array or string given H:\wamp64\www\lplive\ThinkPHP\Library\Think\Upload.class.php 第 170 行.
NOTIC: [2] call_user_func() expects parameter 1 to be a valid callback, no array or string given H:\wamp64\www\lplive\ThinkPHP\Library\Think\Upload.class.php 第 170 行.

[ 2017-08-24T16:42:43+08:00 ] ::1 /lplive/index.php/Admin/Admin/grounding
INFO: [ app_init ] --START--
INFO: Run Behavior\BuildLiteBehavior [ RunTime:0.000023s ]
INFO: [ app_init ] --END-- [ RunTime:0.000492s ]

[ 2017-08-24T16:42:47+08:00 ] ::1 /lplive/index.php/Admin/Goods/goodsImgUpload.html
INFO: [ app_init ] --START--
INFO: Run Behavior\BuildLiteBehavior [ RunTime:0.000022s ]
INFO: [ app_init ] --END-- [ RunTime:0.000478s ]
INFO: [ app_begin ] --START--
INFO: Run Behavior\ReadHtmlCacheBehavior [ RunTime:0.000695s ]
INFO: [ app_begin ] --END-- [ RunTime:0.000793s ]
NOTIC: [2] call_user_func() expects parameter 1 to be a valid callback, no array or string given H:\wamp64\www\lplive\ThinkPHP\Library\Think\Upload.class.php 第 170 行.
NOTIC: [2] call_user_func() expects parameter 1 to be a valid callback, no array or string given H:\wamp64\www\lplive\ThinkPHP\Library\Think\Upload.class.php 第 170 行.

[ 2017-08-24T16:43:49+08:00 ] ::1 /lplive/index.php/Admin/Admin/grounding
INFO: [ app_init ] --START--
INFO: Run Behavior\BuildLiteBehavior [ RunTime:0.000023s ]
INFO: [ app_init ] --END-- [ RunTime:0.000477s ]

[ 2017-08-24T16:43:54+08:00 ] ::1 /lplive/index.php/Admin/Goods/goodsImgUpload.html
INFO: [ app_init ] --START--
INFO: Run Behavior\BuildLiteBehavior [ RunTime:0.000022s ]
INFO: [ app_init ] --END-- [ RunTime:0.000475s ]
INFO: [ app_begin ] --START--
INFO: Run Behavior\ReadHtmlCacheBehavior [ RunTime:0.001029s ]
INFO: [ app_begin ] --END-- [ RunTime:0.001143s ]
NOTIC: [2] call_user_func() expects parameter 1 to be a valid callback, no array or string given H:\wamp64\www\lplive\ThinkPHP\Library\Think\Upload.class.php 第 170 行.
NOTIC: [2] call_user_func() expects parameter 1 to be a valid callback, no array or string given H:\wamp64\www\lplive\ThinkPHP\Library\Think\Upload.class.php 第 170 行.

[ 2017-08-24T16:51:49+08:00 ] ::1 /lplive/index.php/Admin/Admin/grounding
INFO: [ app_init ] --START--
INFO: Run Behavior\BuildLiteBehavior [ RunTime:0.000025s ]
INFO: [ app_init ] --END-- [ RunTime:0.000524s ]

[ 2017-08-24T16:51:52+08:00 ] ::1 /lplive/index.php/Admin/Goods/goodsImgUpload.html
INFO: [ app_init ] --START--
INFO: Run Behavior\BuildLiteBehavior [ RunTime:0.000024s ]
INFO: [ app_init ] --END-- [ RunTime:0.000480s ]
INFO: [ app_begin ] --START--
INFO: Run Behavior\ReadHtmlCacheBehavior [ RunTime:0.001329s ]
INFO: [ app_begin ] --END-- [ RunTime:0.001582s ]
NOTIC: [2] call_user_func() expects parameter 1 to be a valid callback, no array or string given H:\wamp64\www\lplive\ThinkPHP\Library\Think\Upload.class.php 第 170 行.
NOTIC: [2] call_user_func() expects parameter 1 to be a valid callback, no array or string given H:\wamp64\www\lplive\ThinkPHP\Library\Think\Upload.class.php 第 170 行.

[ 2017-08-24T16:53:00+08:00 ] ::1 /lplive/index.php/Admin/Admin/grounding
INFO: [ app_init ] --START--
INFO: Run Behavior\BuildLiteBehavior [ RunTime:0.000030s ]
INFO: [ app_init ] --END-- [ RunTime:0.000508s ]

[ 2017-08-24T16:53:05+08:00 ] ::1 /lplive/index.php/Admin/Goods/goodsImgUpload.html
INFO: [ app_init ] --START--
INFO: Run Behavior\BuildLiteBehavior [ RunTime:0.000046s ]
INFO: [ app_init ] --END-- [ RunTime:0.000649s ]
INFO: [ app_begin ] --START--
INFO: Run Behavior\ReadHtmlCacheBehavior [ RunTime:0.000848s ]
INFO: [ app_begin ] --END-- [ RunTime:0.000949s ]
NOTIC: [2] call_user_func() expects parameter 1 to be a valid callback, no array or string given H:\wamp64\www\lplive\ThinkPHP\Library\Think\Upload.class.php 第 170 行.
NOTIC: [2] call_user_func() expects parameter 1 to be a valid callback, no array or string given H:\wamp64\www\lplive\ThinkPHP\Library\Think\Upload.class.php 第 170 行.

[ 2017-08-24T16:53:54+08:00 ] ::1 /lplive/index.php/Admin/Admin/grounding
INFO: [ app_init ] --START--
INFO: Run Behavior\BuildLiteBehavior [ RunTime:0.000029s ]
INFO: [ app_init ] --END-- [ RunTime:0.000697s ]

[ 2017-08-24T16:53:59+08:00 ] ::1 /lplive/index.php/Admin/Goods/goodsImgUpload.html
INFO: [ app_init ] --START--
INFO: Run Behavior\BuildLiteBehavior [ RunTime:0.000023s ]
INFO: [ app_init ] --END-- [ RunTime:0.000467s ]
INFO: [ app_begin ] --START--
INFO: Run Behavior\ReadHtmlCacheBehavior [ RunTime:0.000856s ]
INFO: [ app_begin ] --END-- [ RunTime:0.000957s ]
NOTIC: [2] call_user_func() expects parameter 1 to be a valid callback, no array or string given H:\wamp64\www\lplive\ThinkPHP\Library\Think\Upload.class.php 第 170 行.
NOTIC: [2] call_user_func() expects parameter 1 to be a valid callback, no array or string given H:\wamp64\www\lplive\ThinkPHP\Library\Think\Upload.class.php 第 170 行.

[ 2017-08-24T16:55:21+08:00 ] ::1 /lplive/index.php/Admin/Admin/grounding
INFO: [ app_init ] --START--
INFO: Run Behavior\BuildLiteBehavior [ RunTime:0.000024s ]
INFO: [ app_init ] --END-- [ RunTime:0.000505s ]

[ 2017-08-24T16:55:24+08:00 ] ::1 /lplive/index.php/Admin/Goods/goodsImgUpload.html
INFO: [ app_init ] --START--
INFO: Run Behavior\BuildLiteBehavior [ RunTime:0.000024s ]
INFO: [ app_init ] --END-- [ RunTime:0.000547s ]
INFO: [ app_begin ] --START--
INFO: Run Behavior\ReadHtmlCacheBehavior [ RunTime:0.000755s ]
INFO: [ app_begin ] --END-- [ RunTime:0.000860s ]
NOTIC: [2] call_user_func() expects parameter 1 to be a valid callback, no array or string given H:\wamp64\www\lplive\ThinkPHP\Library\Think\Upload.class.php 第 170 行.
NOTIC: [2] call_user_func() expects parameter 1 to be a valid callback, no array or string given H:\wamp64\www\lplive\ThinkPHP\Library\Think\Upload.class.php 第 170 行.

[ 2017-08-24T16:55:53+08:00 ] ::1 /lplive/index.php/Admin/Admin/grounding
INFO: [ app_init ] --START--
INFO: Run Behavior\BuildLiteBehavior [ RunTime:0.000029s ]
INFO: [ app_init ] --END-- [ RunTime:0.000941s ]

[ 2017-08-24T16:55:57+08:00 ] ::1 /lplive/index.php/Admin/Goods/goodsImgUpload.html
INFO: [ app_init ] --START--
INFO: Run Behavior\BuildLiteBehavior [ RunTime:0.000087s ]
INFO: [ app_init ] --END-- [ RunTime:0.001450s ]
INFO: [ app_begin ] --START--
INFO: Run Behavior\ReadHtmlCacheBehavior [ RunTime:0.001316s ]
INFO: [ app_begin ] --END-- [ RunTime:0.001488s ]
NOTIC: [2] call_user_func() expects parameter 1 to be a valid callback, no array or string given H:\wamp64\www\lplive\ThinkPHP\Library\Think\Upload.class.php 第 170 行.
NOTIC: [2] call_user_func() expects parameter 1 to be a valid callback, no array or string given H:\wamp64\www\lplive\ThinkPHP\Library\Think\Upload.class.php 第 170 行.

[ 2017-08-24T17:01:23+08:00 ] ::1 /lplive/index.php/Admin/Admin/grounding
INFO: [ app_init ] --START--
INFO: Run Behavior\BuildLiteBehavior [ RunTime:0.000038s ]
INFO: [ app_init ] --END-- [ RunTime:0.000592s ]

[ 2017-08-24T17:01:25+08:00 ] ::1 /lplive/index.php/Admin/Goods/goodsImgUpload.html
INFO: [ app_init ] --START--
INFO: Run Behavior\BuildLiteBehavior [ RunTime:0.000022s ]
INFO: [ app_init ] --END-- [ RunTime:0.000448s ]
INFO: [ app_begin ] --START--
INFO: Run Behavior\ReadHtmlCacheBehavior [ RunTime:0.001554s ]
INFO: [ app_begin ] --END-- [ RunTime:0.001750s ]
NOTIC: [2] call_user_func() expects parameter 1 to be a valid callback, no array or string given H:\wamp64\www\lplive\ThinkPHP\Library\Think\Upload.class.php 第 170 行.
NOTIC: [2] call_user_func() expects parameter 1 to be a valid callback, no array or string given H:\wamp64\www\lplive\ThinkPHP\Library\Think\Upload.class.php 第 170 行.

[ 2017-08-24T17:01:29+08:00 ] ::1 /lplive/index.php/Admin/Goods/deleteFile.html
INFO: [ app_init ] --START--
INFO: Run Behavior\BuildLiteBehavior [ RunTime:0.000054s ]
INFO: [ app_init ] --END-- [ RunTime:0.000814s ]
INFO: [ app_begin ] --START--
INFO: Run Behavior\ReadHtmlCacheBehavior [ RunTime:0.002142s ]
INFO: [ app_begin ] --END-- [ RunTime:0.002358s ]
INFO: [ app_end ] --START--
INFO: Run Behavior\ShowPageTraceBehavior [ RunTime:0.000853s ]
INFO: [ app_end ] --END-- [ RunTime:0.000949s ]

[ 2017-08-24T17:02:25+08:00 ] ::1 /lplive/index.php/Admin/Goods/deleteFile.html
INFO: [ app_init ] --START--
INFO: Run Behavior\BuildLiteBehavior [ RunTime:0.000027s ]
INFO: [ app_init ] --END-- [ RunTime:0.000498s ]
INFO: [ app_begin ] --START--
INFO: Run Behavior\ReadHtmlCacheBehavior [ RunTime:0.001096s ]
INFO: [ app_begin ] --END-- [ RunTime:0.001224s ]
INFO: [ app_end ] --START--
INFO: Run Behavior\ShowPageTraceBehavior [ RunTime:0.001130s ]
INFO: [ app_end ] --END-- [ RunTime:0.001248s ]

[ 2017-08-24T17:04:27+08:00 ] ::1 /lplive/index.php/Admin/Goods/deleteFile.html
INFO: [ app_init ] --START--
INFO: Run Behavior\BuildLiteBehavior [ RunTime:0.000025s ]
INFO: [ app_init ] --END-- [ RunTime:0.000551s ]
INFO: [ app_begin ] --START--
INFO: Run Behavior\ReadHtmlCacheBehavior [ RunTime:0.000864s ]
INFO: [ app_begin ] --END-- [ RunTime:0.000968s ]
INFO: [ app_end ] --START--
INFO: Run Behavior\ShowPageTraceBehavior [ RunTime:0.000886s ]
INFO: [ app_end ] --END-- [ RunTime:0.000970s ]

[ 2017-08-24T17:04:54+08:00 ] ::1 /lplive/index.php/Admin/Goods/deleteFile.html
INFO: [ app_init ] --START--
INFO: Run Behavior\BuildLiteBehavior [ RunTime:0.000024s ]
INFO: [ app_init ] --END-- [ RunTime:0.000495s ]
INFO: [ app_begin ] --START--
INFO: Run Behavior\ReadHtmlCacheBehavior [ RunTime:0.000688s ]
INFO: [ app_begin ] --END-- [ RunTime:0.000778s ]
INFO: [ app_end ] --START--
INFO: Run Behavior\ShowPageTraceBehavior [ RunTime:0.000710s ]
INFO: [ app_end ] --END-- [ RunTime:0.000803s ]

[ 2017-08-24T17:05:49+08:00 ] ::1 /lplive/index.php/Admin/Goods/deleteFile.html
INFO: [ app_init ] --START--
INFO: Run Behavior\BuildLiteBehavior [ RunTime:0.000025s ]
INFO: [ app_init ] --END-- [ RunTime:0.000603s ]
INFO: [ app_begin ] --START--
INFO: Run Behavior\ReadHtmlCacheBehavior [ RunTime:0.000808s ]
INFO: [ app_begin ] --END-- [ RunTime:0.000961s ]
INFO: [ app_end ] --START--
INFO: Run Behavior\ShowPageTraceBehavior [ RunTime:0.000965s ]
INFO: [ app_end ] --END-- [ RunTime:0.001073s ]

[ 2017-08-24T17:07:13+08:00 ] ::1 /lplive/index.php/Admin/Goods/deleteFile.html
INFO: [ app_init ] --START--
INFO: Run Behavior\BuildLiteBehavior [ RunTime:0.000053s ]
INFO: [ app_init ] --END-- [ RunTime:0.000908s ]
INFO: [ app_begin ] --START--
INFO: Run Behavior\ReadHtmlCacheBehavior [ RunTime:0.000814s ]
INFO: [ app_begin ] --END-- [ RunTime:0.000958s ]
NOTIC: [2] unlink(Uploads/599e95e5ddf0b.jpg): No such file or directory H:\wamp64\www\lplive\Application\Admin\Controller\GoodsController.class.php 第 41 行.

[ 2017-08-24T17:07:29+08:00 ] ::1 /lplive/index.php/Admin/Goods/deleteFile.html
INFO: [ app_init ] --START--
INFO: Run Behavior\BuildLiteBehavior [ RunTime:0.000022s ]
INFO: [ app_init ] --END-- [ RunTime:0.000388s ]
INFO: [ app_begin ] --START--
INFO: Run Behavior\ReadHtmlCacheBehavior [ RunTime:0.000407s ]
INFO: [ app_begin ] --END-- [ RunTime:0.000495s ]

[ 2017-08-24T17:07:34+08:00 ] ::1 /lplive/index.php/Admin/Admin/grounding
INFO: [ app_init ] --START--
INFO: Run Behavior\BuildLiteBehavior [ RunTime:0.000033s ]
INFO: [ app_init ] --END-- [ RunTime:0.000617s ]

[ 2017-08-24T17:11:43+08:00 ] ::1 /lplive/index.php/Admin/Admin/grounding
INFO: [ app_init ] --START--
INFO: Run Behavior\BuildLiteBehavior [ RunTime:0.000023s ]
INFO: [ app_init ] --END-- [ RunTime:0.000463s ]

[ 2017-08-24T17:11:46+08:00 ] ::1 /lplive/index.php/Admin/Goods/goodsImgUpload.html
INFO: [ app_init ] --START--
INFO: Run Behavior\BuildLiteBehavior [ RunTime:0.000037s ]
INFO: [ app_init ] --END-- [ RunTime:0.000629s ]
INFO: [ app_begin ] --START--
INFO: Run Behavior\ReadHtmlCacheBehavior [ RunTime:0.000607s ]
INFO: [ app_begin ] --END-- [ RunTime:0.000753s ]
NOTIC: [2] call_user_func() expects parameter 1 to be a valid callback, no array or string given H:\wamp64\www\lplive\ThinkPHP\Library\Think\Upload.class.php 第 170 行.
NOTIC: [2] call_user_func() expects parameter 1 to be a valid callback, no array or string given H:\wamp64\www\lplive\ThinkPHP\Library\Think\Upload.class.php 第 170 行.

[ 2017-08-24T17:11:48+08:00 ] ::1 /lplive/index.php/Admin/Goods/deleteFile.html
INFO: [ app_init ] --START--
INFO: Run Behavior\BuildLiteBehavior [ RunTime:0.000022s ]
INFO: [ app_init ] --END-- [ RunTime:0.000418s ]
INFO: [ app_begin ] --START--
INFO: Run Behavior\ReadHtmlCacheBehavior [ RunTime:0.000408s ]
INFO: [ app_begin ] --END-- [ RunTime:0.000517s ]

[ 2017-08-24T17:11:50+08:00 ] ::1 /lplive/index.php/Admin/Goods/deleteFile.html
INFO: [ app_init ] --START--
INFO: Run Behavior\BuildLiteBehavior [ RunTime:0.000024s ]
INFO: [ app_init ] --END-- [ RunTime:0.000462s ]
INFO: [ app_begin ] --START--
INFO: Run Behavior\ReadHtmlCacheBehavior [ RunTime:0.000614s ]
INFO: [ app_begin ] --END-- [ RunTime:0.000708s ]

[ 2017-08-24T17:17:24+08:00 ] ::1 /lplive/index.php/Admin/Admin/grounding
INFO: [ app_init ] --START--
INFO: Run Behavior\BuildLiteBehavior [ RunTime:0.000054s ]
INFO: [ app_init ] --END-- [ RunTime:0.001131s ]

[ 2017-08-24T17:18:20+08:00 ] ::1 /lplive/index.php/Admin/Admin/grounding
INFO: [ app_init ] --START--
INFO: Run Behavior\BuildLiteBehavior [ RunTime:0.000029s ]
INFO: [ app_init ] --END-- [ RunTime:0.000452s ]

[ 2017-08-24T17:18:25+08:00 ] ::1 /lplive/index.php/Admin/Goods/goodsImgUpload.html
INFO: [ app_init ] --START--
INFO: Run Behavior\BuildLiteBehavior [ RunTime:0.000025s ]
INFO: [ app_init ] --END-- [ RunTime:0.000396s ]
INFO: [ app_begin ] --START--
INFO: Run Behavior\ReadHtmlCacheBehavior [ RunTime:0.000422s ]
INFO: [ app_begin ] --END-- [ RunTime:0.000543s ]
NOTIC: [2] call_user_func() expects parameter 1 to be a valid callback, no array or string given H:\wamp64\www\lplive\ThinkPHP\Library\Think\Upload.class.php 第 170 行.

[ 2017-08-24T17:18:58+08:00 ] ::1 /lplive/index.php/Admin/Admin/grounding
INFO: [ app_init ] --START--
INFO: Run Behavior\BuildLiteBehavior [ RunTime:0.000025s ]
INFO: [ app_init ] --END-- [ RunTime:0.000421s ]

[ 2017-08-24T17:20:28+08:00 ] ::1 /lplive/index.php/Admin/Admin/grounding
INFO: [ app_init ] --START--
INFO: Run Behavior\BuildLiteBehavior [ RunTime:0.000042s ]
INFO: [ app_init ] --END-- [ RunTime:0.000727s ]

[ 2017-08-24T17:20:29+08:00 ] ::1 /lplive/index.php/Admin/Admin/grounding
INFO: [ app_init ] --START--
INFO: Run Behavior\BuildLiteBehavior [ RunTime:0.000021s ]
INFO: [ app_init ] --END-- [ RunTime:0.000388s ]

[ 2017-08-24T17:21:47+08:00 ] ::1 /lplive/index.php/Admin/Admin/grounding
INFO: [ app_init ] --START--
INFO: Run Behavior\BuildLiteBehavior [ RunTime:0.000027s ]
INFO: [ app_init ] --END-- [ RunTime:0.000427s ]

[ 2017-08-24T17:21:48+08:00 ] ::1 /lplive/index.php/Admin/Admin/grounding
INFO: [ app_init ] --START--
INFO: Run Behavior\BuildLiteBehavior [ RunTime:0.000024s ]
INFO: [ app_init ] --END-- [ RunTime:0.000387s ]

[ 2017-08-24T17:23:25+08:00 ] ::1 /lplive/index.php/Admin/Admin/grounding
INFO: [ app_init ] --START--
INFO: Run Behavior\BuildLiteBehavior [ RunTime:0.000048s ]
INFO: [ app_init ] --END-- [ RunTime:0.000869s ]

[ 2017-08-24T17:29:39+08:00 ] ::1 /lplive/index.php/Admin/Admin/grounding
INFO: [ app_init ] --START--
INFO: Run Behavior\BuildLiteBehavior [ RunTime:0.000040s ]
INFO: [ app_init ] --END-- [ RunTime:0.000748s ]

[ 2017-08-24T17:29:45+08:00 ] ::1 /lplive/index.php/Admin/Goods/goodsImgUpload.html
INFO: [ app_init ] --START--
INFO: Run Behavior\BuildLiteBehavior [ RunTime:0.000022s ]
INFO: [ app_init ] --END-- [ RunTime:0.000401s ]
INFO: [ app_begin ] --START--
INFO: Run Behavior\ReadHtmlCacheBehavior [ RunTime:0.000387s ]
INFO: [ app_begin ] --END-- [ RunTime:0.000473s ]
NOTIC: [2] call_user_func() expects parameter 1 to be a valid callback, no array or string given H:\wamp64\www\lplive\ThinkPHP\Library\Think\Upload.class.php 第 170 行.
NOTIC: [2] call_user_func() expects parameter 1 to be a valid callback, no array or string given H:\wamp64\www\lplive\ThinkPHP\Library\Think\Upload.class.php 第 170 行.
NOTIC: [2] call_user_func() expects parameter 1 to be a valid callback, no array or string given H:\wamp64\www\lplive\ThinkPHP\Library\Think\Upload.class.php 第 170 行.
NOTIC: [2] call_user_func() expects parameter 1 to be a valid callback, no array or string given H:\wamp64\www\lplive\ThinkPHP\Library\Think\Upload.class.php 第 170 行.
NOTIC: [2] call_user_func() expects parameter 1 to be a valid callback, no array or string given H:\wamp64\www\lplive\ThinkPHP\Library\Think\Upload.class.php 第 170 行.

[ 2017-08-24T17:29:52+08:00 ] ::1 /lplive/index.php/Admin/Goods/deleteFile.html
INFO: [ app_init ] --START--
INFO: Run Behavior\BuildLiteBehavior [ RunTime:0.000025s ]
INFO: [ app_init ] --END-- [ RunTime:0.000548s ]
INFO: [ app_begin ] --START--
INFO: Run Behavior\ReadHtmlCacheBehavior [ RunTime:0.001185s ]
INFO: [ app_begin ] --END-- [ RunTime:0.001373s ]

[ 2017-08-24T17:29:53+08:00 ] ::1 /lplive/index.php/Admin/Goods/deleteFile.html
INFO: [ app_init ] --START--
INFO: Run Behavior\BuildLiteBehavior [ RunTime:0.000041s ]
INFO: [ app_init ] --END-- [ RunTime:0.000727s ]
INFO: [ app_begin ] --START--
INFO: Run Behavior\ReadHtmlCacheBehavior [ RunTime:0.000582s ]
INFO: [ app_begin ] --END-- [ RunTime:0.000672s ]

[ 2017-08-24T17:29:53+08:00 ] ::1 /lplive/index.php/Admin/Goods/deleteFile.html
INFO: [ app_init ] --START--
INFO: Run Behavior\BuildLiteBehavior [ RunTime:0.000026s ]
INFO: [ app_init ] --END-- [ RunTime:0.000568s ]
INFO: [ app_begin ] --START--
INFO: Run Behavior\ReadHtmlCacheBehavior [ RunTime:0.000579s ]
INFO: [ app_begin ] --END-- [ RunTime:0.000672s ]

[ 2017-08-24T17:29:55+08:00 ] ::1 /lplive/index.php/Admin/Goods/deleteFile.html
INFO: [ app_init ] --START--
INFO: Run Behavior\BuildLiteBehavior [ RunTime:0.000026s ]
INFO: [ app_init ] --END-- [ RunTime:0.000458s ]
INFO: [ app_begin ] --START--
INFO: Run Behavior\ReadHtmlCacheBehavior [ RunTime:0.000616s ]
INFO: [ app_begin ] --END-- [ RunTime:0.000706s ]

[ 2017-08-24T17:29:57+08:00 ] ::1 /lplive/index.php/Admin/Goods/deleteFile.html
INFO: [ app_init ] --START--
INFO: Run Behavior\BuildLiteBehavior [ RunTime:0.000027s ]
INFO: [ app_init ] --END-- [ RunTime:0.000524s ]
INFO: [ app_begin ] --START--
INFO: Run Behavior\ReadHtmlCacheBehavior [ RunTime:0.000573s ]
INFO: [ app_begin ] --END-- [ RunTime:0.000669s ]

[ 2017-08-24T17:35:46+08:00 ] ::1 /lplive/index.php/Admin/Admin/grounding
INFO: [ app_init ] --START--
INFO: Run Behavior\BuildLiteBehavior [ RunTime:0.000054s ]
INFO: [ app_init ] --END-- [ RunTime:0.000699s ]

[ 2017-08-24T17:39:31+08:00 ] ::1 /lplive/index.php/Admin/Admin/grounding
INFO: [ app_init ] --START--
INFO: Run Behavior\BuildLiteBehavior [ RunTime:0.000059s ]
INFO: [ app_init ] --END-- [ RunTime:0.001373s ]

[ 2017-08-24T18:02:26+08:00 ] ::1 /lplive/index.php/Admin/Goods/test
INFO: [ app_init ] --START--
INFO: Run Behavior\BuildLiteBehavior [ RunTime:0.000086s ]
INFO: [ app_init ] --END-- [ RunTime:0.001627s ]

[ 2017-08-24T18:12:22+08:00 ] ::1 /lplive/index.php/Admin/Admin/grounding
INFO: [ app_init ] --START--
INFO: Run Behavior\BuildLiteBehavior [ RunTime:0.000180s ]
INFO: [ app_init ] --END-- [ RunTime:0.002007s ]

[ 2017-08-24T18:12:40+08:00 ] ::1 /lplive/index.php/Admin/Admin/grounding
INFO: [ app_init ] --START--
INFO: Run Behavior\BuildLiteBehavior [ RunTime:0.000027s ]
INFO: [ app_init ] --END-- [ RunTime:0.000734s ]

[ 2017-08-24T18:12:45+08:00 ] ::1 /lplive/index.php/Admin/Goods/goodsImgUpload.html
INFO: [ app_init ] --START--
INFO: Run Behavior\BuildLiteBehavior [ RunTime:0.000024s ]
INFO: [ app_init ] --END-- [ RunTime:0.000565s ]
INFO: [ app_begin ] --START--
INFO: Run Behavior\ReadHtmlCacheBehavior [ RunTime:0.001879s ]
INFO: [ app_begin ] --END-- [ RunTime:0.002152s ]
NOTIC: [2] call_user_func() expects parameter 1 to be a valid callback, no array or string given H:\wamp64\www\lplive\ThinkPHP\Library\Think\Upload.class.php 第 170 行.

[ 2017-08-24T18:13:10+08:00 ] ::1 /lplive/index.php/Admin/Admin/grounding
INFO: [ app_init ] --START--
INFO: Run Behavior\BuildLiteBehavior [ RunTime:0.000024s ]
INFO: [ app_init ] --END-- [ RunTime:0.000548s ]

[ 2017-08-24T18:13:13+08:00 ] ::1 /lplive/index.php/Admin/Goods/goodsImgUpload.html
INFO: [ app_init ] --START--
INFO: Run Behavior\BuildLiteBehavior [ RunTime:0.000028s ]
INFO: [ app_init ] --END-- [ RunTime:0.000661s ]
INFO: [ app_begin ] --START--
INFO: Run Behavior\ReadHtmlCacheBehavior [ RunTime:0.000800s ]
INFO: [ app_begin ] --END-- [ RunTime:0.000896s ]
NOTIC: [2] call_user_func() expects parameter 1 to be a valid callback, no array or string given H:\wamp64\www\lplive\ThinkPHP\Library\Think\Upload.class.php 第 170 行.

[ 2017-08-24T18:15:16+08:00 ] ::1 /lplive/index.php/Admin/Admin/grounding
INFO: [ app_init ] --START--
INFO: Run Behavior\BuildLiteBehavior [ RunTime:0.000028s ]
INFO: [ app_init ] --END-- [ RunTime:0.000665s ]

[ 2017-08-24T18:15:20+08:00 ] ::1 /lplive/index.php/Admin/Goods/goodsImgUpload.html
INFO: [ app_init ] --START--
INFO: Run Behavior\BuildLiteBehavior [ RunTime:0.000024s ]
INFO: [ app_init ] --END-- [ RunTime:0.000557s ]
INFO: [ app_begin ] --START--
INFO: Run Behavior\ReadHtmlCacheBehavior [ RunTime:0.000777s ]
INFO: [ app_begin ] --END-- [ RunTime:0.000867s ]
NOTIC: [2] call_user_func() expects parameter 1 to be a valid callback, no array or string given H:\wamp64\www\lplive\ThinkPHP\Library\Think\Upload.class.php 第 170 行.

[ 2017-08-24T18:15:59+08:00 ] ::1 /lplive/index.php/Admin/Admin/grounding
INFO: [ app_init ] --START--
INFO: Run Behavior\BuildLiteBehavior [ RunTime:0.000025s ]
INFO: [ app_init ] --END-- [ RunTime:0.000576s ]

[ 2017-08-24T18:16:04+08:00 ] ::1 /lplive/index.php/Admin/Goods/goodsImgUpload.html
INFO: [ app_init ] --START--
INFO: Run Behavior\BuildLiteBehavior [ RunTime:0.000051s ]
INFO: [ app_init ] --END-- [ RunTime:0.001234s ]
INFO: [ app_begin ] --START--
INFO: Run Behavior\ReadHtmlCacheBehavior [ RunTime:0.000863s ]
INFO: [ app_begin ] --END-- [ RunTime:0.000967s ]
NOTIC: [2] call_user_func() expects parameter 1 to be a valid callback, no array or string given H:\wamp64\www\lplive\ThinkPHP\Library\Think\Upload.class.php 第 170 行.

[ 2017-08-24T18:18:08+08:00 ] ::1 /lplive/index.php/Admin/Admin/grounding
INFO: [ app_init ] --START--
INFO: Run Behavior\BuildLiteBehavior [ RunTime:0.000025s ]
INFO: [ app_init ] --END-- [ RunTime:0.000561s ]

[ 2017-08-24T18:18:11+08:00 ] ::1 /lplive/index.php/Admin/Goods/goodsImgUpload.html
INFO: [ app_init ] --START--
INFO: Run Behavior\BuildLiteBehavior [ RunTime:0.000046s ]
INFO: [ app_init ] --END-- [ RunTime:0.000987s ]
INFO: [ app_begin ] --START--
INFO: Run Behavior\ReadHtmlCacheBehavior [ RunTime:0.001255s ]
INFO: [ app_begin ] --END-- [ RunTime:0.001428s ]
NOTIC: [2] call_user_func() expects parameter 1 to be a valid callback, no array or string given H:\wamp64\www\lplive\ThinkPHP\Library\Think\Upload.class.php 第 170 行.

[ 2017-08-24T18:20:32+08:00 ] ::1 /lplive/index.php/Admin/Admin/grounding
INFO: [ app_init ] --START--
INFO: Run Behavior\BuildLiteBehavior [ RunTime:0.000022s ]
INFO: [ app_init ] --END-- [ RunTime:0.000466s ]

[ 2017-08-24T18:20:36+08:00 ] ::1 /lplive/index.php/Admin/Goods/goodsImgUpload.html
INFO: [ app_init ] --START--
INFO: Run Behavior\BuildLiteBehavior [ RunTime:0.000024s ]
INFO: [ app_init ] --END-- [ RunTime:0.000482s ]
INFO: [ app_begin ] --START--
INFO: Run Behavior\ReadHtmlCacheBehavior [ RunTime:0.001477s ]
INFO: [ app_begin ] --END-- [ RunTime:0.001674s ]
NOTIC: [2] call_user_func() expects parameter 1 to be a valid callback, no array or string given H:\wamp64\www\lplive\ThinkPHP\Library\Think\Upload.class.php 第 170 行.

[ 2017-08-24T18:30:19+08:00 ] ::1 /lplive/index.php/Admin/Admin/grounding
INFO: [ app_init ] --START--
INFO: Run Behavior\BuildLiteBehavior [ RunTime:0.000086s ]
INFO: [ app_init ] --END-- [ RunTime:0.000637s ]

[ 2017-08-24T18:34:43+08:00 ] ::1 /lplive/index.php/Admin/Goods/goodsImgUpload.html
INFO: [ app_init ] --START--
INFO: Run Behavior\BuildLiteBehavior [ RunTime:0.000026s ]
INFO: [ app_init ] --END-- [ RunTime:0.000525s ]
INFO: [ app_begin ] --START--
INFO: Run Behavior\ReadHtmlCacheBehavior [ RunTime:0.000782s ]
INFO: [ app_begin ] --END-- [ RunTime:0.000885s ]
NOTIC: [2] call_user_func() expects parameter 1 to be a valid callback, no array or string given H:\wamp64\www\lplive\ThinkPHP\Library\Think\Upload.class.php 第 170 行.

[ 2017-08-24T18:34:48+08:00 ] ::1 /lplive/index.php/Admin/Goods/goodsImgUpload.html
INFO: [ app_init ] --START--
INFO: Run Behavior\BuildLiteBehavior [ RunTime:0.000024s ]
INFO: [ app_init ] --END-- [ RunTime:0.000476s ]
INFO: [ app_begin ] --START--
INFO: Run Behavior\ReadHtmlCacheBehavior [ RunTime:0.000952s ]
INFO: [ app_begin ] --END-- [ RunTime:0.001091s ]
NOTIC: [2] call_user_func() expects parameter 1 to be a valid callback, no array or string given H:\wamp64\www\lplive\ThinkPHP\Library\Think\Upload.class.php 第 170 行.
NOTIC: [2] call_user_func() expects parameter 1 to be a valid callback, no array or string given H:\wamp64\www\lplive\ThinkPHP\Library\Think\Upload.class.php 第 170 行.
NOTIC: [2] call_user_func() expects parameter 1 to be a valid callback, no array or string given H:\wamp64\www\lplive\ThinkPHP\Library\Think\Upload.class.php 第 170 行.
NOTIC: [2] call_user_func() expects parameter 1 to be a valid callback, no array or string given H:\wamp64\www\lplive\ThinkPHP\Library\Think\Upload.class.php 第 170 行.

[ 2017-08-24T18:34:48+08:00 ] ::1 /lplive/index.php/Admin/Goods/goodsImgUpload.html
INFO: [ app_init ] --START--
INFO: Run Behavior\BuildLiteBehavior [ RunTime:0.000024s ]
INFO: [ app_init ] --END-- [ RunTime:0.000526s ]
INFO: [ app_begin ] --START--
INFO: Run Behavior\ReadHtmlCacheBehavior [ RunTime:0.001015s ]
INFO: [ app_begin ] --END-- [ RunTime:0.001179s ]
NOTIC: [2] call_user_func() expects parameter 1 to be a valid callback, no array or string given H:\wamp64\www\lplive\ThinkPHP\Library\Think\Upload.class.php 第 170 行.
NOTIC: [2] call_user_func() expects parameter 1 to be a valid callback, no array or string given H:\wamp64\www\lplive\ThinkPHP\Library\Think\Upload.class.php 第 170 行.
NOTIC: [2] call_user_func() expects parameter 1 to be a valid callback, no array or string given H:\wamp64\www\lplive\ThinkPHP\Library\Think\Upload.class.php 第 170 行.
NOTIC: [2] call_user_func() expects parameter 1 to be a valid callback, no array or string given H:\wamp64\www\lplive\ThinkPHP\Library\Think\Upload.class.php 第 170 行.

[ 2017-08-24T18:36:41+08:00 ] ::1 /lplive/index.php/Admin/Admin/grounding
INFO: [ app_init ] --START--
INFO: Run Behavior\BuildLiteBehavior [ RunTime:0.000050s ]
INFO: [ app_init ] --END-- [ RunTime:0.000856s ]

[ 2017-08-24T18:37:31+08:00 ] ::1 /lplive/index.php/Admin/Goods/goodsImgUpload.html
INFO: [ app_init ] --START--
INFO: Run Behavior\BuildLiteBehavior [ RunTime:0.000023s ]
INFO: [ app_init ] --END-- [ RunTime:0.000416s ]
INFO: [ app_begin ] --START--
INFO: Run Behavior\ReadHtmlCacheBehavior [ RunTime:0.000481s ]
INFO: [ app_begin ] --END-- [ RunTime:0.000581s ]
NOTIC: [2] call_user_func() expects parameter 1 to be a valid callback, no array or string given H:\wamp64\www\lplive\ThinkPHP\Library\Think\Upload.class.php 第 170 行.

[ 2017-08-24T18:37:35+08:00 ] ::1 /lplive/index.php/Admin/Goods/goodsImgUpload.html
INFO: [ app_init ] --START--
INFO: Run Behavior\BuildLiteBehavior [ RunTime:0.000025s ]
INFO: [ app_init ] --END-- [ RunTime:0.000417s ]
INFO: [ app_begin ] --START--
INFO: Run Behavior\ReadHtmlCacheBehavior [ RunTime:0.000501s ]
INFO: [ app_begin ] --END-- [ RunTime:0.000598s ]
NOTIC: [2] call_user_func() expects parameter 1 to be a valid callback, no array or string given H:\wamp64\www\lplive\ThinkPHP\Library\Think\Upload.class.php 第 170 行.
NOTIC: [2] call_user_func() expects parameter 1 to be a valid callback, no array or string given H:\wamp64\www\lplive\ThinkPHP\Library\Think\Upload.class.php 第 170 行.
NOTIC: [2] call_user_func() expects parameter 1 to be a valid callback, no array or string given H:\wamp64\www\lplive\ThinkPHP\Library\Think\Upload.class.php 第 170 行.
NOTIC: [2] call_user_func() expects parameter 1 to be a valid callback, no array or string given H:\wamp64\www\lplive\ThinkPHP\Library\Think\Upload.class.php 第 170 行.

[ 2017-08-24T18:38:52+08:00 ] ::1 /lplive/index.php/Admin/Admin/grounding
INFO: [ app_init ] --START--
INFO: Run Behavior\BuildLiteBehavior [ RunTime:0.000022s ]
INFO: [ app_init ] --END-- [ RunTime:0.000456s ]

[ 2017-08-24T18:39:39+08:00 ] ::1 /lplive/index.php/Admin/Goods/goodsImgUpload.html
INFO: [ app_init ] --START--
INFO: Run Behavior\BuildLiteBehavior [ RunTime:0.000073s ]
INFO: [ app_init ] --END-- [ RunTime:0.000578s ]
INFO: [ app_begin ] --START--
INFO: Run Behavior\ReadHtmlCacheBehavior [ RunTime:0.001116s ]
INFO: [ app_begin ] --END-- [ RunTime:0.001216s ]
NOTIC: [2] call_user_func() expects parameter 1 to be a valid callback, no array or string given H:\wamp64\www\lplive\ThinkPHP\Library\Think\Upload.class.php 第 170 行.

[ 2017-08-24T18:39:43+08:00 ] ::1 /lplive/index.php/Admin/Goods/goodsImgUpload.html
INFO: [ app_init ] --START--
INFO: Run Behavior\BuildLiteBehavior [ RunTime:0.000038s ]
INFO: [ app_init ] --END-- [ RunTime:0.000699s ]
INFO: [ app_begin ] --START--
INFO: Run Behavior\ReadHtmlCacheBehavior [ RunTime:0.000984s ]
INFO: [ app_begin ] --END-- [ RunTime:0.001131s ]
NOTIC: [2] call_user_func() expects parameter 1 to be a valid callback, no array or string given H:\wamp64\www\lplive\ThinkPHP\Library\Think\Upload.class.php 第 170 行.
NOTIC: [2] call_user_func() expects parameter 1 to be a valid callback, no array or string given H:\wamp64\www\lplive\ThinkPHP\Library\Think\Upload.class.php 第 170 行.
NOTIC: [2] call_user_func() expects parameter 1 to be a valid callback, no array or string given H:\wamp64\www\lplive\ThinkPHP\Library\Think\Upload.class.php 第 170 行.
NOTIC: [2] call_user_func() expects parameter 1 to be a valid callback, no array or string given H:\wamp64\www\lplive\ThinkPHP\Library\Think\Upload.class.php 第 170 行.

[ 2017-08-24T18:39:50+08:00 ] ::1 /lplive/index.php/Admin/Goods/addGoods.html
INFO: [ app_init ] --START--
INFO: Run Behavior\BuildLiteBehavior [ RunTime:0.000029s ]
INFO: [ app_init ] --END-- [ RunTime:0.000695s ]
INFO: [ app_begin ] --START--
INFO: Run Behavior\ReadHtmlCacheBehavior [ RunTime:0.000847s ]
INFO: [ app_begin ] --END-- [ RunTime:0.000987s ]
SQL: SHOW COLUMNS FROM `think_lp_goods` [ RunTime:0.0008s ]
NOTIC: [8] Undefined index: validate H:\wamp64\www\lplive\ThinkPHP\Library\Think\Model.class.php 第 1185 行.
NOTIC: [8] Undefined index: auto H:\wamp64\www\lplive\ThinkPHP\Library\Think\Model.class.php 第 1128 行.
ERR: 1364:Field 'goods_name' doesn't have a default value
 [ SQL语句 ] : INSERT INTO `think_lp_goods` (`goods_img`,`goods_synopsis`,`id`,`date_save`) VALUES ('http://localhost/lplive/Uploads/599eaceba343a.jpg','http://localhost/lplive/Uploads/599eacef64d1e.jpghttp://localhost/lplive/Uploads/599eacef65a27.jpghttp://localhost/lplive/Uploads/599eacef66d1d.jpghttp://localhost/lplive/Uploads/599eacef67e13.jpg','1503571190','2017-08-24 18:39:50')
ERR: 1364:Field 'goods_name' doesn't have a default value
 [ SQL语句 ] : INSERT INTO `think_lp_goods` (`goods_img`,`goods_synopsis`,`id`,`date_save`) VALUES ('http://localhost/lplive/Uploads/599eaceba343a.jpg','http://localhost/lplive/Uploads/599eacef64d1e.jpghttp://localhost/lplive/Uploads/599eacef65a27.jpghttp://localhost/lplive/Uploads/599eacef66d1d.jpghttp://localhost/lplive/Uploads/599eacef67e13.jpg','1503571190','2017-08-24 18:39:50')

[ 2017-08-24T18:41:46+08:00 ] ::1 /lplive/index.php/Admin/Admin/grounding
INFO: [ app_init ] --START--
INFO: Run Behavior\BuildLiteBehavior [ RunTime:0.000041s ]
INFO: [ app_init ] --END-- [ RunTime:0.000497s ]

[ 2017-08-24T18:42:15+08:00 ] ::1 /lplive/index.php/Admin/Admin/grounding
INFO: [ app_init ] --START--
INFO: Run Behavior\BuildLiteBehavior [ RunTime:0.000026s ]
INFO: [ app_init ] --END-- [ RunTime:0.000538s ]

[ 2017-08-24T18:43:20+08:00 ] ::1 /lplive/index.php/Admin/Goods/goodsImgUpload.html
INFO: [ app_init ] --START--
INFO: Run Behavior\BuildLiteBehavior [ RunTime:0.000043s ]
INFO: [ app_init ] --END-- [ RunTime:0.000803s ]
INFO: [ app_begin ] --START--
INFO: Run Behavior\ReadHtmlCacheBehavior [ RunTime:0.000689s ]
INFO: [ app_begin ] --END-- [ RunTime:0.000827s ]
NOTIC: [2] call_user_func() expects parameter 1 to be a valid callback, no array or string given H:\wamp64\www\lplive\ThinkPHP\Library\Think\Upload.class.php 第 170 行.

[ 2017-08-24T18:43:23+08:00 ] ::1 /lplive/index.php/Admin/Goods/goodsImgUpload.html
INFO: [ app_init ] --START--
INFO: Run Behavior\BuildLiteBehavior [ RunTime:0.000036s ]
INFO: [ app_init ] --END-- [ RunTime:0.000613s ]
INFO: [ app_begin ] --START--
INFO: Run Behavior\ReadHtmlCacheBehavior [ RunTime:0.000601s ]
INFO: [ app_begin ] --END-- [ RunTime:0.000750s ]
NOTIC: [2] call_user_func() expects parameter 1 to be a valid callback, no array or string given H:\wamp64\www\lplive\ThinkPHP\Library\Think\Upload.class.php 第 170 行.
NOTIC: [2] call_user_func() expects parameter 1 to be a valid callback, no array or string given H:\wamp64\www\lplive\ThinkPHP\Library\Think\Upload.class.php 第 170 行.
NOTIC: [2] call_user_func() expects parameter 1 to be a valid callback, no array or string given H:\wamp64\www\lplive\ThinkPHP\Library\Think\Upload.class.php 第 170 行.
NOTIC: [2] call_user_func() expects parameter 1 to be a valid callback, no array or string given H:\wamp64\www\lplive\ThinkPHP\Library\Think\Upload.class.php 第 170 行.

[ 2017-08-24T18:43:28+08:00 ] ::1 /lplive/index.php/Admin/Goods/addGoods.html
INFO: [ app_init ] --START--
INFO: Run Behavior\BuildLiteBehavior [ RunTime:0.000026s ]
INFO: [ app_init ] --END-- [ RunTime:0.000627s ]
INFO: [ app_begin ] --START--
INFO: Run Behavior\ReadHtmlCacheBehavior [ RunTime:0.000873s ]
INFO: [ app_begin ] --END-- [ RunTime:0.000971s ]
SQL: SHOW COLUMNS FROM `think_lp_goods` [ RunTime:0.0010s ]
NOTIC: [8] Undefined index: validate H:\wamp64\www\lplive\ThinkPHP\Library\Think\Model.class.php 第 1185 行.
SQL: SELECT * FROM `think_lp_goods` WHERE `goods_name` = '西部山区散养鸡蛋' LIMIT 1   [ RunTime:0.0002s ]
NOTIC: [8] Undefined index: auto H:\wamp64\www\lplive\ThinkPHP\Library\Think\Model.class.php 第 1128 行.
SQL: INSERT INTO `think_lp_goods` (`goods_name`,`current_price`,`goods_class`,`cost_price`,`goods_standard`,`goods_img`,`goods_synopsis`,`id`,`date_save`) VALUES ('西部山区散养鸡蛋','89','热门推荐,精选礼品','159','30枚=89,50枚=99','http://localhost/lplive/Uploads/599eadc848412.jpg','http://localhost/lplive/Uploads/599eadcb8e27c.jpghttp://localhost/lplive/Uploads/599eadcb8f2fb.jpghttp://localhost/lplive/Uploads/599eadcb90121.jpghttp://localhost/lplive/Uploads/599eadcb9107b.jpg','1503571408','2017-08-24 18:43:28') [ RunTime:0.0006s ]

[ 2017-08-24T18:43:28+08:00 ] ::1 /lplive/index.php/Admin/Admin/grounding
INFO: [ app_init ] --START--
INFO: Run Behavior\BuildLiteBehavior [ RunTime:0.000023s ]
INFO: [ app_init ] --END-- [ RunTime:0.000466s ]

[ 2017-08-24T18:53:12+08:00 ] ::1 /lplive/index.php/Admin/Admin/grounding
INFO: [ app_init ] --START--
INFO: Run Behavior\BuildLiteBehavior [ RunTime:0.000043s ]
INFO: [ app_init ] --END-- [ RunTime:0.000627s ]

[ 2017-08-24T18:53:16+08:00 ] ::1 /lplive/index.php/Admin/Goods/goodsImgUpload.html
INFO: [ app_init ] --START--
INFO: Run Behavior\BuildLiteBehavior [ RunTime:0.000022s ]
INFO: [ app_init ] --END-- [ RunTime:0.000393s ]
INFO: [ app_begin ] --START--
INFO: Run Behavior\ReadHtmlCacheBehavior [ RunTime:0.000651s ]
INFO: [ app_begin ] --END-- [ RunTime:0.000741s ]
NOTIC: [2] call_user_func() expects parameter 1 to be a valid callback, no array or string given H:\wamp64\www\lplive\ThinkPHP\Library\Think\Upload.class.php 第 170 行.
NOTIC: [2] call_user_func() expects parameter 1 to be a valid callback, no array or string given H:\wamp64\www\lplive\ThinkPHP\Library\Think\Upload.class.php 第 170 行.
NOTIC: [2] call_user_func() expects parameter 1 to be a valid callback, no array or string given H:\wamp64\www\lplive\ThinkPHP\Library\Think\Upload.class.php 第 170 行.

[ 2017-08-24T18:54:08+08:00 ] ::1 /lplive/index.php/Admin/Admin/grounding
INFO: [ app_init ] --START--
INFO: Run Behavior\BuildLiteBehavior [ RunTime:0.000025s ]
INFO: [ app_init ] --END-- [ RunTime:0.000697s ]

[ 2017-08-24T18:54:13+08:00 ] ::1 /lplive/index.php/Admin/Goods/goodsImgUpload.html
INFO: [ app_init ] --START--
INFO: Run Behavior\BuildLiteBehavior [ RunTime:0.000024s ]
INFO: [ app_init ] --END-- [ RunTime:0.000559s ]
INFO: [ app_begin ] --START--
INFO: Run Behavior\ReadHtmlCacheBehavior [ RunTime:0.000718s ]
INFO: [ app_begin ] --END-- [ RunTime:0.000820s ]
NOTIC: [2] call_user_func() expects parameter 1 to be a valid callback, no array or string given H:\wamp64\www\lplive\ThinkPHP\Library\Think\Upload.class.php 第 170 行.
NOTIC: [2] call_user_func() expects parameter 1 to be a valid callback, no array or string given H:\wamp64\www\lplive\ThinkPHP\Library\Think\Upload.class.php 第 170 行.

[ 2017-08-24T18:55:15+08:00 ] ::1 /lplive/index.php/Admin/Admin/grounding
INFO: [ app_init ] --START--
INFO: Run Behavior\BuildLiteBehavior [ RunTime:0.000028s ]
INFO: [ app_init ] --END-- [ RunTime:0.000525s ]

[ 2017-08-24T18:55:18+08:00 ] ::1 /lplive/index.php/Admin/Goods/goodsImgUpload.html
INFO: [ app_init ] --START--
INFO: Run Behavior\BuildLiteBehavior [ RunTime:0.000027s ]
INFO: [ app_init ] --END-- [ RunTime:0.000552s ]
INFO: [ app_begin ] --START--
INFO: Run Behavior\ReadHtmlCacheBehavior [ RunTime:0.000666s ]
INFO: [ app_begin ] --END-- [ RunTime:0.000779s ]
NOTIC: [2] call_user_func() expects parameter 1 to be a valid callback, no array or string given H:\wamp64\www\lplive\ThinkPHP\Library\Think\Upload.class.php 第 170 行.
NOTIC: [2] call_user_func() expects parameter 1 to be a valid callback, no array or string given H:\wamp64\www\lplive\ThinkPHP\Library\Think\Upload.class.php 第 170 行.

[ 2017-08-24T18:56:21+08:00 ] ::1 /lplive/index.php/Admin/Admin/grounding
INFO: [ app_init ] --START--
INFO: Run Behavior\BuildLiteBehavior [ RunTime:0.000056s ]
INFO: [ app_init ] --END-- [ RunTime:0.001094s ]

[ 2017-08-24T18:56:25+08:00 ] ::1 /lplive/index.php/Admin/Goods/goodsImgUpload.html
INFO: [ app_init ] --START--
INFO: Run Behavior\BuildLiteBehavior [ RunTime:0.000037s ]
INFO: [ app_init ] --END-- [ RunTime:0.000756s ]
INFO: [ app_begin ] --START--
INFO: Run Behavior\ReadHtmlCacheBehavior [ RunTime:0.000662s ]
INFO: [ app_begin ] --END-- [ RunTime:0.000763s ]
NOTIC: [2] call_user_func() expects parameter 1 to be a valid callback, no array or string given H:\wamp64\www\lplive\ThinkPHP\Library\Think\Upload.class.php 第 170 行.
NOTIC: [2] call_user_func() expects parameter 1 to be a valid callback, no array or string given H:\wamp64\www\lplive\ThinkPHP\Library\Think\Upload.class.php 第 170 行.
NOTIC: [2] call_user_func() expects parameter 1 to be a valid callback, no array or string given H:\wamp64\www\lplive\ThinkPHP\Library\Think\Upload.class.php 第 170 行.

[ 2017-08-24T18:56:42+08:00 ] ::1 /lplive/index.php/Admin/Admin/grounding
INFO: [ app_init ] --START--
INFO: Run Behavior\BuildLiteBehavior [ RunTime:0.000024s ]
INFO: [ app_init ] --END-- [ RunTime:0.000528s ]

[ 2017-08-24T18:56:47+08:00 ] ::1 /lplive/index.php/Admin/Goods/goodsImgUpload.html
INFO: [ app_init ] --START--
INFO: Run Behavior\BuildLiteBehavior [ RunTime:0.000024s ]
INFO: [ app_init ] --END-- [ RunTime:0.000434s ]
INFO: [ app_begin ] --START--
INFO: Run Behavior\ReadHtmlCacheBehavior [ RunTime:0.000628s ]
INFO: [ app_begin ] --END-- [ RunTime:0.000716s ]
NOTIC: [2] call_user_func() expects parameter 1 to be a valid callback, no array or string given H:\wamp64\www\lplive\ThinkPHP\Library\Think\Upload.class.php 第 170 行.
NOTIC: [2] call_user_func() expects parameter 1 to be a valid callback, no array or string given H:\wamp64\www\lplive\ThinkPHP\Library\Think\Upload.class.php 第 170 行.
NOTIC: [2] call_user_func() expects parameter 1 to be a valid callback, no array or string given H:\wamp64\www\lplive\ThinkPHP\Library\Think\Upload.class.php 第 170 行.

[ 2017-08-24T18:58:00+08:00 ] ::1 /lplive/index.php/Admin/Admin/grounding
INFO: [ app_init ] --START--
INFO: Run Behavior\BuildLiteBehavior [ RunTime:0.000045s ]
INFO: [ app_init ] --END-- [ RunTime:0.000806s ]

[ 2017-08-24T18:58:58+08:00 ] ::1 /lplive/index.php/Admin/Goods/goodsImgUpload.html
INFO: [ app_init ] --START--
INFO: Run Behavior\BuildLiteBehavior [ RunTime:0.000024s ]
INFO: [ app_init ] --END-- [ RunTime:0.000577s ]
INFO: [ app_begin ] --START--
INFO: Run Behavior\ReadHtmlCacheBehavior [ RunTime:0.000719s ]
INFO: [ app_begin ] --END-- [ RunTime:0.000812s ]
NOTIC: [2] call_user_func() expects parameter 1 to be a valid callback, no array or string given H:\wamp64\www\lplive\ThinkPHP\Library\Think\Upload.class.php 第 170 行.
NOTIC: [2] call_user_func() expects parameter 1 to be a valid callback, no array or string given H:\wamp64\www\lplive\ThinkPHP\Library\Think\Upload.class.php 第 170 行.

[ 2017-08-24T18:59:02+08:00 ] ::1 /lplive/index.php/Admin/Goods/goodsImgUpload.html
INFO: [ app_init ] --START--
INFO: Run Behavior\BuildLiteBehavior [ RunTime:0.000023s ]
INFO: [ app_init ] --END-- [ RunTime:0.000468s ]
INFO: [ app_begin ] --START--
INFO: Run Behavior\ReadHtmlCacheBehavior [ RunTime:0.000971s ]
INFO: [ app_begin ] --END-- [ RunTime:0.001101s ]
NOTIC: [2] call_user_func() expects parameter 1 to be a valid callback, no array or string given H:\wamp64\www\lplive\ThinkPHP\Library\Think\Upload.class.php 第 170 行.
NOTIC: [2] call_user_func() expects parameter 1 to be a valid callback, no array or string given H:\wamp64\www\lplive\ThinkPHP\Library\Think\Upload.class.php 第 170 行.
NOTIC: [2] call_user_func() expects parameter 1 to be a valid callback, no array or string given H:\wamp64\www\lplive\ThinkPHP\Library\Think\Upload.class.php 第 170 行.
NOTIC: [2] call_user_func() expects parameter 1 to be a valid callback, no array or string given H:\wamp64\www\lplive\ThinkPHP\Library\Think\Upload.class.php 第 170 行.

[ 2017-08-24T18:59:05+08:00 ] ::1 /lplive/index.php/Admin/Goods/addGoods.html
INFO: [ app_init ] --START--
INFO: Run Behavior\BuildLiteBehavior [ RunTime:0.000022s ]
INFO: [ app_init ] --END-- [ RunTime:0.000454s ]
INFO: [ app_begin ] --START--
INFO: Run Behavior\ReadHtmlCacheBehavior [ RunTime:0.000666s ]
INFO: [ app_begin ] --END-- [ RunTime:0.000773s ]
SQL: SHOW COLUMNS FROM `think_lp_goods` [ RunTime:0.0006s ]
NOTIC: [8] Undefined index: validate H:\wamp64\www\lplive\ThinkPHP\Library\Think\Model.class.php 第 1185 行.
SQL: SELECT * FROM `think_lp_goods` WHERE `goods_name` = '西部山区散养鸡蛋' LIMIT 1   [ RunTime:0.0002s ]
NOTIC: [8] Undefined index: auto H:\wamp64\www\lplive\ThinkPHP\Library\Think\Model.class.php 第 1128 行.
SQL: INSERT INTO `think_lp_goods` (`goods_name`,`current_price`,`goods_class`,`cost_price`,`goods_standard`,`goods_img`,`goods_synopsis`,`id`,`date_save`) VALUES ('西部山区散养鸡蛋','89','热门推荐,精选礼品','159','30枚=89,50枚=99','http://localhost/lplive/Uploads/599eb1727f721.jpg,http://localhost/lplive/Uploads/599eb17280bc8.jpg','http://localhost/lplive/Uploads/599eb176a54d6.jpg,http://localhost/lplive/Uploads/599eb176a6290.jpg,http://localhost/lplive/Uploads/599eb176a74fa.jpg,http://localhost/lplive/Uploads/599eb176b089a.jpg','1503572345','2017-08-24 18:59:05') [ RunTime:0.0003s ]

[ 2017-08-24T18:59:05+08:00 ] ::1 /lplive/index.php/Admin/Admin/grounding
INFO: [ app_init ] --START--
INFO: Run Behavior\BuildLiteBehavior [ RunTime:0.000043s ]
INFO: [ app_init ] --END-- [ RunTime:0.000855s ]

[ 2017-08-24T19:47:09+08:00 ] ::1 /lplive/index.php/Admin/Goods/goodsImgUpload.html
INFO: [ app_init ] --START--
INFO: Run Behavior\BuildLiteBehavior [ RunTime:0.000022s ]
INFO: [ app_init ] --END-- [ RunTime:0.000454s ]
INFO: [ app_begin ] --START--
INFO: Run Behavior\ReadHtmlCacheBehavior [ RunTime:0.000598s ]
INFO: [ app_begin ] --END-- [ RunTime:0.000689s ]
NOTIC: [2] call_user_func() expects parameter 1 to be a valid callback, no array or string given H:\wamp64\www\lplive\ThinkPHP\Library\Think\Upload.class.php 第 170 行.
NOTIC: [2] call_user_func() expects parameter 1 to be a valid callback, no array or string given H:\wamp64\www\lplive\ThinkPHP\Library\Think\Upload.class.php 第 170 行.

[ 2017-08-24T19:47:15+08:00 ] ::1 /lplive/index.php/Admin/Goods/goodsImgUpload.html
INFO: [ app_init ] --START--
INFO: Run Behavior\BuildLiteBehavior [ RunTime:0.000021s ]
INFO: [ app_init ] --END-- [ RunTime:0.000453s ]
INFO: [ app_begin ] --START--
INFO: Run Behavior\ReadHtmlCacheBehavior [ RunTime:0.000708s ]
INFO: [ app_begin ] --END-- [ RunTime:0.000792s ]
NOTIC: [2] call_user_func() expects parameter 1 to be a valid callback, no array or string given H:\wamp64\www\lplive\ThinkPHP\Library\Think\Upload.class.php 第 170 行.
NOTIC: [2] call_user_func() expects parameter 1 to be a valid callback, no array or string given H:\wamp64\www\lplive\ThinkPHP\Library\Think\Upload.class.php 第 170 行.
NOTIC: [2] call_user_func() expects parameter 1 to be a valid callback, no array or string given H:\wamp64\www\lplive\ThinkPHP\Library\Think\Upload.class.php 第 170 行.

[ 2017-08-24T19:47:18+08:00 ] ::1 /lplive/index.php/Admin/Goods/addGoods.html
INFO: [ app_init ] --START--
INFO: Run Behavior\BuildLiteBehavior [ RunTime:0.000023s ]
INFO: [ app_init ] --END-- [ RunTime:0.000477s ]
INFO: [ app_begin ] --START--
INFO: Run Behavior\ReadHtmlCacheBehavior [ RunTime:0.000829s ]
INFO: [ app_begin ] --END-- [ RunTime:0.000923s ]
SQL: SHOW COLUMNS FROM `think_lp_goods` [ RunTime:0.0006s ]
NOTIC: [8] Undefined index: validate H:\wamp64\www\lplive\ThinkPHP\Library\Think\Model.class.php 第 1185 行.
SQL: SELECT * FROM `think_lp_goods` WHERE `goods_name` = '无锡水蜜桃' LIMIT 1   [ RunTime:0.0002s ]
NOTIC: [8] Undefined index: auto H:\wamp64\www\lplive\ThinkPHP\Library\Think\Model.class.php 第 1128 行.
SQL: INSERT INTO `think_lp_goods` (`goods_name`,`current_price`,`goods_class`,`cost_price`,`goods_standard`,`goods_img`,`goods_synopsis`,`id`,`date_save`) VALUES ('无锡水蜜桃','118','应季热销,热门推荐','158','单只半斤*8/箱子=118,单只0.6斤*8/箱子=138,','http://localhost/lplive/Uploads/599ebcbd223da.jpg,http://localhost/lplive/Uploads/599ebcbd22a97.jpg','http://localhost/lplive/Uploads/599ebcc393d20.jpg,http://localhost/lplive/Uploads/599ebcc3943be.jpg,http://localhost/lplive/Uploads/599ebcc3949bf.jpg','1503575238','2017-08-24 19:47:18') [ RunTime:0.0011s ]

[ 2017-08-24T19:47:18+08:00 ] ::1 /lplive/index.php/Admin/Admin/grounding
INFO: [ app_init ] --START--
INFO: Run Behavior\BuildLiteBehavior [ RunTime:0.000021s ]
INFO: [ app_init ] --END-- [ RunTime:0.000440s ]

